<?xml version="1.0" encoding="UTF-8"?>
<coverage generated="1775431745638" clover="3.2.0">
  <project timestamp="1775431745638" name="All files">
    <metrics statements="1122" coveredstatements="1032" conditionals="1127" coveredconditionals="800" methods="257" coveredmethods="207" elements="2506" coveredelements="2039" complexity="0" loc="1122" ncloc="1122" packages="12" files="33" classes="33"/>
    <package name="senior-ease-mobile">
      <metrics statements="2" coveredstatements="2" conditionals="0" coveredconditionals="0" methods="1" coveredmethods="1"/>
      <file name="App.tsx" path="E:\_projects\FIAP\Tech Challenge\Fase_05\senior-ease-mobile\App.tsx">
        <metrics statements="2" coveredstatements="2" conditionals="0" coveredconditionals="0" methods="1" coveredmethods="1"/>
        <line num="6" count="14" type="stmt"/>
        <line num="13" count="1" type="stmt"/>
      </file>
    </package>
    <package name="senior-ease-mobile.assets">
      <metrics statements="1" coveredstatements="1" conditionals="0" coveredconditionals="0" methods="0" coveredmethods="0"/>
      <file name="welcome_image.png" path="E:\_projects\FIAP\Tech Challenge\Fase_05\senior-ease-mobile\assets\welcome_image.png">
        <metrics statements="1" coveredstatements="1" conditionals="0" coveredconditionals="0" methods="0" coveredmethods="0"/>
        <line num="1" count="1" type="stmt"/>
      </file>
    </package>
    <package name="senior-ease-mobile.src.app">
      <metrics statements="112" coveredstatements="106" conditionals="62" coveredconditionals="40" methods="41" coveredmethods="38"/>
      <file name="AppRoot.tsx" path="E:\_projects\FIAP\Tech Challenge\Fase_05\senior-ease-mobile\src\app\AppRoot.tsx">
        <metrics statements="112" coveredstatements="106" conditionals="62" coveredconditionals="40" methods="41" coveredmethods="38"/>
        <line num="46" count="94" type="stmt"/>
        <line num="47" count="14" type="stmt"/>
        <line num="48" count="14" type="stmt"/>
        <line num="67" count="94" type="stmt"/>
        <line num="69" count="94" type="stmt"/>
        <line num="70" count="14" type="stmt"/>
        <line num="71" count="14" type="stmt"/>
        <line num="72" count="14" type="cond" truecount="1" falsecount="1"/>
        <line num="73" count="14" type="stmt"/>
        <line num="76" count="14" type="stmt"/>
        <line num="77" count="14" type="stmt"/>
        <line num="81" count="94" type="cond" truecount="2" falsecount="0"/>
        <line num="82" count="14" type="stmt"/>
        <line num="92" count="80" type="stmt"/>
        <line num="93" count="5" type="stmt"/>
        <line num="99" count="5" type="stmt"/>
        <line num="100" count="5" type="cond" truecount="1" falsecount="1"/>
        <line num="112" count="80" type="stmt"/>
        <line num="113" count="7" type="stmt"/>
        <line num="120" count="7" type="stmt"/>
        <line num="121" count="7" type="cond" truecount="1" falsecount="1"/>
        <line num="134" count="80" type="stmt"/>
        <line num="135" count="1" type="stmt"/>
        <line num="136" count="1" type="stmt"/>
        <line num="137" count="1" type="cond" truecount="1" falsecount="1"/>
        <line num="147" count="80" type="stmt"/>
        <line num="148" count="6" type="stmt"/>
        <line num="152" count="6" type="stmt"/>
        <line num="153" count="6" type="cond" truecount="1" falsecount="1"/>
        <line num="163" count="80" type="stmt"/>
        <line num="164" count="0" type="stmt"/>
        <line num="165" count="0" type="stmt"/>
        <line num="166" count="0" type="cond" truecount="0" falsecount="2"/>
        <line num="175" count="80" type="stmt"/>
        <line num="176" count="6" type="cond" truecount="1" falsecount="1"/>
        <line num="177" count="6" type="cond" truecount="1" falsecount="1"/>
        <line num="178" count="0" type="stmt"/>
        <line num="182" count="0" type="stmt"/>
        <line num="184" count="6" type="stmt"/>
        <line num="186" count="6" type="cond" truecount="2" falsecount="0"/>
        <line num="187" count="6" type="stmt"/>
        <line num="196" count="6" type="stmt"/>
        <line num="197" count="6" type="cond" truecount="1" falsecount="1"/>
        <line num="210" count="6" type="stmt"/>
        <line num="213" count="80" type="stmt"/>
        <line num="214" count="1" type="stmt"/>
        <line num="221" count="1" type="stmt"/>
        <line num="222" count="1" type="cond" truecount="1" falsecount="1"/>
        <line num="235" count="80" type="stmt"/>
        <line num="236" count="4" type="stmt"/>
        <line num="242" count="4" type="stmt"/>
        <line num="243" count="4" type="cond" truecount="1" falsecount="1"/>
        <line num="255" count="80" type="stmt"/>
        <line num="256" count="1" type="stmt"/>
        <line num="262" count="1" type="stmt"/>
        <line num="263" count="1" type="cond" truecount="1" falsecount="1"/>
        <line num="275" count="80" type="stmt"/>
        <line num="276" count="3" type="stmt"/>
        <line num="282" count="3" type="stmt"/>
        <line num="283" count="3" type="cond" truecount="1" falsecount="1"/>
        <line num="295" count="80" type="stmt"/>
        <line num="296" count="1" type="stmt"/>
        <line num="297" count="1" type="stmt"/>
        <line num="298" count="1" type="cond" truecount="1" falsecount="1"/>
        <line num="307" count="80" type="stmt"/>
        <line num="309" count="2" type="cond" truecount="1" falsecount="1"/>
        <line num="310" count="2" type="stmt"/>
        <line num="320" count="2" type="stmt"/>
        <line num="321" count="2" type="cond" truecount="1" falsecount="1"/>
        <line num="337" count="80" type="stmt"/>
        <line num="338" count="13" type="stmt"/>
        <line num="339" count="13" type="stmt"/>
        <line num="340" count="13" type="cond" truecount="1" falsecount="1"/>
        <line num="350" count="80" type="stmt"/>
        <line num="351" count="12" type="stmt"/>
        <line num="352" count="12" type="stmt"/>
        <line num="353" count="12" type="stmt"/>
        <line num="354" count="12" type="cond" truecount="1" falsecount="1"/>
        <line num="364" count="80" type="stmt"/>
        <line num="365" count="1" type="stmt"/>
        <line num="366" count="1" type="stmt"/>
        <line num="367" count="1" type="cond" truecount="1" falsecount="1"/>
        <line num="377" count="80" type="stmt"/>
        <line num="378" count="1" type="stmt"/>
        <line num="379" count="1" type="stmt"/>
        <line num="387" count="1" type="stmt"/>
        <line num="388" count="1" type="cond" truecount="1" falsecount="1"/>
        <line num="404" count="80" type="stmt"/>
        <line num="405" count="2" type="stmt"/>
        <line num="406" count="2" type="stmt"/>
        <line num="407" count="2" type="cond" truecount="1" falsecount="1"/>
        <line num="422" count="80" type="stmt"/>
        <line num="423" count="80" type="cond" truecount="2" falsecount="0"/>
        <line num="424" count="15" type="stmt"/>
        <line num="431" count="65" type="cond" truecount="2" falsecount="0"/>
        <line num="432" count="14" type="stmt"/>
        <line num="441" count="51" type="cond" truecount="2" falsecount="0"/>
        <line num="442" count="43" type="cond" truecount="2" falsecount="0"/>
        <line num="443" count="6" type="stmt"/>
        <line num="451" count="37" type="cond" truecount="2" falsecount="0"/>
        <line num="452" count="5" type="stmt"/>
        <line num="460" count="32" type="cond" truecount="2" falsecount="0"/>
        <line num="461" count="3" type="stmt"/>
        <line num="468" count="29" type="cond" truecount="2" falsecount="0"/>
        <line num="469" count="7" type="stmt"/>
        <line num="477" count="22" type="cond" truecount="2" falsecount="0"/>
        <line num="478" count="6" type="stmt"/>
        <line num="486" count="16" type="stmt"/>
        <line num="492" count="0" type="stmt"/>
        <line num="500" count="8" type="stmt"/>
        <line num="508" count="80" type="stmt"/>
        <line num="521" count="1" type="stmt"/>
      </file>
    </package>
    <package name="senior-ease-mobile.src.data.settings">
      <metrics statements="27" coveredstatements="25" conditionals="33" coveredconditionals="23" methods="5" coveredmethods="5"/>
      <file name="AsyncStorageSettingsRepository.ts" path="E:\_projects\FIAP\Tech Challenge\Fase_05\senior-ease-mobile\src\data\settings\AsyncStorageSettingsRepository.ts">
        <metrics statements="26" coveredstatements="24" conditionals="33" coveredconditionals="23" methods="5" coveredmethods="5"/>
        <line num="33" count="54" type="cond" truecount="5" falsecount="0"/>
        <line num="34" count="42" type="stmt"/>
        <line num="38" count="54" type="cond" truecount="4" falsecount="0"/>
        <line num="39" count="41" type="stmt"/>
        <line num="43" count="81" type="cond" truecount="2" falsecount="0"/>
        <line num="44" count="27" type="stmt"/>
        <line num="46" count="54" type="stmt"/>
        <line num="47" count="54" type="stmt"/>
        <line num="48" count="54" type="stmt"/>
        <line num="49" count="54" type="stmt"/>
        <line num="50" count="54" type="cond" truecount="3" falsecount="1"/>
        <line num="51" count="0" type="stmt"/>
        <line num="54" count="54" type="cond" truecount="1" falsecount="1"/>
        <line num="58" count="54" type="cond" truecount="1" falsecount="1"/>
        <line num="62" count="54" type="cond" truecount="1" falsecount="1"/>
        <line num="66" count="54" type="cond" truecount="1" falsecount="1"/>
        <line num="70" count="54" type="cond" truecount="1" falsecount="1"/>
        <line num="74" count="54" type="cond" truecount="1" falsecount="1"/>
        <line num="78" count="54" type="cond" truecount="1" falsecount="1"/>
        <line num="81" count="54" type="stmt"/>
        <line num="99" count="0" type="stmt"/>
        <line num="105" count="81" type="stmt"/>
        <line num="106" count="81" type="stmt"/>
        <line num="110" count="67" type="stmt"/>
        <line num="111" count="67" type="stmt"/>
        <line num="112" count="67" type="stmt"/>
      </file>
      <file name="storageKeys.ts" path="E:\_projects\FIAP\Tech Challenge\Fase_05\senior-ease-mobile\src\data\settings\storageKeys.ts">
        <metrics statements="1" coveredstatements="1" conditionals="0" coveredconditionals="0" methods="0" coveredmethods="0"/>
        <line num="1" count="1" type="stmt"/>
      </file>
    </package>
    <package name="senior-ease-mobile.src.domain.constants">
      <metrics statements="8" coveredstatements="7" conditionals="2" coveredconditionals="2" methods="2" coveredmethods="1"/>
      <file name="demoLoginCredentials.ts" path="E:\_projects\FIAP\Tech Challenge\Fase_05\senior-ease-mobile\src\domain\constants\demoLoginCredentials.ts">
        <metrics statements="8" coveredstatements="7" conditionals="2" coveredconditionals="2" methods="2" coveredmethods="1"/>
        <line num="6" count="1" type="stmt"/>
        <line num="7" count="1" type="stmt"/>
        <line num="10" count="1" type="stmt"/>
        <line num="13" count="1" type="stmt"/>
        <line num="16" count="6" type="stmt"/>
        <line num="17" count="6" type="stmt"/>
        <line num="18" count="6" type="stmt"/>
        <line num="25" count="0" type="stmt"/>
      </file>
    </package>
    <package name="senior-ease-mobile.src.domain.entities">
      <metrics statements="7" coveredstatements="7" conditionals="0" coveredconditionals="0" methods="1" coveredmethods="1"/>
      <file name="AppSettings.ts" path="E:\_projects\FIAP\Tech Challenge\Fase_05\senior-ease-mobile\src\domain\entities\AppSettings.ts">
        <metrics statements="1" coveredstatements="1" conditionals="0" coveredconditionals="0" methods="0" coveredmethods="0"/>
        <line num="36" count="1" type="stmt"/>
      </file>
      <file name="fontScale.ts" path="E:\_projects\FIAP\Tech Challenge\Fase_05\senior-ease-mobile\src\domain\entities\fontScale.ts">
        <metrics statements="6" coveredstatements="6" conditionals="0" coveredconditionals="0" methods="1" coveredmethods="1"/>
        <line num="1" count="1" type="stmt"/>
        <line num="2" count="1" type="stmt"/>
        <line num="3" count="1" type="stmt"/>
        <line num="4" count="1" type="stmt"/>
        <line num="7" count="104" type="stmt"/>
        <line num="8" count="104" type="stmt"/>
      </file>
    </package>
    <package name="senior-ease-mobile.src.domain.usecases">
      <metrics statements="7" coveredstatements="7" conditionals="0" coveredconditionals="0" methods="14" coveredmethods="14"/>
      <file name="CompleteFontSizeOnboardingUseCase.ts" path="E:\_projects\FIAP\Tech Challenge\Fase_05\senior-ease-mobile\src\domain\usecases\CompleteFontSizeOnboardingUseCase.ts">
        <metrics statements="1" coveredstatements="1" conditionals="0" coveredconditionals="0" methods="2" coveredmethods="2"/>
        <line num="8" count="12" type="stmt"/>
      </file>
      <file name="GetBootstrapStateUseCase.ts" path="E:\_projects\FIAP\Tech Challenge\Fase_05\senior-ease-mobile\src\domain\usecases\GetBootstrapStateUseCase.ts">
        <metrics statements="1" coveredstatements="1" conditionals="0" coveredconditionals="0" methods="2" coveredmethods="2"/>
        <line num="8" count="14" type="stmt"/>
      </file>
      <file name="PersistSettingsUseCase.ts" path="E:\_projects\FIAP\Tech Challenge\Fase_05\senior-ease-mobile\src\domain\usecases\PersistSettingsUseCase.ts">
        <metrics statements="1" coveredstatements="1" conditionals="0" coveredconditionals="0" methods="2" coveredmethods="2"/>
        <line num="10" count="38" type="stmt"/>
      </file>
      <file name="RevertToFontSizeOnboardingUseCase.ts" path="E:\_projects\FIAP\Tech Challenge\Fase_05\senior-ease-mobile\src\domain\usecases\RevertToFontSizeOnboardingUseCase.ts">
        <metrics statements="1" coveredstatements="1" conditionals="0" coveredconditionals="0" methods="2" coveredmethods="2"/>
        <line num="8" count="1" type="stmt"/>
      </file>
      <file name="RevertToVisualComfortOnboardingUseCase.ts" path="E:\_projects\FIAP\Tech Challenge\Fase_05\senior-ease-mobile\src\domain\usecases\RevertToVisualComfortOnboardingUseCase.ts">
        <metrics statements="1" coveredstatements="1" conditionals="0" coveredconditionals="0" methods="2" coveredmethods="2"/>
        <line num="8" count="1" type="stmt"/>
      </file>
      <file name="RevertToWelcomeScreenUseCase.ts" path="E:\_projects\FIAP\Tech Challenge\Fase_05\senior-ease-mobile\src\domain\usecases\RevertToWelcomeScreenUseCase.ts">
        <metrics statements="1" coveredstatements="1" conditionals="0" coveredconditionals="0" methods="2" coveredmethods="2"/>
        <line num="8" count="2" type="stmt"/>
      </file>
      <file name="SubmitVisualComfortOnboardingUseCase.ts" path="E:\_projects\FIAP\Tech Challenge\Fase_05\senior-ease-mobile\src\domain\usecases\SubmitVisualComfortOnboardingUseCase.ts">
        <metrics statements="1" coveredstatements="1" conditionals="0" coveredconditionals="0" methods="2" coveredmethods="2"/>
        <line num="8" count="13" type="stmt"/>
      </file>
    </package>
    <package name="senior-ease-mobile.src.presentation.components">
      <metrics statements="10" coveredstatements="10" conditionals="9" coveredconditionals="9" methods="1" coveredmethods="1"/>
      <file name="SignUpFlowProgress.tsx" path="E:\_projects\FIAP\Tech Challenge\Fase_05\senior-ease-mobile\src\presentation\components\SignUpFlowProgress.tsx">
        <metrics statements="10" coveredstatements="10" conditionals="9" coveredconditionals="9" methods="1" coveredmethods="1"/>
        <line num="20" count="75" type="cond" truecount="2" falsecount="0"/>
        <line num="21" count="38" type="cond" truecount="2" falsecount="0"/>
        <line num="22" count="20" type="stmt"/>
        <line num="33" count="18" type="stmt"/>
        <line num="45" count="37" type="cond" truecount="2" falsecount="0"/>
        <line num="46" count="15" type="stmt"/>
        <line num="61" count="22" type="cond" truecount="2" falsecount="0"/>
        <line num="62" count="12" type="stmt"/>
        <line num="77" count="10" type="stmt"/>
        <line num="92" count="1" type="stmt"/>
      </file>
    </package>
    <package name="senior-ease-mobile.src.presentation.layout">
      <metrics statements="3" coveredstatements="3" conditionals="4" coveredconditionals="1" methods="1" coveredmethods="1"/>
      <file name="screenHeaderPaddingTop.ts" path="E:\_projects\FIAP\Tech Challenge\Fase_05\senior-ease-mobile\src\presentation\layout\screenHeaderPaddingTop.ts">
        <metrics statements="3" coveredstatements="3" conditionals="4" coveredconditionals="1" methods="1" coveredmethods="1"/>
        <line num="4" count="1" type="stmt"/>
        <line num="12" count="199" type="cond" truecount="1" falsecount="3"/>
        <line num="13" count="199" type="stmt"/>
      </file>
    </package>
    <package name="senior-ease-mobile.src.presentation.screens">
      <metrics statements="886" coveredstatements="817" conditionals="991" coveredconditionals="717" methods="179" coveredmethods="134"/>
      <file name="AddTaskScreen.tsx" path="E:\_projects\FIAP\Tech Challenge\Fase_05\senior-ease-mobile\src\presentation\screens\AddTaskScreen.tsx">
        <metrics statements="141" coveredstatements="125" conditionals="180" coveredconditionals="133" methods="27" coveredmethods="22"/>
        <line num="36" count="1" type="stmt"/>
        <line num="37" count="1" type="stmt"/>
        <line num="39" count="1" type="stmt"/>
        <line num="40" count="1" type="stmt"/>
        <line num="41" count="1" type="stmt"/>
        <line num="42" count="1" type="stmt"/>
        <line num="45" count="1" type="stmt"/>
        <line num="46" count="1" type="stmt"/>
        <line num="47" count="1" type="stmt"/>
        <line num="59" count="1" type="stmt"/>
        <line num="60" count="1" type="cond" truecount="1" falsecount="1"/>
        <line num="61" count="1" type="cond" truecount="1" falsecount="1"/>
        <line num="62" count="0" type="stmt"/>
        <line num="63" count="0" type="cond" truecount="0" falsecount="2"/>
        <line num="73" count="1" type="cond" truecount="1" falsecount="1"/>
        <line num="74" count="1" type="cond" truecount="1" falsecount="1"/>
        <line num="75" count="0" type="cond" truecount="0" falsecount="2"/>
        <line num="76" count="1" type="stmt"/>
        <line num="77" count="1" type="stmt"/>
        <line num="78" count="1" type="cond" truecount="1" falsecount="1"/>
        <line num="79" count="1" type="cond" truecount="3" falsecount="1"/>
        <line num="82" count="1" type="stmt"/>
        <line num="84" count="1" type="stmt"/>
        <line num="85" count="1" type="cond" truecount="1" falsecount="1"/>
        <line num="86" count="0" type="stmt"/>
        <line num="88" count="1" type="stmt"/>
        <line num="96" count="21" type="stmt"/>
        <line num="97" count="21" type="stmt"/>
        <line num="98" count="21" type="stmt"/>
        <line num="99" count="21" type="stmt"/>
        <line num="103" count="21" type="cond" truecount="1" falsecount="1"/>
        <line num="104" count="21" type="cond" truecount="1" falsecount="1"/>
        <line num="106" count="21" type="stmt"/>
        <line num="107" count="21" type="stmt"/>
        <line num="108" count="21" type="stmt"/>
        <line num="109" count="21" type="stmt"/>
        <line num="110" count="21" type="stmt"/>
        <line num="111" count="21" type="stmt"/>
        <line num="112" count="21" type="stmt"/>
        <line num="113" count="21" type="stmt"/>
        <line num="114" count="21" type="stmt"/>
        <line num="116" count="21" type="stmt"/>
        <line num="117" count="21" type="cond" truecount="2" falsecount="0"/>
        <line num="118" count="21" type="cond" truecount="2" falsecount="0"/>
        <line num="119" count="21" type="cond" truecount="2" falsecount="0"/>
        <line num="120" count="21" type="cond" truecount="2" falsecount="0"/>
        <line num="121" count="21" type="cond" truecount="2" falsecount="0"/>
        <line num="122" count="21" type="cond" truecount="2" falsecount="0"/>
        <line num="123" count="21" type="cond" truecount="2" falsecount="0"/>
        <line num="124" count="21" type="cond" truecount="2" falsecount="0"/>
        <line num="125" count="21" type="cond" truecount="2" falsecount="0"/>
        <line num="126" count="21" type="cond" truecount="2" falsecount="0"/>
        <line num="127" count="21" type="cond" truecount="2" falsecount="0"/>
        <line num="128" count="21" type="cond" truecount="2" falsecount="0"/>
        <line num="129" count="21" type="cond" truecount="2" falsecount="0"/>
        <line num="130" count="21" type="cond" truecount="2" falsecount="0"/>
        <line num="131" count="21" type="cond" truecount="2" falsecount="0"/>
        <line num="133" count="21" type="stmt"/>
        <line num="134" count="21" type="stmt"/>
        <line num="135" count="21" type="stmt"/>
        <line num="136" count="21" type="stmt"/>
        <line num="137" count="21" type="stmt"/>
        <line num="138" count="21" type="stmt"/>
        <line num="139" count="21" type="stmt"/>
        <line num="140" count="21" type="stmt"/>
        <line num="141" count="21" type="stmt"/>
        <line num="142" count="21" type="stmt"/>
        <line num="143" count="21" type="stmt"/>
        <line num="145" count="21" type="cond" truecount="2" falsecount="0"/>
        <line num="148" count="21" type="cond" truecount="2" falsecount="0"/>
        <line num="149" count="21" type="cond" truecount="2" falsecount="0"/>
        <line num="152" count="21" type="stmt"/>
        <line num="153" count="21" type="stmt"/>
        <line num="154" count="21" type="stmt"/>
        <line num="156" count="21" type="stmt"/>
        <line num="157" count="10" type="cond" truecount="2" falsecount="0"/>
        <line num="158" count="1" type="stmt"/>
        <line num="159" count="1" type="stmt"/>
        <line num="160" count="1" type="stmt"/>
        <line num="161" count="1" type="stmt"/>
        <line num="162" count="1" type="stmt"/>
        <line num="163" count="1" type="stmt"/>
        <line num="164" count="1" type="stmt"/>
        <line num="165" count="1" type="stmt"/>
        <line num="166" count="1" type="stmt"/>
        <line num="170" count="21" type="stmt"/>
        <line num="171" count="11" type="cond" truecount="2" falsecount="0"/>
        <line num="173" count="2" type="cond" truecount="2" falsecount="0"/>
        <line num="174" count="2" type="stmt"/>
        <line num="178" count="21" type="stmt"/>
        <line num="179" count="1" type="stmt"/>
        <line num="182" count="21" type="stmt"/>
        <line num="183" count="0" type="stmt"/>
        <line num="189" count="21" type="stmt"/>
        <line num="190" count="0" type="stmt"/>
        <line num="197" count="21" type="stmt"/>
        <line num="198" count="1" type="stmt"/>
        <line num="199" count="1" type="cond" truecount="1" falsecount="1"/>
        <line num="200" count="0" type="stmt"/>
        <line num="204" count="0" type="stmt"/>
        <line num="206" count="1" type="stmt"/>
        <line num="209" count="21" type="stmt"/>
        <line num="210" count="0" type="stmt"/>
        <line num="213" count="21" type="stmt"/>
        <line num="214" count="1" type="stmt"/>
        <line num="215" count="1" type="cond" truecount="1" falsecount="1"/>
        <line num="216" count="0" type="stmt"/>
        <line num="217" count="0" type="stmt"/>
        <line num="219" count="1" type="stmt"/>
        <line num="220" count="1" type="stmt"/>
        <line num="221" count="1" type="stmt"/>
        <line num="222" count="1" type="stmt"/>
        <line num="225" count="21" type="stmt"/>
        <line num="226" count="0" type="stmt"/>
        <line num="227" count="0" type="stmt"/>
        <line num="228" count="0" type="stmt"/>
        <line num="231" count="21" type="stmt"/>
        <line num="232" count="1" type="stmt"/>
        <line num="233" count="1" type="stmt"/>
        <line num="234" count="1" type="stmt"/>
        <line num="237" count="21" type="stmt"/>
        <line num="238" count="0" type="stmt"/>
        <line num="239" count="0" type="stmt"/>
        <line num="242" count="21" type="stmt"/>
        <line num="243" count="1" type="stmt"/>
        <line num="246" count="21" type="stmt"/>
        <line num="249" count="21" type="cond" truecount="2" falsecount="0"/>
        <line num="251" count="21" type="stmt"/>
        <line num="279" count="1" type="stmt"/>
        <line num="342" count="1" type="stmt"/>
        <line num="383" count="2" type="stmt"/>
        <line num="405" count="4" type="stmt"/>
        <line num="440" count="6" type="stmt"/>
        <line num="566" count="2" type="stmt"/>
        <line num="597" count="4" type="stmt"/>
        <line num="648" count="4" type="stmt"/>
        <line num="725" count="4" type="stmt"/>
        <line num="767" count="4" type="stmt"/>
        <line num="893" count="2" type="stmt"/>
        <line num="919" count="4" type="stmt"/>
        <line num="950" count="1" type="stmt"/>
      </file>
      <file name="AgendaScreen.tsx" path="E:\_projects\FIAP\Tech Challenge\Fase_05\senior-ease-mobile\src\presentation\screens\AgendaScreen.tsx">
        <metrics statements="47" coveredstatements="45" conditionals="60" coveredconditionals="36" methods="13" coveredmethods="11"/>
        <line num="33" count="1" type="stmt"/>
        <line num="34" count="1" type="stmt"/>
        <line num="36" count="1" type="stmt"/>
        <line num="37" count="1" type="stmt"/>
        <line num="38" count="1" type="stmt"/>
        <line num="39" count="1" type="stmt"/>
        <line num="54" count="1" type="stmt"/>
        <line num="55" count="1" type="stmt"/>
        <line num="56" count="1" type="stmt"/>
        <line num="57" count="1" type="stmt"/>
        <line num="61" count="1" type="cond" truecount="1" falsecount="1"/>
        <line num="62" count="1" type="cond" truecount="1" falsecount="1"/>
        <line num="64" count="1" type="stmt"/>
        <line num="65" count="1" type="stmt"/>
        <line num="68" count="1" type="stmt"/>
        <line num="70" count="1" type="cond" truecount="1" falsecount="1"/>
        <line num="71" count="1" type="cond" truecount="1" falsecount="1"/>
        <line num="72" count="1" type="cond" truecount="1" falsecount="1"/>
        <line num="73" count="1" type="cond" truecount="1" falsecount="1"/>
        <line num="74" count="1" type="cond" truecount="1" falsecount="1"/>
        <line num="75" count="1" type="cond" truecount="1" falsecount="1"/>
        <line num="76" count="1" type="cond" truecount="1" falsecount="1"/>
        <line num="77" count="1" type="cond" truecount="1" falsecount="1"/>
        <line num="79" count="1" type="stmt"/>
        <line num="80" count="1" type="stmt"/>
        <line num="81" count="1" type="stmt"/>
        <line num="82" count="1" type="stmt"/>
        <line num="83" count="1" type="stmt"/>
        <line num="84" count="1" type="stmt"/>
        <line num="85" count="1" type="stmt"/>
        <line num="87" count="1" type="stmt"/>
        <line num="88" count="1" type="stmt"/>
        <line num="89" count="1" type="cond" truecount="1" falsecount="1"/>
        <line num="92" count="1" type="stmt"/>
        <line num="93" count="1" type="stmt"/>
        <line num="97" count="1" type="stmt"/>
        <line num="99" count="1" type="stmt"/>
        <line num="100" count="4" type="stmt"/>
        <line num="104" count="1" type="stmt"/>
        <line num="152" count="1" type="stmt"/>
        <line num="209" count="21" type="stmt"/>
        <line num="210" count="21" type="stmt"/>
        <line num="214" count="0" type="stmt"/>
        <line num="263" count="3" type="stmt"/>
        <line num="266" count="0" type="stmt"/>
        <line num="267" count="3" type="stmt"/>
        <line num="334" count="1" type="stmt"/>
      </file>
      <file name="CreateAccountEmailScreen.tsx" path="E:\_projects\FIAP\Tech Challenge\Fase_05\senior-ease-mobile\src\presentation\screens\CreateAccountEmailScreen.tsx">
        <metrics statements="81" coveredstatements="79" conditionals="84" coveredconditionals="53" methods="12" coveredmethods="10"/>
        <line num="35" count="1" type="stmt"/>
        <line num="36" count="1" type="stmt"/>
        <line num="38" count="1" type="stmt"/>
        <line num="39" count="1" type="stmt"/>
        <line num="40" count="1" type="stmt"/>
        <line num="41" count="1" type="stmt"/>
        <line num="42" count="1" type="stmt"/>
        <line num="43" count="1" type="stmt"/>
        <line num="44" count="1" type="stmt"/>
        <line num="46" count="1" type="stmt"/>
        <line num="47" count="1" type="stmt"/>
        <line num="48" count="1" type="stmt"/>
        <line num="51" count="12" type="stmt"/>
        <line num="52" count="12" type="cond" truecount="2" falsecount="0"/>
        <line num="53" count="7" type="stmt"/>
        <line num="54" count="7" type="cond" truecount="3" falsecount="1"/>
        <line num="55" count="7" type="stmt"/>
        <line num="56" count="7" type="stmt"/>
        <line num="57" count="7" type="cond" truecount="2" falsecount="0"/>
        <line num="71" count="12" type="stmt"/>
        <line num="72" count="12" type="stmt"/>
        <line num="73" count="12" type="stmt"/>
        <line num="74" count="12" type="stmt"/>
        <line num="78" count="12" type="cond" truecount="1" falsecount="1"/>
        <line num="79" count="12" type="cond" truecount="1" falsecount="1"/>
        <line num="80" count="12" type="stmt"/>
        <line num="81" count="12" type="stmt"/>
        <line num="82" count="12" type="stmt"/>
        <line num="84" count="12" type="stmt"/>
        <line num="85" count="12" type="cond" truecount="1" falsecount="1"/>
        <line num="86" count="12" type="cond" truecount="1" falsecount="1"/>
        <line num="87" count="12" type="cond" truecount="1" falsecount="1"/>
        <line num="88" count="12" type="cond" truecount="1" falsecount="1"/>
        <line num="89" count="12" type="cond" truecount="1" falsecount="1"/>
        <line num="90" count="12" type="cond" truecount="1" falsecount="1"/>
        <line num="91" count="12" type="cond" truecount="1" falsecount="1"/>
        <line num="92" count="12" type="cond" truecount="1" falsecount="1"/>
        <line num="93" count="12" type="cond" truecount="1" falsecount="1"/>
        <line num="94" count="12" type="cond" truecount="1" falsecount="1"/>
        <line num="95" count="12" type="cond" truecount="1" falsecount="1"/>
        <line num="96" count="12" type="cond" truecount="1" falsecount="1"/>
        <line num="97" count="12" type="cond" truecount="1" falsecount="1"/>
        <line num="98" count="12" type="cond" truecount="1" falsecount="1"/>
        <line num="100" count="12" type="stmt"/>
        <line num="101" count="12" type="stmt"/>
        <line num="102" count="12" type="stmt"/>
        <line num="103" count="12" type="stmt"/>
        <line num="104" count="12" type="stmt"/>
        <line num="108" count="12" type="stmt"/>
        <line num="109" count="12" type="stmt"/>
        <line num="110" count="12" type="stmt"/>
        <line num="111" count="12" type="stmt"/>
        <line num="112" count="12" type="stmt"/>
        <line num="113" count="12" type="stmt"/>
        <line num="115" count="12" type="stmt"/>
        <line num="117" count="12" type="stmt"/>
        <line num="118" count="5" type="stmt"/>
        <line num="121" count="12" type="stmt"/>
        <line num="122" count="5" type="stmt"/>
        <line num="125" count="12" type="stmt"/>
        <line num="126" count="1" type="cond" truecount="3" falsecount="1"/>
        <line num="127" count="1" type="stmt"/>
        <line num="128" count="1" type="stmt"/>
        <line num="129" count="1" type="stmt"/>
        <line num="131" count="1" type="stmt"/>
        <line num="135" count="12" type="stmt"/>
        <line num="136" count="3" type="cond" truecount="3" falsecount="1"/>
        <line num="137" count="3" type="stmt"/>
        <line num="138" count="3" type="stmt"/>
        <line num="139" count="3" type="stmt"/>
        <line num="141" count="3" type="stmt"/>
        <line num="145" count="12" type="stmt"/>
        <line num="146" count="0" type="stmt"/>
        <line num="153" count="12" type="stmt"/>
        <line num="154" count="0" type="stmt"/>
        <line num="161" count="12" type="stmt"/>
        <line num="179" count="12" type="stmt"/>
        <line num="294" count="12" type="stmt"/>
        <line num="314" count="12" type="stmt"/>
        <line num="354" count="12" type="stmt"/>
        <line num="389" count="1" type="stmt"/>
      </file>
      <file name="CreateAccountNameScreen.tsx" path="E:\_projects\FIAP\Tech Challenge\Fase_05\senior-ease-mobile\src\presentation\screens\CreateAccountNameScreen.tsx">
        <metrics statements="69" coveredstatements="68" conditionals="72" coveredconditionals="44" methods="9" coveredmethods="8"/>
        <line num="35" count="1" type="stmt"/>
        <line num="36" count="1" type="stmt"/>
        <line num="38" count="1" type="stmt"/>
        <line num="39" count="1" type="stmt"/>
        <line num="40" count="1" type="stmt"/>
        <line num="41" count="1" type="stmt"/>
        <line num="42" count="1" type="stmt"/>
        <line num="43" count="1" type="stmt"/>
        <line num="44" count="1" type="stmt"/>
        <line num="46" count="1" type="stmt"/>
        <line num="47" count="1" type="stmt"/>
        <line num="48" count="1" type="stmt"/>
        <line num="61" count="15" type="stmt"/>
        <line num="62" count="15" type="stmt"/>
        <line num="63" count="15" type="stmt"/>
        <line num="64" count="15" type="stmt"/>
        <line num="68" count="15" type="cond" truecount="1" falsecount="1"/>
        <line num="69" count="15" type="cond" truecount="1" falsecount="1"/>
        <line num="70" count="15" type="stmt"/>
        <line num="71" count="15" type="stmt"/>
        <line num="72" count="15" type="stmt"/>
        <line num="74" count="15" type="stmt"/>
        <line num="75" count="15" type="cond" truecount="1" falsecount="1"/>
        <line num="76" count="15" type="cond" truecount="1" falsecount="1"/>
        <line num="77" count="15" type="cond" truecount="1" falsecount="1"/>
        <line num="78" count="15" type="cond" truecount="1" falsecount="1"/>
        <line num="79" count="15" type="cond" truecount="1" falsecount="1"/>
        <line num="80" count="15" type="cond" truecount="1" falsecount="1"/>
        <line num="81" count="15" type="cond" truecount="1" falsecount="1"/>
        <line num="82" count="15" type="cond" truecount="1" falsecount="1"/>
        <line num="83" count="15" type="cond" truecount="1" falsecount="1"/>
        <line num="84" count="15" type="cond" truecount="1" falsecount="1"/>
        <line num="85" count="15" type="cond" truecount="1" falsecount="1"/>
        <line num="86" count="15" type="cond" truecount="1" falsecount="1"/>
        <line num="87" count="15" type="cond" truecount="1" falsecount="1"/>
        <line num="89" count="15" type="stmt"/>
        <line num="90" count="15" type="stmt"/>
        <line num="91" count="15" type="stmt"/>
        <line num="92" count="15" type="stmt"/>
        <line num="93" count="15" type="stmt"/>
        <line num="97" count="15" type="stmt"/>
        <line num="98" count="15" type="stmt"/>
        <line num="99" count="15" type="stmt"/>
        <line num="100" count="15" type="stmt"/>
        <line num="101" count="15" type="stmt"/>
        <line num="103" count="15" type="stmt"/>
        <line num="105" count="15" type="stmt"/>
        <line num="106" count="6" type="stmt"/>
        <line num="109" count="15" type="stmt"/>
        <line num="110" count="6" type="stmt"/>
        <line num="113" count="15" type="stmt"/>
        <line num="114" count="1" type="cond" truecount="3" falsecount="1"/>
        <line num="115" count="1" type="stmt"/>
        <line num="116" count="1" type="stmt"/>
        <line num="117" count="1" type="stmt"/>
        <line num="119" count="1" type="stmt"/>
        <line num="123" count="15" type="stmt"/>
        <line num="124" count="4" type="cond" truecount="3" falsecount="1"/>
        <line num="125" count="4" type="stmt"/>
        <line num="126" count="4" type="stmt"/>
        <line num="127" count="4" type="stmt"/>
        <line num="129" count="4" type="stmt"/>
        <line num="133" count="15" type="stmt"/>
        <line num="134" count="0" type="stmt"/>
        <line num="141" count="15" type="stmt"/>
        <line num="159" count="15" type="stmt"/>
        <line num="267" count="15" type="stmt"/>
        <line num="307" count="15" type="stmt"/>
        <line num="342" count="1" type="stmt"/>
      </file>
      <file name="CreateAccountPasswordScreen.tsx" path="E:\_projects\FIAP\Tech Challenge\Fase_05\senior-ease-mobile\src\presentation\screens\CreateAccountPasswordScreen.tsx">
        <metrics statements="74" coveredstatements="72" conditionals="84" coveredconditionals="52" methods="12" coveredmethods="8"/>
        <line num="34" count="1" type="stmt"/>
        <line num="35" count="1" type="stmt"/>
        <line num="37" count="1" type="stmt"/>
        <line num="38" count="1" type="stmt"/>
        <line num="39" count="1" type="stmt"/>
        <line num="40" count="1" type="stmt"/>
        <line num="41" count="1" type="stmt"/>
        <line num="43" count="1" type="stmt"/>
        <line num="44" count="1" type="stmt"/>
        <line num="45" count="1" type="stmt"/>
        <line num="47" count="1" type="stmt"/>
        <line num="58" count="10" type="stmt"/>
        <line num="59" count="10" type="stmt"/>
        <line num="60" count="10" type="stmt"/>
        <line num="61" count="10" type="stmt"/>
        <line num="65" count="10" type="cond" truecount="1" falsecount="1"/>
        <line num="66" count="10" type="cond" truecount="1" falsecount="1"/>
        <line num="67" count="10" type="stmt"/>
        <line num="68" count="10" type="stmt"/>
        <line num="69" count="10" type="stmt"/>
        <line num="70" count="10" type="stmt"/>
        <line num="71" count="10" type="stmt"/>
        <line num="72" count="10" type="stmt"/>
        <line num="74" count="10" type="stmt"/>
        <line num="75" count="10" type="cond" truecount="1" falsecount="1"/>
        <line num="76" count="10" type="cond" truecount="1" falsecount="1"/>
        <line num="77" count="10" type="cond" truecount="1" falsecount="1"/>
        <line num="78" count="10" type="cond" truecount="1" falsecount="1"/>
        <line num="79" count="10" type="cond" truecount="1" falsecount="1"/>
        <line num="80" count="10" type="cond" truecount="1" falsecount="1"/>
        <line num="81" count="10" type="cond" truecount="1" falsecount="1"/>
        <line num="82" count="10" type="cond" truecount="1" falsecount="1"/>
        <line num="83" count="10" type="cond" truecount="1" falsecount="1"/>
        <line num="84" count="10" type="cond" truecount="1" falsecount="1"/>
        <line num="85" count="10" type="cond" truecount="1" falsecount="1"/>
        <line num="86" count="10" type="cond" truecount="1" falsecount="1"/>
        <line num="87" count="10" type="cond" truecount="1" falsecount="1"/>
        <line num="89" count="10" type="stmt"/>
        <line num="90" count="10" type="stmt"/>
        <line num="91" count="10" type="stmt"/>
        <line num="92" count="10" type="stmt"/>
        <line num="93" count="10" type="stmt"/>
        <line num="94" count="10" type="stmt"/>
        <line num="95" count="10" type="stmt"/>
        <line num="96" count="10" type="stmt"/>
        <line num="97" count="10" type="stmt"/>
        <line num="98" count="10" type="stmt"/>
        <line num="99" count="10" type="stmt"/>
        <line num="101" count="10" type="cond" truecount="2" falsecount="0"/>
        <line num="102" count="10" type="stmt"/>
        <line num="103" count="10" type="cond" truecount="2" falsecount="0"/>
        <line num="105" count="10" type="stmt"/>
        <line num="106" count="3" type="stmt"/>
        <line num="109" count="10" type="stmt"/>
        <line num="110" count="1" type="cond" truecount="3" falsecount="1"/>
        <line num="111" count="1" type="stmt"/>
        <line num="112" count="1" type="stmt"/>
        <line num="113" count="1" type="stmt"/>
        <line num="115" count="1" type="stmt"/>
        <line num="119" count="10" type="stmt"/>
        <line num="120" count="2" type="cond" truecount="3" falsecount="1"/>
        <line num="121" count="2" type="stmt"/>
        <line num="122" count="2" type="stmt"/>
        <line num="123" count="2" type="stmt"/>
        <line num="125" count="2" type="stmt"/>
        <line num="129" count="10" type="stmt"/>
        <line num="139" count="20" type="stmt"/>
        <line num="175" count="20" type="stmt"/>
        <line num="191" count="10" type="stmt"/>
        <line num="209" count="10" type="stmt"/>
        <line num="297" count="0" type="stmt"/>
        <line num="308" count="0" type="stmt"/>
        <line num="360" count="10" type="stmt"/>
        <line num="395" count="1" type="stmt"/>
      </file>
      <file name="FontSizeOnboardingScreen.tsx" path="E:\_projects\FIAP\Tech Challenge\Fase_05\senior-ease-mobile\src\presentation\screens\FontSizeOnboardingScreen.tsx">
        <metrics statements="59" coveredstatements="55" conditionals="49" coveredconditionals="37" methods="14" coveredmethods="10"/>
        <line num="37" count="1" type="stmt"/>
        <line num="38" count="1" type="stmt"/>
        <line num="41" count="1" type="stmt"/>
        <line num="43" count="1" type="stmt"/>
        <line num="44" count="1" type="stmt"/>
        <line num="45" count="1" type="stmt"/>
        <line num="46" count="1" type="stmt"/>
        <line num="47" count="1" type="stmt"/>
        <line num="48" count="1" type="stmt"/>
        <line num="63" count="27" type="stmt"/>
        <line num="64" count="27" type="stmt"/>
        <line num="68" count="27" type="stmt"/>
        <line num="69" count="14" type="stmt"/>
        <line num="72" count="27" type="stmt"/>
        <line num="73" count="14" type="stmt"/>
        <line num="75" count="27" type="stmt"/>
        <line num="76" count="27" type="stmt"/>
        <line num="78" count="27" type="stmt"/>
        <line num="79" count="27" type="cond" truecount="2" falsecount="0"/>
        <line num="80" count="27" type="cond" truecount="2" falsecount="0"/>
        <line num="81" count="27" type="cond" truecount="2" falsecount="0"/>
        <line num="82" count="27" type="cond" truecount="2" falsecount="0"/>
        <line num="84" count="27" type="cond" truecount="2" falsecount="0"/>
        <line num="86" count="27" type="stmt"/>
        <line num="87" count="14" type="stmt"/>
        <line num="90" count="27" type="stmt"/>
        <line num="91" count="27" type="stmt"/>
        <line num="92" count="27" type="stmt"/>
        <line num="93" count="27" type="stmt"/>
        <line num="94" count="27" type="stmt"/>
        <line num="95" count="27" type="stmt"/>
        <line num="96" count="27" type="stmt"/>
        <line num="97" count="27" type="stmt"/>
        <line num="99" count="27" type="stmt"/>
        <line num="100" count="27" type="stmt"/>
        <line num="102" count="27" type="stmt"/>
        <line num="103" count="12" type="cond" truecount="1" falsecount="1"/>
        <line num="104" count="12" type="stmt"/>
        <line num="105" count="12" type="stmt"/>
        <line num="106" count="12" type="stmt"/>
        <line num="108" count="12" type="stmt"/>
        <line num="112" count="27" type="stmt"/>
        <line num="113" count="1" type="cond" truecount="1" falsecount="1"/>
        <line num="114" count="1" type="stmt"/>
        <line num="115" count="1" type="stmt"/>
        <line num="116" count="1" type="stmt"/>
        <line num="118" count="1" type="stmt"/>
        <line num="122" count="27" type="stmt"/>
        <line num="123" count="0" type="stmt"/>
        <line num="126" count="27" type="cond" truecount="1" falsecount="1"/>
        <line num="127" count="0" type="stmt"/>
        <line num="135" count="27" type="stmt"/>
        <line num="156" count="27" type="stmt"/>
        <line num="224" count="0" type="stmt"/>
        <line num="226" count="27" type="stmt"/>
        <line num="266" count="0" type="stmt"/>
        <line num="268" count="27" type="stmt"/>
        <line num="326" count="27" type="stmt"/>
        <line num="360" count="1" type="stmt"/>
      </file>
      <file name="LoginEmailScreen.tsx" path="E:\_projects\FIAP\Tech Challenge\Fase_05\senior-ease-mobile\src\presentation\screens\LoginEmailScreen.tsx">
        <metrics statements="81" coveredstatements="79" conditionals="84" coveredconditionals="76" methods="12" coveredmethods="10"/>
        <line num="35" count="1" type="stmt"/>
        <line num="36" count="1" type="stmt"/>
        <line num="38" count="1" type="stmt"/>
        <line num="39" count="1" type="stmt"/>
        <line num="40" count="1" type="stmt"/>
        <line num="41" count="1" type="stmt"/>
        <line num="42" count="1" type="stmt"/>
        <line num="43" count="1" type="stmt"/>
        <line num="44" count="1" type="stmt"/>
        <line num="46" count="1" type="stmt"/>
        <line num="47" count="1" type="stmt"/>
        <line num="48" count="1" type="stmt"/>
        <line num="51" count="20" type="stmt"/>
        <line num="52" count="20" type="cond" truecount="2" falsecount="0"/>
        <line num="53" count="12" type="stmt"/>
        <line num="54" count="12" type="cond" truecount="3" falsecount="1"/>
        <line num="55" count="12" type="stmt"/>
        <line num="56" count="12" type="stmt"/>
        <line num="57" count="12" type="cond" truecount="2" falsecount="0"/>
        <line num="71" count="20" type="stmt"/>
        <line num="72" count="20" type="stmt"/>
        <line num="73" count="20" type="stmt"/>
        <line num="74" count="20" type="stmt"/>
        <line num="78" count="20" type="cond" truecount="1" falsecount="1"/>
        <line num="79" count="20" type="cond" truecount="1" falsecount="1"/>
        <line num="80" count="20" type="stmt"/>
        <line num="81" count="20" type="stmt"/>
        <line num="82" count="20" type="stmt"/>
        <line num="84" count="20" type="stmt"/>
        <line num="85" count="20" type="cond" truecount="2" falsecount="0"/>
        <line num="86" count="20" type="cond" truecount="2" falsecount="0"/>
        <line num="87" count="20" type="cond" truecount="2" falsecount="0"/>
        <line num="88" count="20" type="cond" truecount="2" falsecount="0"/>
        <line num="89" count="20" type="cond" truecount="2" falsecount="0"/>
        <line num="90" count="20" type="cond" truecount="2" falsecount="0"/>
        <line num="91" count="20" type="cond" truecount="2" falsecount="0"/>
        <line num="92" count="20" type="cond" truecount="2" falsecount="0"/>
        <line num="93" count="20" type="cond" truecount="2" falsecount="0"/>
        <line num="94" count="20" type="cond" truecount="2" falsecount="0"/>
        <line num="95" count="20" type="cond" truecount="2" falsecount="0"/>
        <line num="96" count="20" type="cond" truecount="2" falsecount="0"/>
        <line num="97" count="20" type="cond" truecount="2" falsecount="0"/>
        <line num="98" count="20" type="cond" truecount="2" falsecount="0"/>
        <line num="100" count="20" type="stmt"/>
        <line num="101" count="20" type="stmt"/>
        <line num="102" count="20" type="stmt"/>
        <line num="103" count="20" type="stmt"/>
        <line num="104" count="20" type="stmt"/>
        <line num="108" count="20" type="stmt"/>
        <line num="109" count="20" type="stmt"/>
        <line num="110" count="20" type="stmt"/>
        <line num="111" count="20" type="stmt"/>
        <line num="112" count="20" type="stmt"/>
        <line num="113" count="20" type="stmt"/>
        <line num="115" count="20" type="stmt"/>
        <line num="117" count="20" type="stmt"/>
        <line num="118" count="7" type="stmt"/>
        <line num="121" count="20" type="stmt"/>
        <line num="122" count="7" type="stmt"/>
        <line num="125" count="20" type="stmt"/>
        <line num="126" count="1" type="cond" truecount="3" falsecount="1"/>
        <line num="127" count="1" type="stmt"/>
        <line num="128" count="1" type="stmt"/>
        <line num="129" count="1" type="stmt"/>
        <line num="131" count="1" type="stmt"/>
        <line num="135" count="20" type="stmt"/>
        <line num="136" count="6" type="cond" truecount="3" falsecount="1"/>
        <line num="137" count="6" type="stmt"/>
        <line num="138" count="6" type="stmt"/>
        <line num="139" count="6" type="stmt"/>
        <line num="141" count="6" type="stmt"/>
        <line num="145" count="20" type="stmt"/>
        <line num="146" count="0" type="stmt"/>
        <line num="153" count="20" type="stmt"/>
        <line num="154" count="0" type="stmt"/>
        <line num="161" count="20" type="stmt"/>
        <line num="179" count="20" type="stmt"/>
        <line num="295" count="20" type="stmt"/>
        <line num="315" count="20" type="stmt"/>
        <line num="355" count="20" type="stmt"/>
        <line num="390" count="1" type="stmt"/>
      </file>
      <file name="LoginPasswordScreen.tsx" path="E:\_projects\FIAP\Tech Challenge\Fase_05\senior-ease-mobile\src\presentation\screens\LoginPasswordScreen.tsx">
        <metrics statements="62" coveredstatements="56" conditionals="74" coveredconditionals="62" methods="9" coveredmethods="6"/>
        <line num="34" count="1" type="stmt"/>
        <line num="35" count="1" type="stmt"/>
        <line num="37" count="1" type="stmt"/>
        <line num="38" count="1" type="stmt"/>
        <line num="39" count="1" type="stmt"/>
        <line num="40" count="1" type="stmt"/>
        <line num="41" count="1" type="stmt"/>
        <line num="43" count="1" type="stmt"/>
        <line num="44" count="1" type="stmt"/>
        <line num="46" count="1" type="stmt"/>
        <line num="60" count="18" type="stmt"/>
        <line num="61" count="18" type="stmt"/>
        <line num="62" count="18" type="stmt"/>
        <line num="63" count="18" type="stmt"/>
        <line num="67" count="18" type="cond" truecount="1" falsecount="1"/>
        <line num="68" count="18" type="cond" truecount="1" falsecount="1"/>
        <line num="69" count="18" type="stmt"/>
        <line num="70" count="18" type="stmt"/>
        <line num="71" count="18" type="stmt"/>
        <line num="72" count="18" type="stmt"/>
        <line num="74" count="18" type="stmt"/>
        <line num="75" count="18" type="cond" truecount="2" falsecount="0"/>
        <line num="76" count="18" type="cond" truecount="2" falsecount="0"/>
        <line num="77" count="18" type="cond" truecount="2" falsecount="0"/>
        <line num="78" count="18" type="cond" truecount="2" falsecount="0"/>
        <line num="79" count="18" type="cond" truecount="2" falsecount="0"/>
        <line num="80" count="18" type="cond" truecount="2" falsecount="0"/>
        <line num="81" count="18" type="cond" truecount="2" falsecount="0"/>
        <line num="82" count="18" type="cond" truecount="2" falsecount="0"/>
        <line num="83" count="18" type="cond" truecount="2" falsecount="0"/>
        <line num="84" count="18" type="cond" truecount="2" falsecount="0"/>
        <line num="85" count="18" type="cond" truecount="2" falsecount="0"/>
        <line num="87" count="18" type="stmt"/>
        <line num="88" count="18" type="stmt"/>
        <line num="89" count="18" type="stmt"/>
        <line num="90" count="18" type="stmt"/>
        <line num="91" count="18" type="stmt"/>
        <line num="95" count="18" type="stmt"/>
        <line num="96" count="18" type="stmt"/>
        <line num="97" count="18" type="stmt"/>
        <line num="98" count="18" type="stmt"/>
        <line num="100" count="18" type="stmt"/>
        <line num="102" count="18" type="stmt"/>
        <line num="103" count="6" type="stmt"/>
        <line num="106" count="18" type="stmt"/>
        <line num="107" count="0" type="cond" truecount="0" falsecount="4"/>
        <line num="108" count="0" type="stmt"/>
        <line num="109" count="0" type="stmt"/>
        <line num="110" count="0" type="stmt"/>
        <line num="112" count="0" type="stmt"/>
        <line num="116" count="18" type="stmt"/>
        <line num="117" count="6" type="cond" truecount="3" falsecount="1"/>
        <line num="118" count="6" type="stmt"/>
        <line num="119" count="6" type="stmt"/>
        <line num="120" count="6" type="stmt"/>
        <line num="122" count="6" type="stmt"/>
        <line num="126" count="18" type="stmt"/>
        <line num="144" count="18" type="stmt"/>
        <line num="277" count="0" type="stmt"/>
        <line num="278" count="18" type="stmt"/>
        <line num="308" count="18" type="stmt"/>
        <line num="343" count="1" type="stmt"/>
      </file>
      <file name="MainAppScreen.tsx" path="E:\_projects\FIAP\Tech Challenge\Fase_05\senior-ease-mobile\src\presentation\screens\MainAppScreen.tsx">
        <metrics statements="106" coveredstatements="97" conditionals="112" coveredconditionals="97" methods="35" coveredmethods="24"/>
        <line num="38" count="1" type="stmt"/>
        <line num="39" count="1" type="stmt"/>
        <line num="41" count="1" type="stmt"/>
        <line num="42" count="1" type="stmt"/>
        <line num="43" count="1" type="stmt"/>
        <line num="44" count="1" type="stmt"/>
        <line num="45" count="1" type="stmt"/>
        <line num="53" count="8" type="stmt"/>
        <line num="54" count="8" type="stmt"/>
        <line num="55" count="8" type="stmt"/>
        <line num="56" count="8" type="stmt"/>
        <line num="109" count="15" type="stmt"/>
        <line num="110" count="15" type="stmt"/>
        <line num="111" count="15" type="stmt"/>
        <line num="112" count="15" type="stmt"/>
        <line num="113" count="15" type="stmt"/>
        <line num="114" count="15" type="stmt"/>
        <line num="116" count="15" type="stmt"/>
        <line num="158" count="16" type="stmt"/>
        <line num="159" count="16" type="stmt"/>
        <line num="160" count="16" type="stmt"/>
        <line num="161" count="16" type="stmt"/>
        <line num="165" count="16" type="cond" truecount="1" falsecount="1"/>
        <line num="166" count="16" type="cond" truecount="1" falsecount="1"/>
        <line num="167" count="16" type="stmt"/>
        <line num="168" count="16" type="stmt"/>
        <line num="169" count="16" type="stmt"/>
        <line num="170" count="16" type="stmt"/>
        <line num="171" count="16" type="stmt"/>
        <line num="173" count="16" type="stmt"/>
        <line num="175" count="16" type="cond" truecount="1" falsecount="1"/>
        <line num="177" count="16" type="cond" truecount="2" falsecount="0"/>
        <line num="178" count="16" type="cond" truecount="2" falsecount="0"/>
        <line num="179" count="16" type="cond" truecount="2" falsecount="0"/>
        <line num="180" count="16" type="cond" truecount="2" falsecount="0"/>
        <line num="181" count="16" type="cond" truecount="2" falsecount="0"/>
        <line num="182" count="16" type="cond" truecount="2" falsecount="0"/>
        <line num="183" count="16" type="cond" truecount="2" falsecount="0"/>
        <line num="184" count="16" type="cond" truecount="2" falsecount="0"/>
        <line num="185" count="16" type="cond" truecount="2" falsecount="0"/>
        <line num="186" count="16" type="cond" truecount="2" falsecount="0"/>
        <line num="187" count="16" type="cond" truecount="2" falsecount="0"/>
        <line num="189" count="16" type="stmt"/>
        <line num="190" count="16" type="stmt"/>
        <line num="191" count="16" type="stmt"/>
        <line num="192" count="16" type="stmt"/>
        <line num="193" count="16" type="stmt"/>
        <line num="194" count="16" type="stmt"/>
        <line num="195" count="16" type="cond" truecount="2" falsecount="0"/>
        <line num="198" count="16" type="stmt"/>
        <line num="199" count="16" type="stmt"/>
        <line num="200" count="16" type="stmt"/>
        <line num="201" count="16" type="stmt"/>
        <line num="203" count="16" type="stmt"/>
        <line num="204" count="39" type="cond" truecount="2" falsecount="0"/>
        <line num="208" count="16" type="stmt"/>
        <line num="209" count="37" type="stmt"/>
        <line num="210" count="9" type="stmt"/>
        <line num="211" count="9" type="cond" truecount="1" falsecount="1"/>
        <line num="214" count="16" type="stmt"/>
        <line num="215" count="10" type="cond" truecount="1" falsecount="1"/>
        <line num="217" count="2" type="stmt"/>
        <line num="219" count="0" type="stmt"/>
        <line num="223" count="16" type="stmt"/>
        <line num="224" count="8" type="stmt"/>
        <line num="227" count="16" type="stmt"/>
        <line num="228" count="2" type="cond" truecount="1" falsecount="1"/>
        <line num="229" count="2" type="stmt"/>
        <line num="230" count="2" type="stmt"/>
        <line num="231" count="2" type="stmt"/>
        <line num="233" count="2" type="stmt"/>
        <line num="237" count="16" type="stmt"/>
        <line num="238" count="0" type="stmt"/>
        <line num="241" count="16" type="stmt"/>
        <line num="242" count="1" type="stmt"/>
        <line num="245" count="16" type="stmt"/>
        <line num="246" count="1" type="stmt"/>
        <line num="249" count="16" type="stmt"/>
        <line num="252" count="1" type="cond" truecount="1" falsecount="1"/>
        <line num="253" count="1" type="stmt"/>
        <line num="254" count="1" type="stmt"/>
        <line num="262" count="16" type="stmt"/>
        <line num="263" count="1" type="stmt"/>
        <line num="266" count="16" type="stmt"/>
        <line num="267" count="1" type="stmt"/>
        <line num="270" count="16" type="stmt"/>
        <line num="271" count="1" type="stmt"/>
        <line num="274" count="16" type="stmt"/>
        <line num="275" count="0" type="stmt"/>
        <line num="278" count="16" type="stmt"/>
        <line num="280" count="0" type="stmt"/>
        <line num="281" count="0" type="cond" truecount="0" falsecount="2"/>
        <line num="287" count="16" type="stmt"/>
        <line num="288" count="0" type="stmt"/>
        <line num="289" count="0" type="cond" truecount="0" falsecount="2"/>
        <line num="293" count="16" type="stmt"/>
        <line num="294" count="0" type="stmt"/>
        <line num="295" count="0" type="stmt"/>
        <line num="298" count="16" type="stmt"/>
        <line num="315" count="15" type="stmt"/>
        <line num="374" count="15" type="stmt"/>
        <line num="496" count="62" type="stmt"/>
        <line num="499" count="1" type="stmt"/>
        <line num="500" count="62" type="stmt"/>
        <line num="637" count="16" type="stmt"/>
        <line num="678" count="1" type="stmt"/>
      </file>
      <file name="TaskDetailScreen.tsx" path="E:\_projects\FIAP\Tech Challenge\Fase_05\senior-ease-mobile\src\presentation\screens\TaskDetailScreen.tsx">
        <metrics statements="73" coveredstatements="51" conditionals="96" coveredconditionals="48" methods="17" coveredmethods="7"/>
        <line num="35" count="1" type="stmt"/>
        <line num="36" count="1" type="stmt"/>
        <line num="38" count="1" type="stmt"/>
        <line num="39" count="1" type="stmt"/>
        <line num="40" count="1" type="stmt"/>
        <line num="41" count="1" type="stmt"/>
        <line num="60" count="17" type="stmt"/>
        <line num="61" count="17" type="stmt"/>
        <line num="62" count="17" type="stmt"/>
        <line num="63" count="17" type="stmt"/>
        <line num="67" count="17" type="cond" truecount="1" falsecount="1"/>
        <line num="68" count="17" type="cond" truecount="1" falsecount="1"/>
        <line num="70" count="17" type="stmt"/>
        <line num="71" count="17" type="stmt"/>
        <line num="72" count="17" type="stmt"/>
        <line num="74" count="17" type="stmt"/>
        <line num="75" count="17" type="cond" truecount="2" falsecount="0"/>
        <line num="76" count="17" type="cond" truecount="2" falsecount="0"/>
        <line num="77" count="17" type="cond" truecount="2" falsecount="0"/>
        <line num="78" count="17" type="cond" truecount="2" falsecount="0"/>
        <line num="79" count="17" type="cond" truecount="2" falsecount="0"/>
        <line num="80" count="17" type="cond" truecount="2" falsecount="0"/>
        <line num="81" count="17" type="cond" truecount="2" falsecount="0"/>
        <line num="82" count="17" type="cond" truecount="2" falsecount="0"/>
        <line num="83" count="17" type="cond" truecount="2" falsecount="0"/>
        <line num="85" count="17" type="stmt"/>
        <line num="86" count="17" type="stmt"/>
        <line num="87" count="17" type="stmt"/>
        <line num="88" count="17" type="stmt"/>
        <line num="89" count="17" type="stmt"/>
        <line num="90" count="17" type="stmt"/>
        <line num="92" count="17" type="stmt"/>
        <line num="93" count="9" type="cond" truecount="2" falsecount="0"/>
        <line num="94" count="1" type="stmt"/>
        <line num="95" count="1" type="stmt"/>
        <line num="96" count="1" type="stmt"/>
        <line num="100" count="17" type="stmt"/>
        <line num="101" count="9" type="cond" truecount="2" falsecount="0"/>
        <line num="102" count="1" type="stmt"/>
        <line num="106" count="17" type="stmt"/>
        <line num="107" count="0" type="stmt"/>
        <line num="108" count="0" type="stmt"/>
        <line num="111" count="17" type="stmt"/>
        <line num="112" count="0" type="cond" truecount="0" falsecount="2"/>
        <line num="113" count="0" type="stmt"/>
        <line num="114" count="0" type="cond" truecount="0" falsecount="2"/>
        <line num="115" count="0" type="stmt"/>
        <line num="116" count="0" type="stmt"/>
        <line num="118" count="0" type="stmt"/>
        <line num="119" count="0" type="stmt"/>
        <line num="122" count="17" type="stmt"/>
        <line num="123" count="0" type="cond" truecount="0" falsecount="2"/>
        <line num="124" count="0" type="stmt"/>
        <line num="125" count="0" type="stmt"/>
        <line num="127" count="0" type="stmt"/>
        <line num="130" count="17" type="stmt"/>
        <line num="131" count="0" type="cond" truecount="0" falsecount="2"/>
        <line num="132" count="0" type="stmt"/>
        <line num="135" count="17" type="stmt"/>
        <line num="136" count="0" type="cond" truecount="0" falsecount="2"/>
        <line num="137" count="0" type="stmt"/>
        <line num="145" count="0" type="stmt"/>
        <line num="151" count="17" type="cond" truecount="2" falsecount="0"/>
        <line num="153" count="17" type="stmt"/>
        <line num="174" count="2" type="stmt"/>
        <line num="334" count="0" type="stmt"/>
        <line num="357" count="0" type="stmt"/>
        <line num="384" count="0" type="stmt"/>
        <line num="408" count="2" type="stmt"/>
        <line num="432" count="0" type="stmt"/>
        <line num="433" count="2" type="stmt"/>
        <line num="457" count="2" type="stmt"/>
        <line num="490" count="1" type="stmt"/>
      </file>
      <file name="VisualComfortOnboardingScreen.tsx" path="E:\_projects\FIAP\Tech Challenge\Fase_05\senior-ease-mobile\src\presentation\screens\VisualComfortOnboardingScreen.tsx">
        <metrics statements="35" coveredstatements="33" conditionals="27" coveredconditionals="23" methods="10" coveredmethods="9"/>
        <line num="31" count="1" type="stmt"/>
        <line num="33" count="1" type="stmt"/>
        <line num="34" count="1" type="stmt"/>
        <line num="35" count="1" type="stmt"/>
        <line num="36" count="1" type="stmt"/>
        <line num="37" count="1" type="stmt"/>
        <line num="39" count="1" type="stmt"/>
        <line num="40" count="1" type="stmt"/>
        <line num="43" count="27" type="stmt"/>
        <line num="54" count="2" type="stmt"/>
        <line num="64" count="1" type="stmt"/>
        <line num="92" count="29" type="stmt"/>
        <line num="93" count="29" type="stmt"/>
        <line num="97" count="29" type="stmt"/>
        <line num="98" count="29" type="stmt"/>
        <line num="99" count="29" type="stmt"/>
        <line num="101" count="29" type="cond" truecount="2" falsecount="0"/>
        <line num="103" count="29" type="cond" truecount="2" falsecount="0"/>
        <line num="105" count="29" type="stmt"/>
        <line num="106" count="16" type="stmt"/>
        <line num="109" count="29" type="stmt"/>
        <line num="110" count="13" type="cond" truecount="1" falsecount="1"/>
        <line num="111" count="13" type="stmt"/>
        <line num="112" count="13" type="stmt"/>
        <line num="113" count="13" type="stmt"/>
        <line num="115" count="13" type="stmt"/>
        <line num="119" count="29" type="cond" truecount="1" falsecount="1"/>
        <line num="120" count="0" type="stmt"/>
        <line num="128" count="29" type="stmt"/>
        <line num="180" count="0" type="stmt"/>
        <line num="181" count="29" type="stmt"/>
        <line num="222" count="1" type="stmt"/>
        <line num="223" count="29" type="stmt"/>
        <line num="278" count="29" type="stmt"/>
        <line num="299" count="1" type="stmt"/>
      </file>
      <file name="WelcomeScreen.tsx" path="E:\_projects\FIAP\Tech Challenge\Fase_05\senior-ease-mobile\src\presentation\screens\WelcomeScreen.tsx">
        <metrics statements="58" coveredstatements="57" conditionals="69" coveredconditionals="56" methods="9" coveredmethods="9"/>
        <line num="33" count="1" type="stmt"/>
        <line num="34" count="1" type="stmt"/>
        <line num="36" count="1" type="stmt"/>
        <line num="37" count="1" type="stmt"/>
        <line num="38" count="1" type="stmt"/>
        <line num="39" count="1" type="stmt"/>
        <line num="40" count="1" type="stmt"/>
        <line num="42" count="1" type="stmt"/>
        <line num="44" count="1" type="stmt"/>
        <line num="59" count="29" type="stmt"/>
        <line num="60" count="29" type="stmt"/>
        <line num="61" count="29" type="stmt"/>
        <line num="62" count="29" type="stmt"/>
        <line num="66" count="29" type="stmt"/>
        <line num="67" count="29" type="stmt"/>
        <line num="69" count="29" type="stmt"/>
        <line num="70" count="29" type="cond" truecount="2" falsecount="0"/>
        <line num="71" count="29" type="cond" truecount="2" falsecount="0"/>
        <line num="73" count="29" type="stmt"/>
        <line num="74" count="29" type="stmt"/>
        <line num="78" count="29" type="stmt"/>
        <line num="79" count="29" type="stmt"/>
        <line num="80" count="29" type="stmt"/>
        <line num="82" count="29" type="cond" truecount="2" falsecount="0"/>
        <line num="83" count="29" type="cond" truecount="2" falsecount="0"/>
        <line num="84" count="29" type="cond" truecount="2" falsecount="0"/>
        <line num="85" count="29" type="stmt"/>
        <line num="86" count="29" type="cond" truecount="2" falsecount="0"/>
        <line num="87" count="29" type="cond" truecount="2" falsecount="0"/>
        <line num="88" count="29" type="stmt"/>
        <line num="90" count="29" type="stmt"/>
        <line num="91" count="16" type="stmt"/>
        <line num="96" count="29" type="stmt"/>
        <line num="97" count="5" type="cond" truecount="1" falsecount="1"/>
        <line num="98" count="5" type="stmt"/>
        <line num="99" count="5" type="stmt"/>
        <line num="100" count="5" type="stmt"/>
        <line num="102" count="5" type="stmt"/>
        <line num="106" count="29" type="stmt"/>
        <line num="107" count="7" type="cond" truecount="1" falsecount="1"/>
        <line num="108" count="7" type="stmt"/>
        <line num="109" count="7" type="stmt"/>
        <line num="110" count="7" type="stmt"/>
        <line num="112" count="7" type="stmt"/>
        <line num="116" count="29" type="stmt"/>
        <line num="117" count="1" type="cond" truecount="3" falsecount="1"/>
        <line num="118" count="1" type="stmt"/>
        <line num="119" count="1" type="stmt"/>
        <line num="120" count="1" type="stmt"/>
        <line num="122" count="1" type="stmt"/>
        <line num="126" count="29" type="cond" truecount="1" falsecount="1"/>
        <line num="127" count="0" type="stmt"/>
        <line num="135" count="29" type="stmt"/>
        <line num="174" count="29" type="stmt"/>
        <line num="232" count="29" type="stmt"/>
        <line num="259" count="29" type="stmt"/>
        <line num="291" count="29" type="stmt"/>
        <line num="331" count="1" type="stmt"/>
      </file>
    </package>
    <package name="senior-ease-mobile.src.presentation.theme">
      <metrics statements="17" coveredstatements="16" conditionals="4" coveredconditionals="3" methods="5" coveredmethods="5"/>
      <file name="FontScaleContext.tsx" path="E:\_projects\FIAP\Tech Challenge\Fase_05\senior-ease-mobile\src\presentation\theme\FontScaleContext.tsx">
        <metrics statements="3" coveredstatements="3" conditionals="0" coveredconditionals="0" methods="2" coveredmethods="2"/>
        <line num="7" count="1" type="stmt"/>
        <line num="13" count="80" type="stmt"/>
        <line num="21" count="159" type="stmt"/>
      </file>
      <file name="ThemeContext.tsx" path="E:\_projects\FIAP\Tech Challenge\Fase_05\senior-ease-mobile\src\presentation\theme\ThemeContext.tsx">
        <metrics statements="7" coveredstatements="6" conditionals="2" coveredconditionals="1" methods="2" coveredmethods="2"/>
        <line num="18" count="1" type="stmt"/>
        <line num="24" count="80" type="stmt"/>
        <line num="29" count="80" type="stmt"/>
        <line num="35" count="159" type="stmt"/>
        <line num="36" count="159" type="cond" truecount="1" falsecount="1"/>
        <line num="37" count="0" type="stmt"/>
        <line num="39" count="159" type="stmt"/>
      </file>
      <file name="themePalette.ts" path="E:\_projects\FIAP\Tech Challenge\Fase_05\senior-ease-mobile\src\presentation\theme\themePalette.ts">
        <metrics statements="7" coveredstatements="7" conditionals="2" coveredconditionals="2" methods="1" coveredmethods="1"/>
        <line num="14" count="1" type="stmt"/>
        <line num="16" count="1" type="stmt"/>
        <line num="18" count="1" type="stmt"/>
        <line num="20" count="1" type="stmt"/>
        <line num="23" count="123" type="cond" truecount="2" falsecount="0"/>
        <line num="24" count="8" type="stmt"/>
        <line num="35" count="115" type="stmt"/>
      </file>
    </package>
    <package name="senior-ease-mobile.src.presentation.utils">
      <metrics statements="42" coveredstatements="31" conditionals="22" coveredconditionals="5" methods="7" coveredmethods="6"/>
      <file name="agendaDates.ts" path="E:\_projects\FIAP\Tech Challenge\Fase_05\senior-ease-mobile\src\presentation\utils\agendaDates.ts">
        <metrics statements="42" coveredstatements="31" conditionals="22" coveredconditionals="5" methods="7" coveredmethods="6"/>
        <line num="3" count="39" type="stmt"/>
        <line num="4" count="39" type="stmt"/>
        <line num="5" count="39" type="stmt"/>
        <line num="6" count="39" type="stmt"/>
        <line num="10" count="30" type="stmt"/>
        <line num="11" count="30" type="stmt"/>
        <line num="12" count="30" type="stmt"/>
        <line num="20" count="0" type="stmt"/>
        <line num="21" count="0" type="cond" truecount="0" falsecount="2"/>
        <line num="22" count="0" type="stmt"/>
        <line num="23" count="0" type="stmt"/>
        <line num="24" count="0" type="cond" truecount="0" falsecount="2"/>
        <line num="25" count="0" type="cond" truecount="0" falsecount="4"/>
        <line num="26" count="0" type="stmt"/>
        <line num="27" count="0" type="cond" truecount="0" falsecount="2"/>
        <line num="32" count="0" type="stmt"/>
        <line num="34" count="0" type="stmt"/>
        <line num="37" count="1" type="stmt"/>
        <line num="39" count="1" type="stmt"/>
        <line num="49" count="1" type="stmt"/>
        <line num="66" count="1" type="stmt"/>
        <line num="67" count="1" type="stmt"/>
        <line num="68" count="1" type="stmt"/>
        <line num="69" count="1" type="stmt"/>
        <line num="70" count="1" type="stmt"/>
        <line num="74" count="1" type="stmt"/>
        <line num="75" count="1" type="cond" truecount="1" falsecount="1"/>
        <line num="76" count="1" type="stmt"/>
        <line num="77" count="1" type="stmt"/>
        <line num="78" count="1" type="stmt"/>
        <line num="79" count="1" type="stmt"/>
        <line num="80" count="1" type="cond" truecount="1" falsecount="1"/>
        <line num="85" count="0" type="stmt"/>
        <line num="87" count="1" type="stmt"/>
        <line num="92" count="21" type="stmt"/>
        <line num="93" count="21" type="stmt"/>
        <line num="100" count="1" type="stmt"/>
        <line num="101" count="1" type="stmt"/>
        <line num="102" count="21" type="stmt"/>
        <line num="103" count="21" type="stmt"/>
        <line num="104" count="21" type="stmt"/>
        <line num="106" count="1" type="stmt"/>
      </file>
    </package>
  </project>
</coverage>
