{"E:\\_projects\\FIAP\\Tech Challenge\\Fase_05\\senior-ease-mobile\\App.tsx": {"path":"E:\\_projects\\FIAP\\Tech Challenge\\Fase_05\\senior-ease-mobile\\App.tsx","statementMap":{"0":{"start":{"line":6,"column":2},"end":{"line":10,"column":4}},"1":{"start":{"line":13,"column":15},"end":{"line":17,"column":2}}},"fnMap":{"0":{"name":"App","decl":{"start":{"line":5,"column":24},"end":{"line":5,"column":27}},"loc":{"start":{"line":5,"column":30},"end":{"line":11,"column":1}},"line":5}},"branchMap":{},"s":{"0":14,"1":1},"f":{"0":14},"b":{},"_coverageSchema":"1a1c01bbd47fc00a2c39e90264f33305004495a9","hash":"a2d9c1806b98b780cffff278ad368e4d8e329e98"}
,"E:\\_projects\\FIAP\\Tech Challenge\\Fase_05\\senior-ease-mobile\\assets\\welcome_image.png": {"path":"E:\\_projects\\FIAP\\Tech Challenge\\Fase_05\\senior-ease-mobile\\assets\\welcome_image.png","statementMap":{"0":{"start":{"line":1,"column":0},"end":{"line":4,"column":6}}},"fnMap":{},"branchMap":{},"s":{"0":1},"f":{},"b":{},"_coverageSchema":"1a1c01bbd47fc00a2c39e90264f33305004495a9","hash":"481a630397e6b0e09569fc9db94cf316787e8822"}
,"E:\\_projects\\FIAP\\Tech Challenge\\Fase_05\\senior-ease-mobile\\src\\app\\AppRoot.tsx": {"path":"E:\\_projects\\FIAP\\Tech Challenge\\Fase_05\\senior-ease-mobile\\src\\app\\AppRoot.tsx","statementMap":{"0":{"start":{"line":46,"column":6},"end":{"line":65,"column":8}},"1":{"start":{"line":47,"column":31},"end":{"line":47,"column":67}},"2":{"start":{"line":48,"column":4},"end":{"line":64,"column":6}},"3":{"start":{"line":67,"column":34},"end":{"line":67,"column":68}},"4":{"start":{"line":69,"column":2},"end":{"line":79,"column":21}},"5":{"start":{"line":70,"column":20},"end":{"line":70,"column":25}},"6":{"start":{"line":71,"column":4},"end":{"line":75,"column":7}},"7":{"start":{"line":72,"column":6},"end":{"line":74,"column":7}},"8":{"start":{"line":73,"column":8},"end":{"line":73,"column":28}},"9":{"start":{"line":76,"column":4},"end":{"line":78,"column":6}},"10":{"start":{"line":77,"column":6},"end":{"line":77,"column":23}},"11":{"start":{"line":81,"column":2},"end":{"line":90,"column":3}},"12":{"start":{"line":82,"column":4},"end":{"line":89,"column":6}},"13":{"start":{"line":92,"column":30},"end":{"line":110,"column":3}},"14":{"start":{"line":93,"column":4},"end":{"line":98,"column":7}},"15":{"start":{"line":99,"column":4},"end":{"line":109,"column":6}},"16":{"start":{"line":100,"column":6},"end":{"line":108,"column":14}},"17":{"start":{"line":112,"column":35},"end":{"line":132,"column":3}},"18":{"start":{"line":113,"column":4},"end":{"line":119,"column":7}},"19":{"start":{"line":120,"column":4},"end":{"line":131,"column":6}},"20":{"start":{"line":121,"column":6},"end":{"line":130,"column":14}},"21":{"start":{"line":134,"column":31},"end":{"line":145,"column":3}},"22":{"start":{"line":135,"column":4},"end":{"line":135,"column":73}},"23":{"start":{"line":136,"column":4},"end":{"line":144,"column":6}},"24":{"start":{"line":137,"column":6},"end":{"line":143,"column":14}},"25":{"start":{"line":147,"column":31},"end":{"line":161,"column":3}},"26":{"start":{"line":148,"column":4},"end":{"line":151,"column":7}},"27":{"start":{"line":152,"column":4},"end":{"line":160,"column":6}},"28":{"start":{"line":153,"column":6},"end":{"line":159,"column":14}},"29":{"start":{"line":163,"column":34},"end":{"line":173,"column":3}},"30":{"start":{"line":164,"column":4},"end":{"line":164,"column":52}},"31":{"start":{"line":165,"column":4},"end":{"line":172,"column":6}},"32":{"start":{"line":166,"column":6},"end":{"line":171,"column":14}},"33":{"start":{"line":175,"column":30},"end":{"line":211,"column":3}},"34":{"start":{"line":176,"column":18},"end":{"line":176,"column":48}},"35":{"start":{"line":177,"column":4},"end":{"line":183,"column":5}},"36":{"start":{"line":178,"column":6},"end":{"line":181,"column":8}},"37":{"start":{"line":182,"column":6},"end":{"line":182,"column":19}},"38":{"start":{"line":184,"column":23},"end":{"line":184,"column":64}},"39":{"start":{"line":186,"column":6},"end":{"line":186,"column":66}},"40":{"start":{"line":187,"column":4},"end":{"line":195,"column":7}},"41":{"start":{"line":196,"column":4},"end":{"line":209,"column":6}},"42":{"start":{"line":197,"column":6},"end":{"line":208,"column":14}},"43":{"start":{"line":210,"column":4},"end":{"line":210,"column":16}},"44":{"start":{"line":213,"column":32},"end":{"line":233,"column":3}},"45":{"start":{"line":214,"column":4},"end":{"line":220,"column":7}},"46":{"start":{"line":221,"column":4},"end":{"line":232,"column":6}},"47":{"start":{"line":222,"column":6},"end":{"line":231,"column":14}},"48":{"start":{"line":235,"column":32},"end":{"line":253,"column":3}},"49":{"start":{"line":236,"column":4},"end":{"line":241,"column":7}},"50":{"start":{"line":242,"column":4},"end":{"line":252,"column":6}},"51":{"start":{"line":243,"column":6},"end":{"line":251,"column":14}},"52":{"start":{"line":255,"column":32},"end":{"line":273,"column":3}},"53":{"start":{"line":256,"column":4},"end":{"line":261,"column":7}},"54":{"start":{"line":262,"column":4},"end":{"line":272,"column":6}},"55":{"start":{"line":263,"column":6},"end":{"line":271,"column":14}},"56":{"start":{"line":275,"column":32},"end":{"line":293,"column":3}},"57":{"start":{"line":276,"column":4},"end":{"line":281,"column":7}},"58":{"start":{"line":282,"column":4},"end":{"line":292,"column":6}},"59":{"start":{"line":283,"column":6},"end":{"line":291,"column":14}},"60":{"start":{"line":295,"column":32},"end":{"line":305,"column":3}},"61":{"start":{"line":296,"column":4},"end":{"line":296,"column":59}},"62":{"start":{"line":297,"column":4},"end":{"line":304,"column":6}},"63":{"start":{"line":298,"column":6},"end":{"line":303,"column":14}},"64":{"start":{"line":307,"column":31},"end":{"line":335,"column":3}},"65":{"start":{"line":309,"column":6},"end":{"line":309,"column":60}},"66":{"start":{"line":310,"column":4},"end":{"line":319,"column":7}},"67":{"start":{"line":320,"column":4},"end":{"line":334,"column":6}},"68":{"start":{"line":321,"column":6},"end":{"line":333,"column":14}},"69":{"start":{"line":337,"column":35},"end":{"line":348,"column":3}},"70":{"start":{"line":338,"column":4},"end":{"line":338,"column":42}},"71":{"start":{"line":339,"column":4},"end":{"line":347,"column":6}},"72":{"start":{"line":340,"column":6},"end":{"line":346,"column":14}},"73":{"start":{"line":350,"column":33},"end":{"line":362,"column":3}},"74":{"start":{"line":351,"column":20},"end":{"line":351,"column":46}},"75":{"start":{"line":352,"column":4},"end":{"line":352,"column":44}},"76":{"start":{"line":353,"column":4},"end":{"line":361,"column":6}},"77":{"start":{"line":354,"column":6},"end":{"line":360,"column":14}},"78":{"start":{"line":364,"column":29},"end":{"line":374,"column":3}},"79":{"start":{"line":365,"column":4},"end":{"line":365,"column":39}},"80":{"start":{"line":366,"column":4},"end":{"line":373,"column":6}},"81":{"start":{"line":367,"column":6},"end":{"line":372,"column":14}},"82":{"start":{"line":377,"column":35},"end":{"line":401,"column":3}},"83":{"start":{"line":378,"column":4},"end":{"line":378,"column":37}},"84":{"start":{"line":379,"column":4},"end":{"line":386,"column":7}},"85":{"start":{"line":387,"column":4},"end":{"line":400,"column":6}},"86":{"start":{"line":388,"column":6},"end":{"line":399,"column":14}},"87":{"start":{"line":404,"column":41},"end":{"line":420,"column":3}},"88":{"start":{"line":405,"column":4},"end":{"line":405,"column":40}},"89":{"start":{"line":406,"column":4},"end":{"line":419,"column":6}},"90":{"start":{"line":407,"column":6},"end":{"line":418,"column":14}},"91":{"start":{"line":422,"column":25},"end":{"line":506,"column":6}},"92":{"start":{"line":423,"column":4},"end":{"line":430,"column":5}},"93":{"start":{"line":424,"column":6},"end":{"line":429,"column":8}},"94":{"start":{"line":431,"column":4},"end":{"line":440,"column":5}},"95":{"start":{"line":432,"column":6},"end":{"line":439,"column":8}},"96":{"start":{"line":441,"column":4},"end":{"line":499,"column":5}},"97":{"start":{"line":442,"column":6},"end":{"line":450,"column":7}},"98":{"start":{"line":443,"column":8},"end":{"line":449,"column":10}},"99":{"start":{"line":451,"column":6},"end":{"line":459,"column":7}},"100":{"start":{"line":452,"column":8},"end":{"line":458,"column":10}},"101":{"start":{"line":460,"column":6},"end":{"line":467,"column":7}},"102":{"start":{"line":461,"column":8},"end":{"line":466,"column":10}},"103":{"start":{"line":468,"column":6},"end":{"line":476,"column":7}},"104":{"start":{"line":469,"column":8},"end":{"line":475,"column":10}},"105":{"start":{"line":477,"column":6},"end":{"line":485,"column":7}},"106":{"start":{"line":478,"column":8},"end":{"line":484,"column":10}},"107":{"start":{"line":486,"column":6},"end":{"line":498,"column":8}},"108":{"start":{"line":492,"column":12},"end":{"line":495,"column":14}},"109":{"start":{"line":500,"column":4},"end":{"line":505,"column":6}},"110":{"start":{"line":508,"column":2},"end":{"line":518,"column":4}},"111":{"start":{"line":521,"column":15},"end":{"line":531,"column":2}}},"fnMap":{"0":{"name":"AppRoot","decl":{"start":{"line":37,"column":16},"end":{"line":37,"column":23}},"loc":{"start":{"line":37,"column":40},"end":{"line":519,"column":1}},"line":37},"1":{"name":"(anonymous_1)","decl":{"start":{"line":46,"column":14},"end":{"line":46,"column":15}},"loc":{"start":{"line":46,"column":20},"end":{"line":65,"column":3}},"line":46},"2":{"name":"(anonymous_2)","decl":{"start":{"line":69,"column":12},"end":{"line":69,"column":13}},"loc":{"start":{"line":69,"column":18},"end":{"line":79,"column":3}},"line":69},"3":{"name":"(anonymous_3)","decl":{"start":{"line":71,"column":37},"end":{"line":71,"column":38}},"loc":{"start":{"line":71,"column":49},"end":{"line":75,"column":5}},"line":71},"4":{"name":"(anonymous_4)","decl":{"start":{"line":76,"column":11},"end":{"line":76,"column":12}},"loc":{"start":{"line":76,"column":17},"end":{"line":78,"column":5}},"line":76},"5":{"name":"(anonymous_5)","decl":{"start":{"line":92,"column":30},"end":{"line":92,"column":31}},"loc":{"start":{"line":92,"column":42},"end":{"line":110,"column":3}},"line":92},"6":{"name":"(anonymous_6)","decl":{"start":{"line":99,"column":16},"end":{"line":99,"column":17}},"loc":{"start":{"line":100,"column":6},"end":{"line":108,"column":14}},"line":100},"7":{"name":"(anonymous_7)","decl":{"start":{"line":112,"column":35},"end":{"line":112,"column":36}},"loc":{"start":{"line":112,"column":47},"end":{"line":132,"column":3}},"line":112},"8":{"name":"(anonymous_8)","decl":{"start":{"line":120,"column":16},"end":{"line":120,"column":17}},"loc":{"start":{"line":121,"column":6},"end":{"line":130,"column":14}},"line":121},"9":{"name":"(anonymous_9)","decl":{"start":{"line":134,"column":31},"end":{"line":134,"column":32}},"loc":{"start":{"line":134,"column":43},"end":{"line":145,"column":3}},"line":134},"10":{"name":"(anonymous_10)","decl":{"start":{"line":136,"column":16},"end":{"line":136,"column":17}},"loc":{"start":{"line":137,"column":6},"end":{"line":143,"column":14}},"line":137},"11":{"name":"(anonymous_11)","decl":{"start":{"line":147,"column":31},"end":{"line":147,"column":32}},"loc":{"start":{"line":147,"column":56},"end":{"line":161,"column":3}},"line":147},"12":{"name":"(anonymous_12)","decl":{"start":{"line":152,"column":16},"end":{"line":152,"column":17}},"loc":{"start":{"line":153,"column":6},"end":{"line":159,"column":14}},"line":153},"13":{"name":"(anonymous_13)","decl":{"start":{"line":163,"column":34},"end":{"line":163,"column":35}},"loc":{"start":{"line":163,"column":46},"end":{"line":173,"column":3}},"line":163},"14":{"name":"(anonymous_14)","decl":{"start":{"line":165,"column":16},"end":{"line":165,"column":17}},"loc":{"start":{"line":166,"column":6},"end":{"line":171,"column":14}},"line":166},"15":{"name":"(anonymous_15)","decl":{"start":{"line":175,"column":30},"end":{"line":175,"column":31}},"loc":{"start":{"line":175,"column":76},"end":{"line":211,"column":3}},"line":175},"16":{"name":"(anonymous_16)","decl":{"start":{"line":196,"column":16},"end":{"line":196,"column":17}},"loc":{"start":{"line":197,"column":6},"end":{"line":208,"column":14}},"line":197},"17":{"name":"(anonymous_17)","decl":{"start":{"line":213,"column":32},"end":{"line":213,"column":33}},"loc":{"start":{"line":213,"column":44},"end":{"line":233,"column":3}},"line":213},"18":{"name":"(anonymous_18)","decl":{"start":{"line":221,"column":16},"end":{"line":221,"column":17}},"loc":{"start":{"line":222,"column":6},"end":{"line":231,"column":14}},"line":222},"19":{"name":"(anonymous_19)","decl":{"start":{"line":235,"column":32},"end":{"line":235,"column":33}},"loc":{"start":{"line":235,"column":60},"end":{"line":253,"column":3}},"line":235},"20":{"name":"(anonymous_20)","decl":{"start":{"line":242,"column":16},"end":{"line":242,"column":17}},"loc":{"start":{"line":243,"column":6},"end":{"line":251,"column":14}},"line":243},"21":{"name":"(anonymous_21)","decl":{"start":{"line":255,"column":32},"end":{"line":255,"column":33}},"loc":{"start":{"line":255,"column":44},"end":{"line":273,"column":3}},"line":255},"22":{"name":"(anonymous_22)","decl":{"start":{"line":262,"column":16},"end":{"line":262,"column":17}},"loc":{"start":{"line":263,"column":6},"end":{"line":271,"column":14}},"line":263},"23":{"name":"(anonymous_23)","decl":{"start":{"line":275,"column":32},"end":{"line":275,"column":33}},"loc":{"start":{"line":275,"column":62},"end":{"line":293,"column":3}},"line":275},"24":{"name":"(anonymous_24)","decl":{"start":{"line":282,"column":16},"end":{"line":282,"column":17}},"loc":{"start":{"line":283,"column":6},"end":{"line":291,"column":14}},"line":283},"25":{"name":"(anonymous_25)","decl":{"start":{"line":295,"column":32},"end":{"line":295,"column":33}},"loc":{"start":{"line":295,"column":44},"end":{"line":305,"column":3}},"line":295},"26":{"name":"(anonymous_26)","decl":{"start":{"line":297,"column":16},"end":{"line":297,"column":17}},"loc":{"start":{"line":298,"column":6},"end":{"line":303,"column":14}},"line":298},"27":{"name":"(anonymous_27)","decl":{"start":{"line":307,"column":31},"end":{"line":307,"column":32}},"loc":{"start":{"line":307,"column":43},"end":{"line":335,"column":3}},"line":307},"28":{"name":"(anonymous_28)","decl":{"start":{"line":320,"column":16},"end":{"line":320,"column":17}},"loc":{"start":{"line":321,"column":6},"end":{"line":333,"column":14}},"line":321},"29":{"name":"(anonymous_29)","decl":{"start":{"line":337,"column":35},"end":{"line":337,"column":36}},"loc":{"start":{"line":337,"column":69},"end":{"line":348,"column":3}},"line":337},"30":{"name":"(anonymous_30)","decl":{"start":{"line":339,"column":16},"end":{"line":339,"column":17}},"loc":{"start":{"line":340,"column":6},"end":{"line":346,"column":14}},"line":340},"31":{"name":"(anonymous_31)","decl":{"start":{"line":350,"column":33},"end":{"line":350,"column":34}},"loc":{"start":{"line":350,"column":63},"end":{"line":362,"column":3}},"line":350},"32":{"name":"(anonymous_32)","decl":{"start":{"line":353,"column":16},"end":{"line":353,"column":17}},"loc":{"start":{"line":354,"column":6},"end":{"line":360,"column":14}},"line":354},"33":{"name":"(anonymous_33)","decl":{"start":{"line":364,"column":29},"end":{"line":364,"column":30}},"loc":{"start":{"line":364,"column":41},"end":{"line":374,"column":3}},"line":364},"34":{"name":"(anonymous_34)","decl":{"start":{"line":366,"column":16},"end":{"line":366,"column":17}},"loc":{"start":{"line":367,"column":6},"end":{"line":372,"column":14}},"line":367},"35":{"name":"(anonymous_35)","decl":{"start":{"line":377,"column":35},"end":{"line":377,"column":36}},"loc":{"start":{"line":377,"column":47},"end":{"line":401,"column":3}},"line":377},"36":{"name":"(anonymous_36)","decl":{"start":{"line":387,"column":16},"end":{"line":387,"column":17}},"loc":{"start":{"line":388,"column":6},"end":{"line":399,"column":14}},"line":388},"37":{"name":"(anonymous_37)","decl":{"start":{"line":404,"column":41},"end":{"line":404,"column":42}},"loc":{"start":{"line":404,"column":53},"end":{"line":420,"column":3}},"line":404},"38":{"name":"(anonymous_38)","decl":{"start":{"line":406,"column":16},"end":{"line":406,"column":17}},"loc":{"start":{"line":407,"column":6},"end":{"line":418,"column":14}},"line":407},"39":{"name":"(anonymous_39)","decl":{"start":{"line":422,"column":26},"end":{"line":422,"column":27}},"loc":{"start":{"line":422,"column":32},"end":{"line":506,"column":3}},"line":422},"40":{"name":"(anonymous_40)","decl":{"start":{"line":491,"column":23},"end":{"line":491,"column":24}},"loc":{"start":{"line":491,"column":29},"end":{"line":496,"column":11}},"line":491}},"branchMap":{"0":{"loc":{"start":{"line":72,"column":6},"end":{"line":74,"column":7}},"type":"if","locations":[{"start":{"line":72,"column":6},"end":{"line":74,"column":7}},{"start":{},"end":{}}],"line":72},"1":{"loc":{"start":{"line":81,"column":2},"end":{"line":90,"column":3}},"type":"if","locations":[{"start":{"line":81,"column":2},"end":{"line":90,"column":3}},{"start":{},"end":{}}],"line":81},"2":{"loc":{"start":{"line":100,"column":6},"end":{"line":108,"column":14}},"type":"cond-expr","locations":[{"start":{"line":101,"column":10},"end":{"line":107,"column":11}},{"start":{"line":108,"column":10},"end":{"line":108,"column":14}}],"line":100},"3":{"loc":{"start":{"line":121,"column":6},"end":{"line":130,"column":14}},"type":"cond-expr","locations":[{"start":{"line":122,"column":10},"end":{"line":129,"column":11}},{"start":{"line":130,"column":10},"end":{"line":130,"column":14}}],"line":121},"4":{"loc":{"start":{"line":137,"column":6},"end":{"line":143,"column":14}},"type":"cond-expr","locations":[{"start":{"line":138,"column":10},"end":{"line":142,"column":11}},{"start":{"line":143,"column":10},"end":{"line":143,"column":14}}],"line":137},"5":{"loc":{"start":{"line":153,"column":6},"end":{"line":159,"column":14}},"type":"cond-expr","locations":[{"start":{"line":154,"column":10},"end":{"line":158,"column":11}},{"start":{"line":159,"column":10},"end":{"line":159,"column":14}}],"line":153},"6":{"loc":{"start":{"line":166,"column":6},"end":{"line":171,"column":14}},"type":"cond-expr","locations":[{"start":{"line":167,"column":10},"end":{"line":170,"column":11}},{"start":{"line":171,"column":10},"end":{"line":171,"column":14}}],"line":166},"7":{"loc":{"start":{"line":176,"column":18},"end":{"line":176,"column":48}},"type":"binary-expr","locations":[{"start":{"line":176,"column":18},"end":{"line":176,"column":42}},{"start":{"line":176,"column":46},"end":{"line":176,"column":48}}],"line":176},"8":{"loc":{"start":{"line":177,"column":4},"end":{"line":183,"column":5}},"type":"if","locations":[{"start":{"line":177,"column":4},"end":{"line":183,"column":5}},{"start":{},"end":{}}],"line":177},"9":{"loc":{"start":{"line":186,"column":6},"end":{"line":186,"column":66}},"type":"cond-expr","locations":[{"start":{"line":186,"column":31},"end":{"line":186,"column":41}},{"start":{"line":186,"column":44},"end":{"line":186,"column":66}}],"line":186},"10":{"loc":{"start":{"line":197,"column":6},"end":{"line":208,"column":14}},"type":"cond-expr","locations":[{"start":{"line":198,"column":10},"end":{"line":207,"column":11}},{"start":{"line":208,"column":10},"end":{"line":208,"column":14}}],"line":197},"11":{"loc":{"start":{"line":222,"column":6},"end":{"line":231,"column":14}},"type":"cond-expr","locations":[{"start":{"line":223,"column":10},"end":{"line":230,"column":11}},{"start":{"line":231,"column":10},"end":{"line":231,"column":14}}],"line":222},"12":{"loc":{"start":{"line":243,"column":6},"end":{"line":251,"column":14}},"type":"cond-expr","locations":[{"start":{"line":244,"column":10},"end":{"line":250,"column":11}},{"start":{"line":251,"column":10},"end":{"line":251,"column":14}}],"line":243},"13":{"loc":{"start":{"line":263,"column":6},"end":{"line":271,"column":14}},"type":"cond-expr","locations":[{"start":{"line":264,"column":10},"end":{"line":270,"column":11}},{"start":{"line":271,"column":10},"end":{"line":271,"column":14}}],"line":263},"14":{"loc":{"start":{"line":283,"column":6},"end":{"line":291,"column":14}},"type":"cond-expr","locations":[{"start":{"line":284,"column":10},"end":{"line":290,"column":11}},{"start":{"line":291,"column":10},"end":{"line":291,"column":14}}],"line":283},"15":{"loc":{"start":{"line":298,"column":6},"end":{"line":303,"column":14}},"type":"cond-expr","locations":[{"start":{"line":299,"column":10},"end":{"line":302,"column":11}},{"start":{"line":303,"column":10},"end":{"line":303,"column":14}}],"line":298},"16":{"loc":{"start":{"line":309,"column":6},"end":{"line":309,"column":60}},"type":"binary-expr","locations":[{"start":{"line":309,"column":6},"end":{"line":309,"column":47}},{"start":{"line":309,"column":51},"end":{"line":309,"column":60}}],"line":309},"17":{"loc":{"start":{"line":321,"column":6},"end":{"line":333,"column":14}},"type":"cond-expr","locations":[{"start":{"line":322,"column":10},"end":{"line":332,"column":11}},{"start":{"line":333,"column":10},"end":{"line":333,"column":14}}],"line":321},"18":{"loc":{"start":{"line":340,"column":6},"end":{"line":346,"column":14}},"type":"cond-expr","locations":[{"start":{"line":341,"column":10},"end":{"line":345,"column":11}},{"start":{"line":346,"column":10},"end":{"line":346,"column":14}}],"line":340},"19":{"loc":{"start":{"line":354,"column":6},"end":{"line":360,"column":14}},"type":"cond-expr","locations":[{"start":{"line":355,"column":10},"end":{"line":359,"column":11}},{"start":{"line":360,"column":10},"end":{"line":360,"column":14}}],"line":354},"20":{"loc":{"start":{"line":367,"column":6},"end":{"line":372,"column":14}},"type":"cond-expr","locations":[{"start":{"line":368,"column":10},"end":{"line":371,"column":11}},{"start":{"line":372,"column":10},"end":{"line":372,"column":14}}],"line":367},"21":{"loc":{"start":{"line":388,"column":6},"end":{"line":399,"column":14}},"type":"cond-expr","locations":[{"start":{"line":389,"column":10},"end":{"line":398,"column":11}},{"start":{"line":399,"column":10},"end":{"line":399,"column":14}}],"line":388},"22":{"loc":{"start":{"line":407,"column":6},"end":{"line":418,"column":14}},"type":"cond-expr","locations":[{"start":{"line":408,"column":10},"end":{"line":417,"column":11}},{"start":{"line":418,"column":10},"end":{"line":418,"column":14}}],"line":407},"23":{"loc":{"start":{"line":423,"column":4},"end":{"line":430,"column":5}},"type":"if","locations":[{"start":{"line":423,"column":4},"end":{"line":430,"column":5}},{"start":{},"end":{}}],"line":423},"24":{"loc":{"start":{"line":431,"column":4},"end":{"line":440,"column":5}},"type":"if","locations":[{"start":{"line":431,"column":4},"end":{"line":440,"column":5}},{"start":{},"end":{}}],"line":431},"25":{"loc":{"start":{"line":441,"column":4},"end":{"line":499,"column":5}},"type":"if","locations":[{"start":{"line":441,"column":4},"end":{"line":499,"column":5}},{"start":{},"end":{}}],"line":441},"26":{"loc":{"start":{"line":442,"column":6},"end":{"line":450,"column":7}},"type":"if","locations":[{"start":{"line":442,"column":6},"end":{"line":450,"column":7}},{"start":{},"end":{}}],"line":442},"27":{"loc":{"start":{"line":451,"column":6},"end":{"line":459,"column":7}},"type":"if","locations":[{"start":{"line":451,"column":6},"end":{"line":459,"column":7}},{"start":{},"end":{}}],"line":451},"28":{"loc":{"start":{"line":460,"column":6},"end":{"line":467,"column":7}},"type":"if","locations":[{"start":{"line":460,"column":6},"end":{"line":467,"column":7}},{"start":{},"end":{}}],"line":460},"29":{"loc":{"start":{"line":468,"column":6},"end":{"line":476,"column":7}},"type":"if","locations":[{"start":{"line":468,"column":6},"end":{"line":476,"column":7}},{"start":{},"end":{}}],"line":468},"30":{"loc":{"start":{"line":477,"column":6},"end":{"line":485,"column":7}},"type":"if","locations":[{"start":{"line":477,"column":6},"end":{"line":485,"column":7}},{"start":{},"end":{}}],"line":477}},"s":{"0":94,"1":14,"2":14,"3":94,"4":94,"5":14,"6":14,"7":14,"8":14,"9":14,"10":14,"11":94,"12":14,"13":80,"14":5,"15":5,"16":5,"17":80,"18":7,"19":7,"20":7,"21":80,"22":1,"23":1,"24":1,"25":80,"26":6,"27":6,"28":6,"29":80,"30":0,"31":0,"32":0,"33":80,"34":6,"35":6,"36":0,"37":0,"38":6,"39":6,"40":6,"41":6,"42":6,"43":6,"44":80,"45":1,"46":1,"47":1,"48":80,"49":4,"50":4,"51":4,"52":80,"53":1,"54":1,"55":1,"56":80,"57":3,"58":3,"59":3,"60":80,"61":1,"62":1,"63":1,"64":80,"65":2,"66":2,"67":2,"68":2,"69":80,"70":13,"71":13,"72":13,"73":80,"74":12,"75":12,"76":12,"77":12,"78":80,"79":1,"80":1,"81":1,"82":80,"83":1,"84":1,"85":1,"86":1,"87":80,"88":2,"89":2,"90":2,"91":80,"92":80,"93":15,"94":65,"95":14,"96":51,"97":43,"98":6,"99":37,"100":5,"101":32,"102":3,"103":29,"104":7,"105":22,"106":6,"107":16,"108":0,"109":8,"110":80,"111":1},"f":{"0":94,"1":14,"2":14,"3":14,"4":14,"5":5,"6":5,"7":7,"8":7,"9":1,"10":1,"11":6,"12":6,"13":0,"14":0,"15":6,"16":6,"17":1,"18":1,"19":4,"20":4,"21":1,"22":1,"23":3,"24":3,"25":1,"26":1,"27":2,"28":2,"29":13,"30":13,"31":12,"32":12,"33":1,"34":1,"35":1,"36":1,"37":2,"38":2,"39":80,"40":0},"b":{"0":[14,0],"1":[14,80],"2":[5,0],"3":[7,0],"4":[1,0],"5":[6,0],"6":[0,0],"7":[6,0],"8":[0,6],"9":[1,5],"10":[6,0],"11":[1,0],"12":[4,0],"13":[1,0],"14":[3,0],"15":[1,0],"16":[2,0],"17":[2,0],"18":[13,0],"19":[12,0],"20":[1,0],"21":[1,0],"22":[2,0],"23":[15,65],"24":[14,51],"25":[43,8],"26":[6,37],"27":[5,32],"28":[3,29],"29":[7,22],"30":[6,16]},"_coverageSchema":"1a1c01bbd47fc00a2c39e90264f33305004495a9","hash":"83ff744fa4e8a271c7c9498c4947f51bc2a26e57"}
,"E:\\_projects\\FIAP\\Tech Challenge\\Fase_05\\senior-ease-mobile\\src\\data\\settings\\AsyncStorageSettingsRepository.ts": {"path":"E:\\_projects\\FIAP\\Tech Challenge\\Fase_05\\senior-ease-mobile\\src\\data\\settings\\AsyncStorageSettingsRepository.ts","statementMap":{"0":{"start":{"line":33,"column":2},"end":{"line":33,"column":46}},"1":{"start":{"line":33,"column":37},"end":{"line":33,"column":46}},"2":{"start":{"line":34,"column":2},"end":{"line":34,"column":11}},"3":{"start":{"line":38,"column":2},"end":{"line":38,"column":35}},"4":{"start":{"line":38,"column":26},"end":{"line":38,"column":35}},"5":{"start":{"line":39,"column":2},"end":{"line":39,"column":11}},"6":{"start":{"line":43,"column":2},"end":{"line":45,"column":3}},"7":{"start":{"line":44,"column":4},"end":{"line":44,"column":37}},"8":{"start":{"line":46,"column":2},"end":{"line":100,"column":3}},"9":{"start":{"line":47,"column":19},"end":{"line":47,"column":53}},"10":{"start":{"line":48,"column":23},"end":{"line":48,"column":64}},"11":{"start":{"line":49,"column":23},"end":{"line":49,"column":66}},"12":{"start":{"line":50,"column":4},"end":{"line":52,"column":5}},"13":{"start":{"line":51,"column":6},"end":{"line":51,"column":26}},"14":{"start":{"line":54,"column":6},"end":{"line":56,"column":36}},"15":{"start":{"line":58,"column":6},"end":{"line":60,"column":48}},"16":{"start":{"line":62,"column":6},"end":{"line":64,"column":12}},"17":{"start":{"line":66,"column":6},"end":{"line":68,"column":12}},"18":{"start":{"line":70,"column":6},"end":{"line":72,"column":12}},"19":{"start":{"line":74,"column":6},"end":{"line":76,"column":12}},"20":{"start":{"line":78,"column":6},"end":{"line":80,"column":12}},"21":{"start":{"line":81,"column":4},"end":{"line":97,"column":6}},"22":{"start":{"line":99,"column":4},"end":{"line":99,"column":37}},"23":{"start":{"line":105,"column":16},"end":{"line":105,"column":64}},"24":{"start":{"line":106,"column":4},"end":{"line":106,"column":28}},"25":{"start":{"line":110,"column":20},"end":{"line":110,"column":37}},"26":{"start":{"line":111,"column":30},"end":{"line":111,"column":54}},"27":{"start":{"line":112,"column":4},"end":{"line":112,"column":75}}},"fnMap":{"0":{"name":"clampRegistrationStep","decl":{"start":{"line":32,"column":9},"end":{"line":32,"column":30}},"loc":{"start":{"line":32,"column":72},"end":{"line":35,"column":1}},"line":32},"1":{"name":"clampLoginStep","decl":{"start":{"line":37,"column":9},"end":{"line":37,"column":23}},"loc":{"start":{"line":37,"column":58},"end":{"line":40,"column":1}},"line":37},"2":{"name":"parseStored","decl":{"start":{"line":42,"column":9},"end":{"line":42,"column":20}},"loc":{"start":{"line":42,"column":55},"end":{"line":101,"column":1}},"line":42},"3":{"name":"(anonymous_3)","decl":{"start":{"line":104,"column":2},"end":{"line":104,"column":3}},"loc":{"start":{"line":104,"column":37},"end":{"line":107,"column":3}},"line":104},"4":{"name":"(anonymous_4)","decl":{"start":{"line":109,"column":2},"end":{"line":109,"column":3}},"loc":{"start":{"line":109,"column":50},"end":{"line":113,"column":3}},"line":109}},"branchMap":{"0":{"loc":{"start":{"line":33,"column":2},"end":{"line":33,"column":46}},"type":"if","locations":[{"start":{"line":33,"column":2},"end":{"line":33,"column":46}},{"start":{},"end":{}}],"line":33},"1":{"loc":{"start":{"line":33,"column":6},"end":{"line":33,"column":35}},"type":"binary-expr","locations":[{"start":{"line":33,"column":6},"end":{"line":33,"column":13}},{"start":{"line":33,"column":17},"end":{"line":33,"column":24}},{"start":{"line":33,"column":28},"end":{"line":33,"column":35}}],"line":33},"2":{"loc":{"start":{"line":38,"column":2},"end":{"line":38,"column":35}},"type":"if","locations":[{"start":{"line":38,"column":2},"end":{"line":38,"column":35}},{"start":{},"end":{}}],"line":38},"3":{"loc":{"start":{"line":38,"column":6},"end":{"line":38,"column":24}},"type":"binary-expr","locations":[{"start":{"line":38,"column":6},"end":{"line":38,"column":13}},{"start":{"line":38,"column":17},"end":{"line":38,"column":24}}],"line":38},"4":{"loc":{"start":{"line":43,"column":2},"end":{"line":45,"column":3}},"type":"if","locations":[{"start":{"line":43,"column":2},"end":{"line":45,"column":3}},{"start":{},"end":{}}],"line":43},"5":{"loc":{"start":{"line":50,"column":4},"end":{"line":52,"column":5}},"type":"if","locations":[{"start":{"line":50,"column":4},"end":{"line":52,"column":5}},{"start":{},"end":{}}],"line":50},"6":{"loc":{"start":{"line":50,"column":8},"end":{"line":50,"column":70}},"type":"binary-expr","locations":[{"start":{"line":50,"column":8},"end":{"line":50,"column":18}},{"start":{"line":50,"column":22},"end":{"line":50,"column":70}}],"line":50},"7":{"loc":{"start":{"line":54,"column":6},"end":{"line":56,"column":36}},"type":"cond-expr","locations":[{"start":{"line":55,"column":10},"end":{"line":55,"column":48}},{"start":{"line":56,"column":10},"end":{"line":56,"column":36}}],"line":54},"8":{"loc":{"start":{"line":56,"column":10},"end":{"line":56,"column":36}},"type":"binary-expr","locations":[{"start":{"line":56,"column":10},"end":{"line":56,"column":20}},{"start":{"line":56,"column":24},"end":{"line":56,"column":36}}],"line":56},"9":{"loc":{"start":{"line":58,"column":6},"end":{"line":60,"column":48}},"type":"cond-expr","locations":[{"start":{"line":59,"column":10},"end":{"line":59,"column":36}},{"start":{"line":60,"column":10},"end":{"line":60,"column":48}}],"line":58},"10":{"loc":{"start":{"line":62,"column":6},"end":{"line":64,"column":12}},"type":"cond-expr","locations":[{"start":{"line":63,"column":10},"end":{"line":63,"column":42}},{"start":{"line":64,"column":10},"end":{"line":64,"column":12}}],"line":62},"11":{"loc":{"start":{"line":66,"column":6},"end":{"line":68,"column":12}},"type":"cond-expr","locations":[{"start":{"line":67,"column":10},"end":{"line":67,"column":39}},{"start":{"line":68,"column":10},"end":{"line":68,"column":12}}],"line":66},"12":{"loc":{"start":{"line":70,"column":6},"end":{"line":72,"column":12}},"type":"cond-expr","locations":[{"start":{"line":71,"column":10},"end":{"line":71,"column":32}},{"start":{"line":72,"column":10},"end":{"line":72,"column":12}}],"line":70},"13":{"loc":{"start":{"line":74,"column":6},"end":{"line":76,"column":12}},"type":"cond-expr","locations":[{"start":{"line":75,"column":10},"end":{"line":75,"column":32}},{"start":{"line":76,"column":10},"end":{"line":76,"column":12}}],"line":74},"14":{"loc":{"start":{"line":78,"column":6},"end":{"line":80,"column":12}},"type":"cond-expr","locations":[{"start":{"line":79,"column":10},"end":{"line":79,"column":42}},{"start":{"line":80,"column":10},"end":{"line":80,"column":12}}],"line":78},"15":{"loc":{"start":{"line":83,"column":8},"end":{"line":85,"column":21}},"type":"cond-expr","locations":[{"start":{"line":84,"column":12},"end":{"line":84,"column":27}},{"start":{"line":85,"column":12},"end":{"line":85,"column":21}}],"line":83}},"s":{"0":54,"1":12,"2":42,"3":54,"4":13,"5":41,"6":81,"7":27,"8":54,"9":54,"10":54,"11":54,"12":54,"13":0,"14":54,"15":54,"16":54,"17":54,"18":54,"19":54,"20":54,"21":54,"22":0,"23":81,"24":81,"25":67,"26":67,"27":67},"f":{"0":54,"1":54,"2":81,"3":81,"4":67},"b":{"0":[12,42],"1":[54,49,45],"2":[13,41],"3":[54,47],"4":[27,54],"5":[0,54],"6":[54,54],"7":[54,0],"8":[0,0],"9":[54,0],"10":[54,0],"11":[54,0],"12":[54,0],"13":[54,0],"14":[54,0],"15":[4,50]},"_coverageSchema":"1a1c01bbd47fc00a2c39e90264f33305004495a9","hash":"a28265f97f84be8c2760098e5e02a1a69e570441"}
,"E:\\_projects\\FIAP\\Tech Challenge\\Fase_05\\senior-ease-mobile\\src\\data\\settings\\storageKeys.ts": {"path":"E:\\_projects\\FIAP\\Tech Challenge\\Fase_05\\senior-ease-mobile\\src\\data\\settings\\storageKeys.ts","statementMap":{"0":{"start":{"line":1,"column":36},"end":{"line":1,"column":66}}},"fnMap":{},"branchMap":{},"s":{"0":1},"f":{},"b":{},"_coverageSchema":"1a1c01bbd47fc00a2c39e90264f33305004495a9","hash":"1d5bb7bfebf9c460c32d7d9702bd08be2b160c9d"}
,"E:\\_projects\\FIAP\\Tech Challenge\\Fase_05\\senior-ease-mobile\\src\\domain\\constants\\demoLoginCredentials.ts": {"path":"E:\\_projects\\FIAP\\Tech Challenge\\Fase_05\\senior-ease-mobile\\src\\domain\\constants\\demoLoginCredentials.ts","statementMap":{"0":{"start":{"line":6,"column":32},"end":{"line":6,"column":54}},"1":{"start":{"line":7,"column":35},"end":{"line":7,"column":45}},"2":{"start":{"line":10,"column":38},"end":{"line":10,"column":55}},"3":{"start":{"line":13,"column":31},"end":{"line":13,"column":33}},"4":{"start":{"line":16,"column":12},"end":{"line":16,"column":38}},"5":{"start":{"line":17,"column":12},"end":{"line":17,"column":27}},"6":{"start":{"line":18,"column":2},"end":{"line":20,"column":4}},"7":{"start":{"line":25,"column":2},"end":{"line":30,"column":4}}},"fnMap":{"0":{"name":"isDemoLoginValid","decl":{"start":{"line":15,"column":16},"end":{"line":15,"column":32}},"loc":{"start":{"line":15,"column":75},"end":{"line":21,"column":1}},"line":15},"1":{"name":"demoLoginHelpMessage","decl":{"start":{"line":24,"column":16},"end":{"line":24,"column":36}},"loc":{"start":{"line":24,"column":47},"end":{"line":31,"column":1}},"line":24}},"branchMap":{"0":{"loc":{"start":{"line":19,"column":4},"end":{"line":19,"column":69}},"type":"binary-expr","locations":[{"start":{"line":19,"column":4},"end":{"line":19,"column":40}},{"start":{"line":19,"column":44},"end":{"line":19,"column":69}}],"line":19}},"s":{"0":1,"1":1,"2":1,"3":1,"4":6,"5":6,"6":6,"7":0},"f":{"0":6,"1":0},"b":{"0":[6,6]},"_coverageSchema":"1a1c01bbd47fc00a2c39e90264f33305004495a9","hash":"844c99d0f89031856af5bc0211adb4f4b4c8ddbd"}
,"E:\\_projects\\FIAP\\Tech Challenge\\Fase_05\\senior-ease-mobile\\src\\domain\\entities\\AppSettings.ts": {"path":"E:\\_projects\\FIAP\\Tech Challenge\\Fase_05\\senior-ease-mobile\\src\\domain\\entities\\AppSettings.ts","statementMap":{"0":{"start":{"line":36,"column":47},"end":{"line":49,"column":1}}},"fnMap":{},"branchMap":{},"s":{"0":1},"f":{},"b":{},"_coverageSchema":"1a1c01bbd47fc00a2c39e90264f33305004495a9","hash":"4e3f4b0027c297db6cb743264997759b16934b0e"}
,"E:\\_projects\\FIAP\\Tech Challenge\\Fase_05\\senior-ease-mobile\\src\\domain\\entities\\fontScale.ts": {"path":"E:\\_projects\\FIAP\\Tech Challenge\\Fase_05\\senior-ease-mobile\\src\\domain\\entities\\fontScale.ts","statementMap":{"0":{"start":{"line":1,"column":34},"end":{"line":1,"column":35}},"1":{"start":{"line":2,"column":30},"end":{"line":2,"column":34}},"2":{"start":{"line":3,"column":30},"end":{"line":3,"column":31}},"3":{"start":{"line":4,"column":31},"end":{"line":4,"column":35}},"4":{"start":{"line":7,"column":12},"end":{"line":7,"column":41}},"5":{"start":{"line":8,"column":2},"end":{"line":8,"column":63}}},"fnMap":{"0":{"name":"clampFontScale","decl":{"start":{"line":6,"column":16},"end":{"line":6,"column":30}},"loc":{"start":{"line":6,"column":54},"end":{"line":9,"column":1}},"line":6}},"branchMap":{},"s":{"0":1,"1":1,"2":1,"3":1,"4":104,"5":104},"f":{"0":104},"b":{},"_coverageSchema":"1a1c01bbd47fc00a2c39e90264f33305004495a9","hash":"a22cbacbb501a8496dd5dcf524fe32c07ed8689d"}
,"E:\\_projects\\FIAP\\Tech Challenge\\Fase_05\\senior-ease-mobile\\src\\domain\\usecases\\CompleteFontSizeOnboardingUseCase.ts": {"path":"E:\\_projects\\FIAP\\Tech Challenge\\Fase_05\\senior-ease-mobile\\src\\domain\\usecases\\CompleteFontSizeOnboardingUseCase.ts","statementMap":{"0":{"start":{"line":8,"column":4},"end":{"line":11,"column":7}}},"fnMap":{"0":{"name":"(anonymous_0)","decl":{"start":{"line":5,"column":2},"end":{"line":5,"column":3}},"loc":{"start":{"line":5,"column":71},"end":{"line":5,"column":73}},"line":5},"1":{"name":"(anonymous_1)","decl":{"start":{"line":7,"column":2},"end":{"line":7,"column":3}},"loc":{"start":{"line":7,"column":54},"end":{"line":12,"column":3}},"line":7}},"branchMap":{},"s":{"0":12},"f":{"0":14,"1":12},"b":{},"_coverageSchema":"1a1c01bbd47fc00a2c39e90264f33305004495a9","hash":"c030ad88213facd844b8b05caaa0438b28170e74"}
,"E:\\_projects\\FIAP\\Tech Challenge\\Fase_05\\senior-ease-mobile\\src\\domain\\usecases\\GetBootstrapStateUseCase.ts": {"path":"E:\\_projects\\FIAP\\Tech Challenge\\Fase_05\\senior-ease-mobile\\src\\domain\\usecases\\GetBootstrapStateUseCase.ts","statementMap":{"0":{"start":{"line":8,"column":4},"end":{"line":8,"column":42}}},"fnMap":{"0":{"name":"(anonymous_0)","decl":{"start":{"line":5,"column":2},"end":{"line":5,"column":3}},"loc":{"start":{"line":5,"column":71},"end":{"line":5,"column":73}},"line":5},"1":{"name":"(anonymous_1)","decl":{"start":{"line":7,"column":2},"end":{"line":7,"column":3}},"loc":{"start":{"line":7,"column":34},"end":{"line":9,"column":3}},"line":7}},"branchMap":{},"s":{"0":14},"f":{"0":14,"1":14},"b":{},"_coverageSchema":"1a1c01bbd47fc00a2c39e90264f33305004495a9","hash":"fb37ba49dad88821e8bfd1e0cd7d785e714fd913"}
,"E:\\_projects\\FIAP\\Tech Challenge\\Fase_05\\senior-ease-mobile\\src\\domain\\usecases\\PersistSettingsUseCase.ts": {"path":"E:\\_projects\\FIAP\\Tech Challenge\\Fase_05\\senior-ease-mobile\\src\\domain\\usecases\\PersistSettingsUseCase.ts","statementMap":{"0":{"start":{"line":10,"column":4},"end":{"line":10,"column":47}}},"fnMap":{"0":{"name":"(anonymous_0)","decl":{"start":{"line":7,"column":2},"end":{"line":7,"column":3}},"loc":{"start":{"line":7,"column":71},"end":{"line":7,"column":73}},"line":7},"1":{"name":"(anonymous_1)","decl":{"start":{"line":9,"column":2},"end":{"line":9,"column":3}},"loc":{"start":{"line":9,"column":47},"end":{"line":11,"column":3}},"line":9}},"branchMap":{},"s":{"0":38},"f":{"0":14,"1":38},"b":{},"_coverageSchema":"1a1c01bbd47fc00a2c39e90264f33305004495a9","hash":"c9755c9d9bf740c96b863b510723738ea5ff655d"}
,"E:\\_projects\\FIAP\\Tech Challenge\\Fase_05\\senior-ease-mobile\\src\\domain\\usecases\\RevertToFontSizeOnboardingUseCase.ts": {"path":"E:\\_projects\\FIAP\\Tech Challenge\\Fase_05\\senior-ease-mobile\\src\\domain\\usecases\\RevertToFontSizeOnboardingUseCase.ts","statementMap":{"0":{"start":{"line":8,"column":4},"end":{"line":8,"column":80}}},"fnMap":{"0":{"name":"(anonymous_0)","decl":{"start":{"line":5,"column":2},"end":{"line":5,"column":3}},"loc":{"start":{"line":5,"column":71},"end":{"line":5,"column":73}},"line":5},"1":{"name":"(anonymous_1)","decl":{"start":{"line":7,"column":2},"end":{"line":7,"column":3}},"loc":{"start":{"line":7,"column":27},"end":{"line":9,"column":3}},"line":7}},"branchMap":{},"s":{"0":1},"f":{"0":14,"1":1},"b":{},"_coverageSchema":"1a1c01bbd47fc00a2c39e90264f33305004495a9","hash":"828525ab689e2854f9bfab2b0186c48a692151de"}
,"E:\\_projects\\FIAP\\Tech Challenge\\Fase_05\\senior-ease-mobile\\src\\domain\\usecases\\RevertToVisualComfortOnboardingUseCase.ts": {"path":"E:\\_projects\\FIAP\\Tech Challenge\\Fase_05\\senior-ease-mobile\\src\\domain\\usecases\\RevertToVisualComfortOnboardingUseCase.ts","statementMap":{"0":{"start":{"line":8,"column":4},"end":{"line":8,"column":78}}},"fnMap":{"0":{"name":"(anonymous_0)","decl":{"start":{"line":5,"column":2},"end":{"line":5,"column":3}},"loc":{"start":{"line":5,"column":71},"end":{"line":5,"column":73}},"line":5},"1":{"name":"(anonymous_1)","decl":{"start":{"line":7,"column":2},"end":{"line":7,"column":3}},"loc":{"start":{"line":7,"column":27},"end":{"line":9,"column":3}},"line":7}},"branchMap":{},"s":{"0":1},"f":{"0":14,"1":1},"b":{},"_coverageSchema":"1a1c01bbd47fc00a2c39e90264f33305004495a9","hash":"ce51ba516c677bd74f9962af4c97df6510a9628c"}
,"E:\\_projects\\FIAP\\Tech Challenge\\Fase_05\\senior-ease-mobile\\src\\domain\\usecases\\RevertToWelcomeScreenUseCase.ts": {"path":"E:\\_projects\\FIAP\\Tech Challenge\\Fase_05\\senior-ease-mobile\\src\\domain\\usecases\\RevertToWelcomeScreenUseCase.ts","statementMap":{"0":{"start":{"line":8,"column":4},"end":{"line":16,"column":7}}},"fnMap":{"0":{"name":"(anonymous_0)","decl":{"start":{"line":5,"column":2},"end":{"line":5,"column":3}},"loc":{"start":{"line":5,"column":71},"end":{"line":5,"column":73}},"line":5},"1":{"name":"(anonymous_1)","decl":{"start":{"line":7,"column":2},"end":{"line":7,"column":3}},"loc":{"start":{"line":7,"column":27},"end":{"line":17,"column":3}},"line":7}},"branchMap":{},"s":{"0":2},"f":{"0":14,"1":2},"b":{},"_coverageSchema":"1a1c01bbd47fc00a2c39e90264f33305004495a9","hash":"dbafc8a4a167b389b11bc03ae88b995fc95708e3"}
,"E:\\_projects\\FIAP\\Tech Challenge\\Fase_05\\senior-ease-mobile\\src\\domain\\usecases\\SubmitVisualComfortOnboardingUseCase.ts": {"path":"E:\\_projects\\FIAP\\Tech Challenge\\Fase_05\\senior-ease-mobile\\src\\domain\\usecases\\SubmitVisualComfortOnboardingUseCase.ts","statementMap":{"0":{"start":{"line":8,"column":4},"end":{"line":11,"column":7}}},"fnMap":{"0":{"name":"(anonymous_0)","decl":{"start":{"line":5,"column":2},"end":{"line":5,"column":3}},"loc":{"start":{"line":5,"column":71},"end":{"line":5,"column":73}},"line":5},"1":{"name":"(anonymous_1)","decl":{"start":{"line":7,"column":2},"end":{"line":7,"column":3}},"loc":{"start":{"line":7,"column":49},"end":{"line":12,"column":3}},"line":7}},"branchMap":{},"s":{"0":13},"f":{"0":14,"1":13},"b":{},"_coverageSchema":"1a1c01bbd47fc00a2c39e90264f33305004495a9","hash":"dbcb03753e862e34dd3455b487dddf2a33eae4ed"}
,"E:\\_projects\\FIAP\\Tech Challenge\\Fase_05\\senior-ease-mobile\\src\\presentation\\components\\SignUpFlowProgress.tsx": {"path":"E:\\_projects\\FIAP\\Tech Challenge\\Fase_05\\senior-ease-mobile\\src\\presentation\\components\\SignUpFlowProgress.tsx","statementMap":{"0":{"start":{"line":20,"column":2},"end":{"line":43,"column":3}},"1":{"start":{"line":21,"column":4},"end":{"line":32,"column":5}},"2":{"start":{"line":22,"column":6},"end":{"line":31,"column":8}},"3":{"start":{"line":33,"column":4},"end":{"line":42,"column":6}},"4":{"start":{"line":45,"column":2},"end":{"line":59,"column":3}},"5":{"start":{"line":46,"column":4},"end":{"line":58,"column":6}},"6":{"start":{"line":61,"column":2},"end":{"line":75,"column":3}},"7":{"start":{"line":62,"column":4},"end":{"line":74,"column":6}},"8":{"start":{"line":77,"column":2},"end":{"line":89,"column":4}},"9":{"start":{"line":92,"column":15},"end":{"line":112,"column":2}}},"fnMap":{"0":{"name":"SignUpFlowProgress","decl":{"start":{"line":13,"column":16},"end":{"line":13,"column":34}},"loc":{"start":{"line":19,"column":10},"end":{"line":90,"column":1}},"line":19}},"branchMap":{"0":{"loc":{"start":{"line":18,"column":2},"end":{"line":18,"column":16}},"type":"default-arg","locations":[{"start":{"line":18,"column":15},"end":{"line":18,"column":16}}],"line":18},"1":{"loc":{"start":{"line":20,"column":2},"end":{"line":43,"column":3}},"type":"if","locations":[{"start":{"line":20,"column":2},"end":{"line":43,"column":3}},{"start":{},"end":{}}],"line":20},"2":{"loc":{"start":{"line":21,"column":4},"end":{"line":32,"column":5}},"type":"if","locations":[{"start":{"line":21,"column":4},"end":{"line":32,"column":5}},{"start":{},"end":{}}],"line":21},"3":{"loc":{"start":{"line":45,"column":2},"end":{"line":59,"column":3}},"type":"if","locations":[{"start":{"line":45,"column":2},"end":{"line":59,"column":3}},{"start":{},"end":{}}],"line":45},"4":{"loc":{"start":{"line":61,"column":2},"end":{"line":75,"column":3}},"type":"if","locations":[{"start":{"line":61,"column":2},"end":{"line":75,"column":3}},{"start":{},"end":{}}],"line":61}},"s":{"0":75,"1":38,"2":20,"3":18,"4":37,"5":15,"6":22,"7":12,"8":10,"9":1},"f":{"0":75},"b":{"0":[37],"1":[38,37],"2":[20,18],"3":[15,22],"4":[12,10]},"_coverageSchema":"1a1c01bbd47fc00a2c39e90264f33305004495a9","hash":"c65b71a311b8632ed95c2b96a6afec341fc61132"}
,"E:\\_projects\\FIAP\\Tech Challenge\\Fase_05\\senior-ease-mobile\\src\\presentation\\layout\\screenHeaderPaddingTop.ts": {"path":"E:\\_projects\\FIAP\\Tech Challenge\\Fase_05\\senior-ease-mobile\\src\\presentation\\layout\\screenHeaderPaddingTop.ts","statementMap":{"0":{"start":{"line":4,"column":29},"end":{"line":4,"column":31}},"1":{"start":{"line":12,"column":4},"end":{"line":12,"column":66}},"2":{"start":{"line":13,"column":2},"end":{"line":13,"column":71}}},"fnMap":{"0":{"name":"screenHeaderPaddingTop","decl":{"start":{"line":10,"column":16},"end":{"line":10,"column":38}},"loc":{"start":{"line":10,"column":66},"end":{"line":14,"column":1}},"line":10}},"branchMap":{"0":{"loc":{"start":{"line":12,"column":4},"end":{"line":12,"column":66}},"type":"cond-expr","locations":[{"start":{"line":12,"column":33},"end":{"line":12,"column":61}},{"start":{"line":12,"column":65},"end":{"line":12,"column":66}}],"line":12},"1":{"loc":{"start":{"line":12,"column":33},"end":{"line":12,"column":61}},"type":"binary-expr","locations":[{"start":{"line":12,"column":33},"end":{"line":12,"column":56}},{"start":{"line":12,"column":60},"end":{"line":12,"column":61}}],"line":12}},"s":{"0":1,"1":199,"2":199},"f":{"0":199},"b":{"0":[0,199],"1":[0,0]},"_coverageSchema":"1a1c01bbd47fc00a2c39e90264f33305004495a9","hash":"85aaef4e1bf12f81e3d07e3ecfef6bc230deaab0"}
,"E:\\_projects\\FIAP\\Tech Challenge\\Fase_05\\senior-ease-mobile\\src\\presentation\\screens\\AddTaskScreen.tsx": {"path":"E:\\_projects\\FIAP\\Tech Challenge\\Fase_05\\senior-ease-mobile\\src\\presentation\\screens\\AddTaskScreen.tsx","statementMap":{"0":{"start":{"line":36,"column":20},"end":{"line":36,"column":36}},"1":{"start":{"line":37,"column":23},"end":{"line":37,"column":42}},"2":{"start":{"line":39,"column":25},"end":{"line":39,"column":34}},"3":{"start":{"line":40,"column":25},"end":{"line":40,"column":34}},"4":{"start":{"line":41,"column":25},"end":{"line":41,"column":49}},"5":{"start":{"line":42,"column":28},"end":{"line":42,"column":52}},"6":{"start":{"line":45,"column":34},"end":{"line":45,"column":43}},"7":{"start":{"line":46,"column":27},"end":{"line":46,"column":36}},"8":{"start":{"line":47,"column":29},"end":{"line":47,"column":38}},"9":{"start":{"line":59,"column":14},"end":{"line":59,"column":24}},"10":{"start":{"line":60,"column":2},"end":{"line":60,"column":49}},"11":{"start":{"line":60,"column":24},"end":{"line":60,"column":49}},"12":{"start":{"line":61,"column":2},"end":{"line":61,"column":64}},"13":{"start":{"line":61,"column":27},"end":{"line":61,"column":64}},"14":{"start":{"line":62,"column":17},"end":{"line":62,"column":71}},"15":{"start":{"line":63,"column":2},"end":{"line":63,"column":37}},"16":{"start":{"line":73,"column":2},"end":{"line":75,"column":51}},"17":{"start":{"line":73,"column":24},"end":{"line":73,"column":37}},"18":{"start":{"line":74,"column":7},"end":{"line":75,"column":51}},"19":{"start":{"line":74,"column":32},"end":{"line":74,"column":47}},"20":{"start":{"line":75,"column":7},"end":{"line":75,"column":51}},"21":{"start":{"line":76,"column":12},"end":{"line":76,"column":27}},"22":{"start":{"line":77,"column":17},"end":{"line":77,"column":19}},"23":{"start":{"line":78,"column":2},"end":{"line":83,"column":3}},"24":{"start":{"line":79,"column":23},"end":{"line":81,"column":9}},"25":{"start":{"line":82,"column":4},"end":{"line":82,"column":34}},"26":{"start":{"line":84,"column":10},"end":{"line":84,"column":24}},"27":{"start":{"line":85,"column":2},"end":{"line":87,"column":3}},"28":{"start":{"line":86,"column":4},"end":{"line":86,"column":23}},"29":{"start":{"line":88,"column":2},"end":{"line":88,"column":11}},"30":{"start":{"line":96,"column":17},"end":{"line":96,"column":36}},"31":{"start":{"line":97,"column":34},"end":{"line":97,"column":47}},"32":{"start":{"line":98,"column":16},"end":{"line":98,"column":40}},"33":{"start":{"line":99,"column":24},"end":{"line":102,"column":4}},"34":{"start":{"line":103,"column":19},"end":{"line":103,"column":56}},"35":{"start":{"line":104,"column":22},"end":{"line":104,"column":62}},"36":{"start":{"line":106,"column":26},"end":{"line":106,"column":44}},"37":{"start":{"line":107,"column":28},"end":{"line":107,"column":40}},"38":{"start":{"line":108,"column":32},"end":{"line":108,"column":58}},"39":{"start":{"line":109,"column":38},"end":{"line":109,"column":50}},"40":{"start":{"line":110,"column":34},"end":{"line":110,"column":46}},"41":{"start":{"line":111,"column":34},"end":{"line":111,"column":49}},"42":{"start":{"line":112,"column":44},"end":{"line":112,"column":59}},"43":{"start":{"line":113,"column":44},"end":{"line":113,"column":59}},"44":{"start":{"line":114,"column":36},"end":{"line":114,"column":65}},"45":{"start":{"line":116,"column":20},"end":{"line":116,"column":44}},"46":{"start":{"line":117,"column":21},"end":{"line":117,"column":57}},"47":{"start":{"line":118,"column":22},"end":{"line":118,"column":69}},"48":{"start":{"line":119,"column":16},"end":{"line":119,"column":65}},"49":{"start":{"line":120,"column":17},"end":{"line":120,"column":56}},"50":{"start":{"line":121,"column":20},"end":{"line":121,"column":61}},"51":{"start":{"line":122,"column":18},"end":{"line":122,"column":58}},"52":{"start":{"line":123,"column":22},"end":{"line":123,"column":60}},"53":{"start":{"line":124,"column":27},"end":{"line":124,"column":75}},"54":{"start":{"line":125,"column":18},"end":{"line":125,"column":74}},"55":{"start":{"line":126,"column":25},"end":{"line":126,"column":71}},"56":{"start":{"line":127,"column":25},"end":{"line":127,"column":61}},"57":{"start":{"line":128,"column":23},"end":{"line":128,"column":82}},"58":{"start":{"line":129,"column":21},"end":{"line":129,"column":59}},"59":{"start":{"line":130,"column":23},"end":{"line":130,"column":62}},"60":{"start":{"line":131,"column":25},"end":{"line":131,"column":66}},"61":{"start":{"line":133,"column":26},"end":{"line":133,"column":76}},"62":{"start":{"line":134,"column":20},"end":{"line":134,"column":70}},"63":{"start":{"line":135,"column":18},"end":{"line":135,"column":68}},"64":{"start":{"line":136,"column":19},"end":{"line":136,"column":69}},"65":{"start":{"line":137,"column":20},"end":{"line":137,"column":70}},"66":{"start":{"line":138,"column":23},"end":{"line":138,"column":73}},"67":{"start":{"line":139,"column":18},"end":{"line":139,"column":68}},"68":{"start":{"line":140,"column":20},"end":{"line":140,"column":70}},"69":{"start":{"line":141,"column":19},"end":{"line":141,"column":70}},"70":{"start":{"line":142,"column":19},"end":{"line":142,"column":69}},"71":{"start":{"line":143,"column":22},"end":{"line":143,"column":72}},"72":{"start":{"line":145,"column":26},"end":{"line":147,"column":24}},"73":{"start":{"line":148,"column":23},"end":{"line":148,"column":65}},"74":{"start":{"line":149,"column":30},"end":{"line":151,"column":28}},"75":{"start":{"line":152,"column":26},"end":{"line":152,"column":79}},"76":{"start":{"line":153,"column":27},"end":{"line":153,"column":77}},"77":{"start":{"line":154,"column":27},"end":{"line":154,"column":77}},"78":{"start":{"line":156,"column":2},"end":{"line":168,"column":16}},"79":{"start":{"line":157,"column":4},"end":{"line":167,"column":5}},"80":{"start":{"line":158,"column":6},"end":{"line":158,"column":29}},"81":{"start":{"line":159,"column":6},"end":{"line":159,"column":17}},"82":{"start":{"line":160,"column":6},"end":{"line":160,"column":19}},"83":{"start":{"line":161,"column":6},"end":{"line":161,"column":26}},"84":{"start":{"line":162,"column":6},"end":{"line":162,"column":24}},"85":{"start":{"line":163,"column":6},"end":{"line":163,"column":22}},"86":{"start":{"line":164,"column":6},"end":{"line":164,"column":25}},"87":{"start":{"line":165,"column":6},"end":{"line":165,"column":30}},"88":{"start":{"line":166,"column":6},"end":{"line":166,"column":30}},"89":{"start":{"line":170,"column":2},"end":{"line":176,"column":51}},"90":{"start":{"line":171,"column":4},"end":{"line":175,"column":5}},"91":{"start":{"line":173,"column":8},"end":{"line":173,"column":57}},"92":{"start":{"line":174,"column":6},"end":{"line":174,"column":48}},"93":{"start":{"line":178,"column":22},"end":{"line":180,"column":15}},"94":{"start":{"line":179,"column":4},"end":{"line":179,"column":14}},"95":{"start":{"line":182,"column":25},"end":{"line":187,"column":8}},"96":{"start":{"line":183,"column":4},"end":{"line":186,"column":6}},"97":{"start":{"line":189,"column":27},"end":{"line":195,"column":8}},"98":{"start":{"line":190,"column":4},"end":{"line":194,"column":6}},"99":{"start":{"line":197,"column":26},"end":{"line":207,"column":13}},"100":{"start":{"line":198,"column":14},"end":{"line":198,"column":26}},"101":{"start":{"line":199,"column":4},"end":{"line":205,"column":5}},"102":{"start":{"line":200,"column":6},"end":{"line":203,"column":8}},"103":{"start":{"line":204,"column":6},"end":{"line":204,"column":13}},"104":{"start":{"line":206,"column":4},"end":{"line":206,"column":15}},"105":{"start":{"line":209,"column":26},"end":{"line":211,"column":8}},"106":{"start":{"line":210,"column":4},"end":{"line":210,"column":15}},"107":{"start":{"line":213,"column":23},"end":{"line":223,"column":64}},"108":{"start":{"line":214,"column":14},"end":{"line":214,"column":26}},"109":{"start":{"line":215,"column":4},"end":{"line":218,"column":5}},"110":{"start":{"line":216,"column":6},"end":{"line":216,"column":17}},"111":{"start":{"line":217,"column":6},"end":{"line":217,"column":13}},"112":{"start":{"line":219,"column":16},"end":{"line":219,"column":71}},"113":{"start":{"line":220,"column":25},"end":{"line":220,"column":65}},"114":{"start":{"line":221,"column":4},"end":{"line":221,"column":35}},"115":{"start":{"line":222,"column":4},"end":{"line":222,"column":28}},"116":{"start":{"line":225,"column":22},"end":{"line":229,"column":8}},"117":{"start":{"line":226,"column":4},"end":{"line":226,"column":24}},"118":{"start":{"line":227,"column":4},"end":{"line":227,"column":28}},"119":{"start":{"line":228,"column":4},"end":{"line":228,"column":22}},"120":{"start":{"line":231,"column":25},"end":{"line":235,"column":8}},"121":{"start":{"line":232,"column":4},"end":{"line":232,"column":27}},"122":{"start":{"line":233,"column":4},"end":{"line":233,"column":28}},"123":{"start":{"line":234,"column":4},"end":{"line":234,"column":22}},"124":{"start":{"line":237,"column":25},"end":{"line":240,"column":8}},"125":{"start":{"line":238,"column":4},"end":{"line":238,"column":25}},"126":{"start":{"line":239,"column":4},"end":{"line":239,"column":27}},"127":{"start":{"line":242,"column":24},"end":{"line":244,"column":8}},"128":{"start":{"line":243,"column":4},"end":{"line":243,"column":27}},"129":{"start":{"line":246,"column":23},"end":{"line":246,"column":47}},"130":{"start":{"line":249,"column":4},"end":{"line":249,"column":53}},"131":{"start":{"line":251,"column":2},"end":{"line":947,"column":4}},"132":{"start":{"line":279,"column":42},"end":{"line":287,"column":19}},"133":{"start":{"line":342,"column":42},"end":{"line":350,"column":19}},"134":{"start":{"line":383,"column":44},"end":{"line":391,"column":21}},"135":{"start":{"line":405,"column":44},"end":{"line":413,"column":21}},"136":{"start":{"line":440,"column":42},"end":{"line":448,"column":19}},"137":{"start":{"line":566,"column":44},"end":{"line":573,"column":21}},"138":{"start":{"line":597,"column":46},"end":{"line":612,"column":23}},"139":{"start":{"line":648,"column":46},"end":{"line":663,"column":23}},"140":{"start":{"line":725,"column":44},"end":{"line":731,"column":21}},"141":{"start":{"line":767,"column":44},"end":{"line":773,"column":21}},"142":{"start":{"line":893,"column":40},"end":{"line":901,"column":17}},"143":{"start":{"line":919,"column":40},"end":{"line":927,"column":17}},"144":{"start":{"line":950,"column":15},"end":{"line":1076,"column":2}}},"fnMap":{"0":{"name":"computeScheduleDate","decl":{"start":{"line":58,"column":9},"end":{"line":58,"column":28}},"loc":{"start":{"line":58,"column":72},"end":{"line":64,"column":1}},"line":58},"1":{"name":"formatSubtitle","decl":{"start":{"line":66,"column":9},"end":{"line":66,"column":23}},"loc":{"start":{"line":71,"column":10},"end":{"line":89,"column":1}},"line":71},"2":{"name":"AddTaskScreen","decl":{"start":{"line":91,"column":16},"end":{"line":91,"column":29}},"loc":{"start":{"line":95,"column":24},"end":{"line":948,"column":1}},"line":95},"3":{"name":"(anonymous_3)","decl":{"start":{"line":156,"column":12},"end":{"line":156,"column":13}},"loc":{"start":{"line":156,"column":18},"end":{"line":168,"column":3}},"line":156},"4":{"name":"(anonymous_4)","decl":{"start":{"line":170,"column":12},"end":{"line":170,"column":13}},"loc":{"start":{"line":170,"column":18},"end":{"line":176,"column":3}},"line":170},"5":{"name":"(anonymous_5)","decl":{"start":{"line":178,"column":34},"end":{"line":178,"column":35}},"loc":{"start":{"line":178,"column":40},"end":{"line":180,"column":3}},"line":178},"6":{"name":"(anonymous_6)","decl":{"start":{"line":182,"column":37},"end":{"line":182,"column":38}},"loc":{"start":{"line":182,"column":43},"end":{"line":187,"column":3}},"line":182},"7":{"name":"(anonymous_7)","decl":{"start":{"line":189,"column":39},"end":{"line":189,"column":40}},"loc":{"start":{"line":189,"column":45},"end":{"line":195,"column":3}},"line":189},"8":{"name":"(anonymous_8)","decl":{"start":{"line":197,"column":38},"end":{"line":197,"column":39}},"loc":{"start":{"line":197,"column":44},"end":{"line":207,"column":3}},"line":197},"9":{"name":"(anonymous_9)","decl":{"start":{"line":209,"column":38},"end":{"line":209,"column":39}},"loc":{"start":{"line":209,"column":44},"end":{"line":211,"column":3}},"line":209},"10":{"name":"(anonymous_10)","decl":{"start":{"line":213,"column":35},"end":{"line":213,"column":36}},"loc":{"start":{"line":213,"column":41},"end":{"line":223,"column":3}},"line":213},"11":{"name":"(anonymous_11)","decl":{"start":{"line":225,"column":34},"end":{"line":225,"column":35}},"loc":{"start":{"line":225,"column":40},"end":{"line":229,"column":3}},"line":225},"12":{"name":"(anonymous_12)","decl":{"start":{"line":231,"column":37},"end":{"line":231,"column":38}},"loc":{"start":{"line":231,"column":43},"end":{"line":235,"column":3}},"line":231},"13":{"name":"(anonymous_13)","decl":{"start":{"line":237,"column":37},"end":{"line":237,"column":38}},"loc":{"start":{"line":237,"column":43},"end":{"line":240,"column":3}},"line":237},"14":{"name":"(anonymous_14)","decl":{"start":{"line":242,"column":36},"end":{"line":242,"column":37}},"loc":{"start":{"line":242,"column":42},"end":{"line":244,"column":3}},"line":242},"15":{"name":"(anonymous_15)","decl":{"start":{"line":279,"column":25},"end":{"line":279,"column":26}},"loc":{"start":{"line":279,"column":42},"end":{"line":287,"column":19}},"line":279},"16":{"name":"(anonymous_16)","decl":{"start":{"line":342,"column":25},"end":{"line":342,"column":26}},"loc":{"start":{"line":342,"column":42},"end":{"line":350,"column":19}},"line":342},"17":{"name":"(anonymous_17)","decl":{"start":{"line":383,"column":27},"end":{"line":383,"column":28}},"loc":{"start":{"line":383,"column":44},"end":{"line":391,"column":21}},"line":383},"18":{"name":"(anonymous_18)","decl":{"start":{"line":405,"column":27},"end":{"line":405,"column":28}},"loc":{"start":{"line":405,"column":44},"end":{"line":413,"column":21}},"line":405},"19":{"name":"(anonymous_19)","decl":{"start":{"line":440,"column":25},"end":{"line":440,"column":26}},"loc":{"start":{"line":440,"column":42},"end":{"line":448,"column":19}},"line":440},"20":{"name":"(anonymous_20)","decl":{"start":{"line":566,"column":27},"end":{"line":566,"column":28}},"loc":{"start":{"line":566,"column":44},"end":{"line":573,"column":21}},"line":566},"21":{"name":"(anonymous_21)","decl":{"start":{"line":597,"column":29},"end":{"line":597,"column":30}},"loc":{"start":{"line":597,"column":46},"end":{"line":612,"column":23}},"line":597},"22":{"name":"(anonymous_22)","decl":{"start":{"line":648,"column":29},"end":{"line":648,"column":30}},"loc":{"start":{"line":648,"column":46},"end":{"line":663,"column":23}},"line":648},"23":{"name":"(anonymous_23)","decl":{"start":{"line":725,"column":27},"end":{"line":725,"column":28}},"loc":{"start":{"line":725,"column":44},"end":{"line":731,"column":21}},"line":725},"24":{"name":"(anonymous_24)","decl":{"start":{"line":767,"column":27},"end":{"line":767,"column":28}},"loc":{"start":{"line":767,"column":44},"end":{"line":773,"column":21}},"line":767},"25":{"name":"(anonymous_25)","decl":{"start":{"line":893,"column":23},"end":{"line":893,"column":24}},"loc":{"start":{"line":893,"column":40},"end":{"line":901,"column":17}},"line":893},"26":{"name":"(anonymous_26)","decl":{"start":{"line":919,"column":23},"end":{"line":919,"column":24}},"loc":{"start":{"line":919,"column":40},"end":{"line":927,"column":17}},"line":919}},"branchMap":{"0":{"loc":{"start":{"line":60,"column":2},"end":{"line":60,"column":49}},"type":"if","locations":[{"start":{"line":60,"column":2},"end":{"line":60,"column":49}},{"start":{},"end":{}}],"line":60},"1":{"loc":{"start":{"line":61,"column":2},"end":{"line":61,"column":64}},"type":"if","locations":[{"start":{"line":61,"column":2},"end":{"line":61,"column":64}},{"start":{},"end":{}}],"line":61},"2":{"loc":{"start":{"line":63,"column":9},"end":{"line":63,"column":36}},"type":"binary-expr","locations":[{"start":{"line":63,"column":9},"end":{"line":63,"column":15}},{"start":{"line":63,"column":19},"end":{"line":63,"column":36}}],"line":63},"3":{"loc":{"start":{"line":73,"column":2},"end":{"line":75,"column":51}},"type":"if","locations":[{"start":{"line":73,"column":2},"end":{"line":75,"column":51}},{"start":{"line":74,"column":7},"end":{"line":75,"column":51}}],"line":73},"4":{"loc":{"start":{"line":74,"column":7},"end":{"line":75,"column":51}},"type":"if","locations":[{"start":{"line":74,"column":7},"end":{"line":75,"column":51}},{"start":{"line":75,"column":7},"end":{"line":75,"column":51}}],"line":74},"5":{"loc":{"start":{"line":75,"column":13},"end":{"line":75,"column":50}},"type":"binary-expr","locations":[{"start":{"line":75,"column":13},"end":{"line":75,"column":30}},{"start":{"line":75,"column":34},"end":{"line":75,"column":50}}],"line":75},"6":{"loc":{"start":{"line":78,"column":2},"end":{"line":83,"column":3}},"type":"if","locations":[{"start":{"line":78,"column":2},"end":{"line":83,"column":3}},{"start":{},"end":{}}],"line":78},"7":{"loc":{"start":{"line":79,"column":23},"end":{"line":81,"column":9}},"type":"cond-expr","locations":[{"start":{"line":80,"column":8},"end":{"line":80,"column":15}},{"start":{"line":81,"column":8},"end":{"line":81,"column":9}}],"line":79},"8":{"loc":{"start":{"line":79,"column":23},"end":{"line":79,"column":69}},"type":"binary-expr","locations":[{"start":{"line":79,"column":23},"end":{"line":79,"column":35}},{"start":{"line":79,"column":39},"end":{"line":79,"column":69}}],"line":79},"9":{"loc":{"start":{"line":85,"column":2},"end":{"line":87,"column":3}},"type":"if","locations":[{"start":{"line":85,"column":2},"end":{"line":87,"column":3}},{"start":{},"end":{}}],"line":85},"10":{"loc":{"start":{"line":103,"column":19},"end":{"line":103,"column":56}},"type":"cond-expr","locations":[{"start":{"line":103,"column":33},"end":{"line":103,"column":44}},{"start":{"line":103,"column":47},"end":{"line":103,"column":56}}],"line":103},"11":{"loc":{"start":{"line":104,"column":22},"end":{"line":104,"column":62}},"type":"cond-expr","locations":[{"start":{"line":104,"column":36},"end":{"line":104,"column":50}},{"start":{"line":104,"column":53},"end":{"line":104,"column":62}}],"line":104},"12":{"loc":{"start":{"line":117,"column":21},"end":{"line":117,"column":57}},"type":"cond-expr","locations":[{"start":{"line":117,"column":33},"end":{"line":117,"column":42}},{"start":{"line":117,"column":45},"end":{"line":117,"column":57}}],"line":117},"13":{"loc":{"start":{"line":118,"column":22},"end":{"line":118,"column":69}},"type":"cond-expr","locations":[{"start":{"line":118,"column":34},"end":{"line":118,"column":44}},{"start":{"line":118,"column":47},"end":{"line":118,"column":69}}],"line":118},"14":{"loc":{"start":{"line":119,"column":16},"end":{"line":119,"column":65}},"type":"cond-expr","locations":[{"start":{"line":119,"column":28},"end":{"line":119,"column":44}},{"start":{"line":119,"column":47},"end":{"line":119,"column":65}}],"line":119},"15":{"loc":{"start":{"line":120,"column":17},"end":{"line":120,"column":56}},"type":"cond-expr","locations":[{"start":{"line":120,"column":29},"end":{"line":120,"column":38}},{"start":{"line":120,"column":41},"end":{"line":120,"column":56}}],"line":120},"16":{"loc":{"start":{"line":121,"column":20},"end":{"line":121,"column":61}},"type":"cond-expr","locations":[{"start":{"line":121,"column":32},"end":{"line":121,"column":41}},{"start":{"line":121,"column":44},"end":{"line":121,"column":61}}],"line":121},"17":{"loc":{"start":{"line":122,"column":18},"end":{"line":122,"column":58}},"type":"cond-expr","locations":[{"start":{"line":122,"column":30},"end":{"line":122,"column":46}},{"start":{"line":122,"column":49},"end":{"line":122,"column":58}}],"line":122},"18":{"loc":{"start":{"line":123,"column":22},"end":{"line":123,"column":60}},"type":"cond-expr","locations":[{"start":{"line":123,"column":34},"end":{"line":123,"column":43}},{"start":{"line":123,"column":46},"end":{"line":123,"column":60}}],"line":123},"19":{"loc":{"start":{"line":124,"column":27},"end":{"line":124,"column":75}},"type":"cond-expr","locations":[{"start":{"line":124,"column":39},"end":{"line":124,"column":48}},{"start":{"line":124,"column":51},"end":{"line":124,"column":75}}],"line":124},"20":{"loc":{"start":{"line":125,"column":18},"end":{"line":125,"column":74}},"type":"cond-expr","locations":[{"start":{"line":125,"column":30},"end":{"line":125,"column":46}},{"start":{"line":125,"column":49},"end":{"line":125,"column":74}}],"line":125},"21":{"loc":{"start":{"line":126,"column":25},"end":{"line":126,"column":71}},"type":"cond-expr","locations":[{"start":{"line":126,"column":37},"end":{"line":126,"column":46}},{"start":{"line":126,"column":49},"end":{"line":126,"column":71}}],"line":126},"22":{"loc":{"start":{"line":127,"column":25},"end":{"line":127,"column":61}},"type":"cond-expr","locations":[{"start":{"line":127,"column":37},"end":{"line":127,"column":46}},{"start":{"line":127,"column":49},"end":{"line":127,"column":61}}],"line":127},"23":{"loc":{"start":{"line":128,"column":23},"end":{"line":128,"column":82}},"type":"cond-expr","locations":[{"start":{"line":128,"column":35},"end":{"line":128,"column":54}},{"start":{"line":128,"column":57},"end":{"line":128,"column":82}}],"line":128},"24":{"loc":{"start":{"line":129,"column":21},"end":{"line":129,"column":59}},"type":"cond-expr","locations":[{"start":{"line":129,"column":33},"end":{"line":129,"column":42}},{"start":{"line":129,"column":45},"end":{"line":129,"column":59}}],"line":129},"25":{"loc":{"start":{"line":130,"column":23},"end":{"line":130,"column":62}},"type":"cond-expr","locations":[{"start":{"line":130,"column":35},"end":{"line":130,"column":44}},{"start":{"line":130,"column":47},"end":{"line":130,"column":62}}],"line":130},"26":{"loc":{"start":{"line":131,"column":25},"end":{"line":131,"column":66}},"type":"cond-expr","locations":[{"start":{"line":131,"column":37},"end":{"line":131,"column":46}},{"start":{"line":131,"column":49},"end":{"line":131,"column":66}}],"line":131},"27":{"loc":{"start":{"line":145,"column":26},"end":{"line":147,"column":24}},"type":"cond-expr","locations":[{"start":{"line":146,"column":6},"end":{"line":146,"column":31}},{"start":{"line":147,"column":6},"end":{"line":147,"column":24}}],"line":145},"28":{"loc":{"start":{"line":148,"column":23},"end":{"line":148,"column":65}},"type":"cond-expr","locations":[{"start":{"line":148,"column":35},"end":{"line":148,"column":53}},{"start":{"line":148,"column":56},"end":{"line":148,"column":65}}],"line":148},"29":{"loc":{"start":{"line":149,"column":30},"end":{"line":151,"column":28}},"type":"cond-expr","locations":[{"start":{"line":150,"column":6},"end":{"line":150,"column":26}},{"start":{"line":151,"column":6},"end":{"line":151,"column":28}}],"line":149},"30":{"loc":{"start":{"line":157,"column":4},"end":{"line":167,"column":5}},"type":"if","locations":[{"start":{"line":157,"column":4},"end":{"line":167,"column":5}},{"start":{},"end":{}}],"line":157},"31":{"loc":{"start":{"line":171,"column":4},"end":{"line":175,"column":5}},"type":"if","locations":[{"start":{"line":171,"column":4},"end":{"line":175,"column":5}},{"start":{},"end":{}}],"line":171},"32":{"loc":{"start":{"line":173,"column":8},"end":{"line":173,"column":57}},"type":"cond-expr","locations":[{"start":{"line":173,"column":34},"end":{"line":173,"column":49}},{"start":{"line":173,"column":52},"end":{"line":173,"column":57}}],"line":173},"33":{"loc":{"start":{"line":199,"column":4},"end":{"line":205,"column":5}},"type":"if","locations":[{"start":{"line":199,"column":4},"end":{"line":205,"column":5}},{"start":{},"end":{}}],"line":199},"34":{"loc":{"start":{"line":215,"column":4},"end":{"line":218,"column":5}},"type":"if","locations":[{"start":{"line":215,"column":4},"end":{"line":218,"column":5}},{"start":{},"end":{}}],"line":215},"35":{"loc":{"start":{"line":249,"column":4},"end":{"line":249,"column":53}},"type":"cond-expr","locations":[{"start":{"line":249,"column":30},"end":{"line":249,"column":45}},{"start":{"line":249,"column":48},"end":{"line":249,"column":53}}],"line":249},"36":{"loc":{"start":{"line":262,"column":9},"end":{"line":944,"column":9}},"type":"cond-expr","locations":[{"start":{"line":263,"column":10},"end":{"line":366,"column":25}},{"start":{"line":368,"column":8},"end":{"line":943,"column":23}}],"line":262},"37":{"loc":{"start":{"line":264,"column":30},"end":{"line":264,"column":58}},"type":"cond-expr","locations":[{"start":{"line":264,"column":42},"end":{"line":264,"column":48}},{"start":{"line":264,"column":51},"end":{"line":264,"column":58}}],"line":264},"38":{"loc":{"start":{"line":282,"column":39},"end":{"line":282,"column":78}},"type":"cond-expr","locations":[{"start":{"line":282,"column":51},"end":{"line":282,"column":60}},{"start":{"line":282,"column":63},"end":{"line":282,"column":78}}],"line":282},"39":{"loc":{"start":{"line":283,"column":35},"end":{"line":283,"column":52}},"type":"cond-expr","locations":[{"start":{"line":283,"column":47},"end":{"line":283,"column":48}},{"start":{"line":283,"column":51},"end":{"line":283,"column":52}}],"line":283},"40":{"loc":{"start":{"line":284,"column":35},"end":{"line":284,"column":77}},"type":"cond-expr","locations":[{"start":{"line":284,"column":47},"end":{"line":284,"column":60}},{"start":{"line":284,"column":63},"end":{"line":284,"column":77}}],"line":284},"41":{"loc":{"start":{"line":285,"column":31},"end":{"line":285,"column":49}},"type":"cond-expr","locations":[{"start":{"line":285,"column":41},"end":{"line":285,"column":45}},{"start":{"line":285,"column":48},"end":{"line":285,"column":49}}],"line":285},"42":{"loc":{"start":{"line":294,"column":27},"end":{"line":294,"column":68}},"type":"cond-expr","locations":[{"start":{"line":294,"column":39},"end":{"line":294,"column":48}},{"start":{"line":294,"column":51},"end":{"line":294,"column":68}}],"line":294},"43":{"loc":{"start":{"line":348,"column":31},"end":{"line":348,"column":49}},"type":"cond-expr","locations":[{"start":{"line":348,"column":41},"end":{"line":348,"column":45}},{"start":{"line":348,"column":48},"end":{"line":348,"column":49}}],"line":348},"44":{"loc":{"start":{"line":369,"column":28},"end":{"line":369,"column":56}},"type":"cond-expr","locations":[{"start":{"line":369,"column":40},"end":{"line":369,"column":46}},{"start":{"line":369,"column":49},"end":{"line":369,"column":56}}],"line":369},"45":{"loc":{"start":{"line":379,"column":17},"end":{"line":423,"column":17}},"type":"cond-expr","locations":[{"start":{"line":380,"column":18},"end":{"line":400,"column":30}},{"start":{"line":402,"column":18},"end":{"line":422,"column":30}}],"line":379},"46":{"loc":{"start":{"line":386,"column":41},"end":{"line":386,"column":80}},"type":"cond-expr","locations":[{"start":{"line":386,"column":53},"end":{"line":386,"column":62}},{"start":{"line":386,"column":65},"end":{"line":386,"column":80}}],"line":386},"47":{"loc":{"start":{"line":387,"column":37},"end":{"line":387,"column":54}},"type":"cond-expr","locations":[{"start":{"line":387,"column":49},"end":{"line":387,"column":50}},{"start":{"line":387,"column":53},"end":{"line":387,"column":54}}],"line":387},"48":{"loc":{"start":{"line":388,"column":37},"end":{"line":388,"column":79}},"type":"cond-expr","locations":[{"start":{"line":388,"column":49},"end":{"line":388,"column":62}},{"start":{"line":388,"column":65},"end":{"line":388,"column":79}}],"line":388},"49":{"loc":{"start":{"line":389,"column":33},"end":{"line":389,"column":51}},"type":"cond-expr","locations":[{"start":{"line":389,"column":43},"end":{"line":389,"column":47}},{"start":{"line":389,"column":50},"end":{"line":389,"column":51}}],"line":389},"50":{"loc":{"start":{"line":398,"column":29},"end":{"line":398,"column":65}},"type":"cond-expr","locations":[{"start":{"line":398,"column":41},"end":{"line":398,"column":50}},{"start":{"line":398,"column":53},"end":{"line":398,"column":65}}],"line":398},"51":{"loc":{"start":{"line":408,"column":41},"end":{"line":408,"column":80}},"type":"cond-expr","locations":[{"start":{"line":408,"column":53},"end":{"line":408,"column":62}},{"start":{"line":408,"column":65},"end":{"line":408,"column":80}}],"line":408},"52":{"loc":{"start":{"line":409,"column":37},"end":{"line":409,"column":54}},"type":"cond-expr","locations":[{"start":{"line":409,"column":49},"end":{"line":409,"column":50}},{"start":{"line":409,"column":53},"end":{"line":409,"column":54}}],"line":409},"53":{"loc":{"start":{"line":410,"column":37},"end":{"line":410,"column":79}},"type":"cond-expr","locations":[{"start":{"line":410,"column":49},"end":{"line":410,"column":62}},{"start":{"line":410,"column":65},"end":{"line":410,"column":79}}],"line":410},"54":{"loc":{"start":{"line":411,"column":33},"end":{"line":411,"column":51}},"type":"cond-expr","locations":[{"start":{"line":411,"column":43},"end":{"line":411,"column":47}},{"start":{"line":411,"column":50},"end":{"line":411,"column":51}}],"line":411},"55":{"loc":{"start":{"line":420,"column":29},"end":{"line":420,"column":62}},"type":"cond-expr","locations":[{"start":{"line":420,"column":41},"end":{"line":420,"column":50}},{"start":{"line":420,"column":53},"end":{"line":420,"column":62}}],"line":420},"56":{"loc":{"start":{"line":443,"column":39},"end":{"line":443,"column":78}},"type":"cond-expr","locations":[{"start":{"line":443,"column":51},"end":{"line":443,"column":60}},{"start":{"line":443,"column":63},"end":{"line":443,"column":78}}],"line":443},"57":{"loc":{"start":{"line":444,"column":35},"end":{"line":444,"column":52}},"type":"cond-expr","locations":[{"start":{"line":444,"column":47},"end":{"line":444,"column":48}},{"start":{"line":444,"column":51},"end":{"line":444,"column":52}}],"line":444},"58":{"loc":{"start":{"line":445,"column":35},"end":{"line":445,"column":77}},"type":"cond-expr","locations":[{"start":{"line":445,"column":47},"end":{"line":445,"column":60}},{"start":{"line":445,"column":63},"end":{"line":445,"column":77}}],"line":445},"59":{"loc":{"start":{"line":446,"column":31},"end":{"line":446,"column":49}},"type":"cond-expr","locations":[{"start":{"line":446,"column":41},"end":{"line":446,"column":45}},{"start":{"line":446,"column":48},"end":{"line":446,"column":49}}],"line":446},"60":{"loc":{"start":{"line":455,"column":27},"end":{"line":455,"column":68}},"type":"cond-expr","locations":[{"start":{"line":455,"column":39},"end":{"line":455,"column":48}},{"start":{"line":455,"column":51},"end":{"line":455,"column":68}}],"line":455},"61":{"loc":{"start":{"line":461,"column":13},"end":{"line":511,"column":13}},"type":"cond-expr","locations":[{"start":{"line":462,"column":14},"end":{"line":485,"column":21}},{"start":{"line":487,"column":14},"end":{"line":510,"column":21}}],"line":461},"62":{"loc":{"start":{"line":519,"column":29},"end":{"line":519,"column":71}},"type":"cond-expr","locations":[{"start":{"line":519,"column":41},"end":{"line":519,"column":54}},{"start":{"line":519,"column":57},"end":{"line":519,"column":71}}],"line":519},"63":{"loc":{"start":{"line":529,"column":15},"end":{"line":875,"column":15}},"type":"cond-expr","locations":[{"start":{"line":530,"column":16},"end":{"line":590,"column":19}},{"start":{"line":592,"column":16},"end":{"line":874,"column":19}}],"line":529},"64":{"loc":{"start":{"line":571,"column":33},"end":{"line":571,"column":50}},"type":"cond-expr","locations":[{"start":{"line":571,"column":43},"end":{"line":571,"column":46}},{"start":{"line":571,"column":49},"end":{"line":571,"column":50}}],"line":571},"65":{"loc":{"start":{"line":602,"column":28},"end":{"line":606,"column":49}},"type":"cond-expr","locations":[{"start":{"line":603,"column":32},"end":{"line":603,"column":44}},{"start":{"line":604,"column":32},"end":{"line":606,"column":49}}],"line":602},"66":{"loc":{"start":{"line":604,"column":32},"end":{"line":606,"column":49}},"type":"cond-expr","locations":[{"start":{"line":605,"column":34},"end":{"line":605,"column":43}},{"start":{"line":606,"column":34},"end":{"line":606,"column":49}}],"line":604},"67":{"loc":{"start":{"line":608,"column":28},"end":{"line":608,"column":75}},"type":"cond-expr","locations":[{"start":{"line":608,"column":50},"end":{"line":608,"column":62}},{"start":{"line":608,"column":65},"end":{"line":608,"column":75}}],"line":608},"68":{"loc":{"start":{"line":609,"column":39},"end":{"line":609,"column":66}},"type":"cond-expr","locations":[{"start":{"line":609,"column":61},"end":{"line":609,"column":62}},{"start":{"line":609,"column":65},"end":{"line":609,"column":66}}],"line":609},"69":{"loc":{"start":{"line":610,"column":35},"end":{"line":610,"column":53}},"type":"cond-expr","locations":[{"start":{"line":610,"column":45},"end":{"line":610,"column":49}},{"start":{"line":610,"column":52},"end":{"line":610,"column":53}}],"line":610},"70":{"loc":{"start":{"line":622,"column":28},"end":{"line":624,"column":44}},"type":"cond-expr","locations":[{"start":{"line":623,"column":32},"end":{"line":623,"column":46}},{"start":{"line":624,"column":32},"end":{"line":624,"column":44}}],"line":622},"71":{"loc":{"start":{"line":630,"column":23},"end":{"line":643,"column":23}},"type":"cond-expr","locations":[{"start":{"line":631,"column":24},"end":{"line":635,"column":26}},{"start":{"line":637,"column":24},"end":{"line":642,"column":26}}],"line":630},"72":{"loc":{"start":{"line":653,"column":28},"end":{"line":657,"column":49}},"type":"cond-expr","locations":[{"start":{"line":654,"column":32},"end":{"line":654,"column":44}},{"start":{"line":655,"column":32},"end":{"line":657,"column":49}}],"line":653},"73":{"loc":{"start":{"line":655,"column":32},"end":{"line":657,"column"
[...]
cond-expr","locations":[{"start":{"line":84,"column":34},"end":{"line":84,"column":43}},{"start":{"line":84,"column":46},"end":{"line":84,"column":55}}],"line":84},"5":{"loc":{"start":{"line":86,"column":26},"end":{"line":86,"column":64}},"type":"cond-expr","locations":[{"start":{"line":86,"column":38},"end":{"line":86,"column":47}},{"start":{"line":86,"column":50},"end":{"line":86,"column":64}}],"line":86},"6":{"loc":{"start":{"line":87,"column":24},"end":{"line":87,"column":57}},"type":"cond-expr","locations":[{"start":{"line":87,"column":36},"end":{"line":87,"column":45}},{"start":{"line":87,"column":48},"end":{"line":87,"column":57}}],"line":87},"7":{"loc":{"start":{"line":92,"column":6},"end":{"line":92,"column":48}},"type":"cond-expr","locations":[{"start":{"line":92,"column":18},"end":{"line":92,"column":27}},{"start":{"line":92,"column":30},"end":{"line":92,"column":48}}],"line":92},"8":{"loc":{"start":{"line":97,"column":4},"end":{"line":97,"column":21}},"type":"if","locations":[{"start":{"line":97,"column":4},"end":{"line":97,"column":21}},{"start":{},"end":{}}],"line":97},"9":{"loc":{"start":{"line":107,"column":4},"end":{"line":107,"column":21}},"type":"if","locations":[{"start":{"line":107,"column":4},"end":{"line":107,"column":21}},{"start":{},"end":{}}],"line":107},"10":{"loc":{"start":{"line":117,"column":4},"end":{"line":117,"column":32}},"type":"if","locations":[{"start":{"line":117,"column":4},"end":{"line":117,"column":32}},{"start":{},"end":{}}],"line":117},"11":{"loc":{"start":{"line":117,"column":8},"end":{"line":117,"column":23}},"type":"binary-expr","locations":[{"start":{"line":117,"column":8},"end":{"line":117,"column":15}},{"start":{"line":117,"column":19},"end":{"line":117,"column":23}}],"line":117},"12":{"loc":{"start":{"line":126,"column":2},"end":{"line":133,"column":3}},"type":"if","locations":[{"start":{"line":126,"column":2},"end":{"line":133,"column":3}},{"start":{},"end":{}}],"line":126},"13":{"loc":{"start":{"line":130,"column":26},"end":{"line":130,"column":54}},"type":"cond-expr","locations":[{"start":{"line":130,"column":38},"end":{"line":130,"column":44}},{"start":{"line":130,"column":47},"end":{"line":130,"column":54}}],"line":130},"14":{"loc":{"start":{"line":140,"column":27},"end":{"line":140,"column":69}},"type":"cond-expr","locations":[{"start":{"line":140,"column":39},"end":{"line":140,"column":48}},{"start":{"line":140,"column":51},"end":{"line":140,"column":69}}],"line":140},"15":{"loc":{"start":{"line":152,"column":9},"end":{"line":154,"column":16}},"type":"cond-expr","locations":[{"start":{"line":153,"column":10},"end":{"line":153,"column":56}},{"start":{"line":154,"column":12},"end":{"line":154,"column":16}}],"line":152},"16":{"loc":{"start":{"line":156,"column":21},"end":{"line":156,"column":69}},"type":"cond-expr","locations":[{"start":{"line":156,"column":33},"end":{"line":156,"column":47}},{"start":{"line":156,"column":50},"end":{"line":156,"column":69}}],"line":156},"17":{"loc":{"start":{"line":157,"column":16},"end":{"line":157,"column":44}},"type":"cond-expr","locations":[{"start":{"line":157,"column":28},"end":{"line":157,"column":35}},{"start":{"line":157,"column":38},"end":{"line":157,"column":44}}],"line":157},"18":{"loc":{"start":{"line":162,"column":26},"end":{"line":162,"column":54}},"type":"cond-expr","locations":[{"start":{"line":162,"column":38},"end":{"line":162,"column":44}},{"start":{"line":162,"column":47},"end":{"line":162,"column":54}}],"line":162},"19":{"loc":{"start":{"line":173,"column":24},"end":{"line":173,"column":39}},"type":"binary-expr","locations":[{"start":{"line":173,"column":24},"end":{"line":173,"column":31}},{"start":{"line":173,"column":35},"end":{"line":173,"column":39}}],"line":173},"20":{"loc":{"start":{"line":177,"column":35},"end":{"line":177,"column":74}},"type":"cond-expr","locations":[{"start":{"line":177,"column":47},"end":{"line":177,"column":56}},{"start":{"line":177,"column":59},"end":{"line":177,"column":74}}],"line":177},"21":{"loc":{"start":{"line":178,"column":31},"end":{"line":178,"column":48}},"type":"cond-expr","locations":[{"start":{"line":178,"column":43},"end":{"line":178,"column":44}},{"start":{"line":178,"column":47},"end":{"line":178,"column":48}}],"line":178},"22":{"loc":{"start":{"line":179,"column":31},"end":{"line":179,"column":73}},"type":"cond-expr","locations":[{"start":{"line":179,"column":43},"end":{"line":179,"column":56}},{"start":{"line":179,"column":59},"end":{"line":179,"column":73}}],"line":179},"23":{"loc":{"start":{"line":181,"column":16},"end":{"line":181,"column":41}},"type":"binary-expr","locations":[{"start":{"line":181,"column":16},"end":{"line":181,"column":23}},{"start":{"line":181,"column":27},"end":{"line":181,"column":41}}],"line":181},"24":{"loc":{"start":{"line":238,"column":25},"end":{"line":238,"column":52}},"type":"cond-expr","locations":[{"start":{"line":238,"column":44},"end":{"line":238,"column":48}},{"start":{"line":238,"column":51},"end":{"line":238,"column":52}}],"line":238},"25":{"loc":{"start":{"line":238,"column":25},"end":{"line":238,"column":41}},"type":"binary-expr","locations":[{"start":{"line":238,"column":25},"end":{"line":238,"column":32}},{"start":{"line":238,"column":36},"end":{"line":238,"column":41}}],"line":238},"26":{"loc":{"start":{"line":266,"column":29},"end":{"line":266,"column":52}},"type":"cond-expr","locations":[{"start":{"line":266,"column":47},"end":{"line":266,"column":48}},{"start":{"line":266,"column":51},"end":{"line":266,"column":52}}],"line":266},"27":{"loc":{"start":{"line":267,"column":29},"end":{"line":267,"column":61}},"type":"binary-expr","locations":[{"start":{"line":267,"column":29},"end":{"line":267,"column":44}},{"start":{"line":267,"column":48},"end":{"line":267,"column":61}}],"line":267},"28":{"loc":{"start":{"line":268,"column":25},"end":{"line":268,"column":52}},"type":"cond-expr","locations":[{"start":{"line":268,"column":44},"end":{"line":268,"column":48}},{"start":{"line":268,"column":51},"end":{"line":268,"column":52}}],"line":268},"29":{"loc":{"start":{"line":268,"column":25},"end":{"line":268,"column":41}},"type":"binary-expr","locations":[{"start":{"line":268,"column":25},"end":{"line":268,"column":32}},{"start":{"line":268,"column":36},"end":{"line":268,"column":41}}],"line":268},"30":{"loc":{"start":{"line":293,"column":14},"end":{"line":293,"column":58}},"type":"binary-expr","locations":[{"start":{"line":293,"column":14},"end":{"line":293,"column":21}},{"start":{"line":293,"column":25},"end":{"line":293,"column":36}},{"start":{"line":293,"column":40},"end":{"line":293,"column":58}}],"line":293},"31":{"loc":{"start":{"line":313,"column":7},"end":{"line":326,"column":14}},"type":"cond-expr","locations":[{"start":{"line":314,"column":8},"end":{"line":325,"column":15}},{"start":{"line":326,"column":10},"end":{"line":326,"column":14}}],"line":313},"32":{"loc":{"start":{"line":317,"column":12},"end":{"line":317,"column":72}},"type":"cond-expr","locations":[{"start":{"line":317,"column":24},"end":{"line":317,"column":47}},{"start":{"line":317,"column":50},"end":{"line":317,"column":72}}],"line":317},"33":{"loc":{"start":{"line":323,"column":19},"end":{"line":323,"column":52}},"type":"cond-expr","locations":[{"start":{"line":323,"column":31},"end":{"line":323,"column":40}},{"start":{"line":323,"column":43},"end":{"line":323,"column":52}}],"line":323}},"s":{"0":1,"1":1,"2":1,"3":1,"4":1,"5":1,"6":1,"7":1,"8":1,"9":29,"10":29,"11":29,"12":29,"13":29,"14":29,"15":29,"16":29,"17":29,"18":29,"19":29,"20":29,"21":29,"22":29,"23":29,"24":29,"25":29,"26":29,"27":29,"28":29,"29":29,"30":29,"31":16,"32":29,"33":5,"34":0,"35":5,"36":5,"37":5,"38":5,"39":29,"40":7,"41":0,"42":7,"43":7,"44":7,"45":7,"46":29,"47":1,"48":0,"49":1,"50":1,"51":1,"52":1,"53":29,"54":0,"55":29,"56":29,"57":29,"58":29,"59":29,"60":1},"f":{"0":29,"1":16,"2":5,"3":7,"4":1,"5":29,"6":29,"7":29,"8":29},"b":{"0":[27,2],"1":[27,2],"2":[27,2],"3":[27,2],"4":[27,2],"5":[27,2],"6":[27,2],"7":[15,1],"8":[0,5],"9":[0,7],"10":[0,1],"11":[1,1],"12":[0,29],"13":[0,0],"14":[27,2],"15":[2,27],"16":[27,2],"17":[27,2],"18":[27,2],"19":[29,28],"20":[27,2],"21":[27,2],"22":[27,2],"23":[29,0],"24":[0,29],"25":[29,0],"26":[2,27],"27":[29,27],"28":[0,29],"29":[29,0],"30":[29,0,0],"31":[12,17],"32":[11,1],"33":[11,1]},"_coverageSchema":"1a1c01bbd47fc00a2c39e90264f33305004495a9","hash":"f6b663501124ffb1568e1ca0d278890c770af4ab"}
,"E:\\_projects\\FIAP\\Tech Challenge\\Fase_05\\senior-ease-mobile\\src\\presentation\\theme\\FontScaleContext.tsx": {"path":"E:\\_projects\\FIAP\\Tech Challenge\\Fase_05\\senior-ease-mobile\\src\\presentation\\theme\\FontScaleContext.tsx","statementMap":{"0":{"start":{"line":7,"column":25},"end":{"line":7,"column":49}},"1":{"start":{"line":13,"column":2},"end":{"line":17,"column":4}},"2":{"start":{"line":21,"column":2},"end":{"line":21,"column":38}}},"fnMap":{"0":{"name":"FontScaleProvider","decl":{"start":{"line":9,"column":16},"end":{"line":9,"column":33}},"loc":{"start":{"line":12,"column":46},"end":{"line":18,"column":1}},"line":12},"1":{"name":"useFontScaleMultiplier","decl":{"start":{"line":20,"column":16},"end":{"line":20,"column":38}},"loc":{"start":{"line":20,"column":49},"end":{"line":22,"column":1}},"line":20}},"branchMap":{},"s":{"0":1,"1":80,"2":159},"f":{"0":80,"1":159},"b":{},"_coverageSchema":"1a1c01bbd47fc00a2c39e90264f33305004495a9","hash":"3bc187985194b3b697708ccfcc6cbfa2712961ba"}
,"E:\\_projects\\FIAP\\Tech Challenge\\Fase_05\\senior-ease-mobile\\src\\presentation\\theme\\ThemeContext.tsx": {"path":"E:\\_projects\\FIAP\\Tech Challenge\\Fase_05\\senior-ease-mobile\\src\\presentation\\theme\\ThemeContext.tsx","statementMap":{"0":{"start":{"line":18,"column":21},"end":{"line":18,"column":66}},"1":{"start":{"line":24,"column":35},"end":{"line":27,"column":3}},"2":{"start":{"line":29,"column":2},"end":{"line":31,"column":4}},"3":{"start":{"line":35,"column":14},"end":{"line":35,"column":38}},"4":{"start":{"line":36,"column":2},"end":{"line":38,"column":3}},"5":{"start":{"line":37,"column":4},"end":{"line":37,"column":74}},"6":{"start":{"line":39,"column":2},"end":{"line":39,"column":13}}},"fnMap":{"0":{"name":"ThemeProvider","decl":{"start":{"line":20,"column":16},"end":{"line":20,"column":29}},"loc":{"start":{"line":23,"column":55},"end":{"line":32,"column":1}},"line":23},"1":{"name":"useAppTheme","decl":{"start":{"line":34,"column":16},"end":{"line":34,"column":27}},"loc":{"start":{"line":34,"column":49},"end":{"line":40,"column":1}},"line":34}},"branchMap":{"0":{"loc":{"start":{"line":36,"column":2},"end":{"line":38,"column":3}},"type":"if","locations":[{"start":{"line":36,"column":2},"end":{"line":38,"column":3}},{"start":{},"end":{}}],"line":36}},"s":{"0":1,"1":80,"2":80,"3":159,"4":159,"5":0,"6":159},"f":{"0":80,"1":159},"b":{"0":[0,159]},"_coverageSchema":"1a1c01bbd47fc00a2c39e90264f33305004495a9","hash":"21bda7a7e592914c87393566563b0842058a3532"}
,"E:\\_projects\\FIAP\\Tech Challenge\\Fase_05\\senior-ease-mobile\\src\\presentation\\theme\\themePalette.ts": {"path":"E:\\_projects\\FIAP\\Tech Challenge\\Fase_05\\senior-ease-mobile\\src\\presentation\\theme\\themePalette.ts","statementMap":{"0":{"start":{"line":14,"column":25},"end":{"line":14,"column":34}},"1":{"start":{"line":16,"column":26},"end":{"line":16,"column":35}},"2":{"start":{"line":18,"column":38},"end":{"line":18,"column":47}},"3":{"start":{"line":20,"column":20},"end":{"line":20,"column":29}},"4":{"start":{"line":23,"column":2},"end":{"line":33,"column":3}},"5":{"start":{"line":24,"column":4},"end":{"line":32,"column":6}},"6":{"start":{"line":35,"column":2},"end":{"line":43,"column":4}}},"fnMap":{"0":{"name":"createThemePalette","decl":{"start":{"line":22,"column":16},"end":{"line":22,"column":34}},"loc":{"start":{"line":22,"column":78},"end":{"line":44,"column":1}},"line":22}},"branchMap":{"0":{"loc":{"start":{"line":23,"column":2},"end":{"line":33,"column":3}},"type":"if","locations":[{"start":{"line":23,"column":2},"end":{"line":33,"column":3}},{"start":{},"end":{}}],"line":23}},"s":{"0":1,"1":1,"2":1,"3":1,"4":123,"5":8,"6":115},"f":{"0":123},"b":{"0":[8,115]},"_coverageSchema":"1a1c01bbd47fc00a2c39e90264f33305004495a9","hash":"9364d4309bc8b1ba1f14d73c73f733ce9fc5b1d5"}
,"E:\\_projects\\FIAP\\Tech Challenge\\Fase_05\\senior-ease-mobile\\src\\presentation\\utils\\agendaDates.ts": {"path":"E:\\_projects\\FIAP\\Tech Challenge\\Fase_05\\senior-ease-mobile\\src\\presentation\\utils\\agendaDates.ts","statementMap":{"0":{"start":{"line":3,"column":12},"end":{"line":3,"column":27}},"1":{"start":{"line":4,"column":12},"end":{"line":4,"column":53}},"2":{"start":{"line":5,"column":14},"end":{"line":5,"column":50}},"3":{"start":{"line":6,"column":2},"end":{"line":6,"column":28}},"4":{"start":{"line":10,"column":12},"end":{"line":10,"column":23}},"5":{"start":{"line":11,"column":2},"end":{"line":11,"column":29}},"6":{"start":{"line":12,"column":2},"end":{"line":12,"column":11}},"7":{"start":{"line":20,"column":12},"end":{"line":20,"column":80}},"8":{"start":{"line":21,"column":2},"end":{"line":21,"column":22}},"9":{"start":{"line":21,"column":10},"end":{"line":21,"column":22}},"10":{"start":{"line":22,"column":15},"end":{"line":22,"column":33}},"11":{"start":{"line":23,"column":16},"end":{"line":23,"column":34}},"12":{"start":{"line":24,"column":10},"end":{"line":24,"column":49}},"13":{"start":{"line":25,"column":2},"end":{"line":25,"column":33}},"14":{"start":{"line":25,"column":23},"end":{"line":25,"column":33}},"15":{"start":{"line":26,"column":13},"end":{"line":26,"column":41}},"16":{"start":{"line":27,"column":2},"end":{"line":33,"column":3}},"17":{"start":{"line":32,"column":4},"end":{"line":32,"column":16}},"18":{"start":{"line":34,"column":2},"end":{"line":34,"column":26}},"19":{"start":{"line":37,"column":22},"end":{"line":37,"column":80}},"20":{"start":{"line":39,"column":25},"end":{"line":47,"column":10}},"21":{"start":{"line":49,"column":18},"end":{"line":62,"column":10}},"22":{"start":{"line":66,"column":13},"end":{"line":66,"column":41}},"23":{"start":{"line":67,"column":14},"end":{"line":67,"column":25}},"24":{"start":{"line":68,"column":16},"end":{"line":68,"column":39}},"25":{"start":{"line":69,"column":15},"end":{"line":69,"column":30}},"26":{"start":{"line":70,"column":2},"end":{"line":70,"column":48}},"27":{"start":{"line":74,"column":12},"end":{"line":74,"column":50}},"28":{"start":{"line":75,"column":2},"end":{"line":75,"column":22}},"29":{"start":{"line":75,"column":10},"end":{"line":75,"column":22}},"30":{"start":{"line":76,"column":12},"end":{"line":76,"column":30}},"31":{"start":{"line":77,"column":13},"end":{"line":77,"column":35}},"32":{"start":{"line":78,"column":12},"end":{"line":78,"column":30}},"33":{"start":{"line":79,"column":13},"end":{"line":79,"column":31}},"34":{"start":{"line":80,"column":2},"end":{"line":86,"column":3}},"35":{"start":{"line":85,"column":4},"end":{"line":85,"column":16}},"36":{"start":{"line":87,"column":2},"end":{"line":87,"column":12}},"37":{"start":{"line":92,"column":12},"end":{"line":92,"column":37}},"38":{"start":{"line":93,"column":2},"end":{"line":93,"column":31}},"39":{"start":{"line":100,"column":30},"end":{"line":100,"column":32}},"40":{"start":{"line":101,"column":2},"end":{"line":105,"column":3}},"41":{"start":{"line":101,"column":15},"end":{"line":101,"column":22}},"42":{"start":{"line":102,"column":17},"end":{"line":102,"column":35}},"43":{"start":{"line":103,"column":16},"end":{"line":103,"column":34}},"44":{"start":{"line":104,"column":4},"end":{"line":104,"column":55}},"45":{"start":{"line":106,"column":2},"end":{"line":106,"column":13}}},"fnMap":{"0":{"name":"localISODate","decl":{"start":{"line":2,"column":16},"end":{"line":2,"column":28}},"loc":{"start":{"line":2,"column":46},"end":{"line":7,"column":1}},"line":2},"1":{"name":"addDays","decl":{"start":{"line":9,"column":16},"end":{"line":9,"column":23}},"loc":{"start":{"line":9,"column":50},"end":{"line":13,"column":1}},"line":9},"2":{"name":"parseBRDateToISO","decl":{"start":{"line":16,"column":16},"end":{"line":16,"column":32}},"loc":{"start":{"line":19,"column":17},"end":{"line":35,"column":1}},"line":19},"3":{"name":"formatAgendaLongDate","decl":{"start":{"line":65,"column":16},"end":{"line":65,"column":36}},"loc":{"start":{"line":65,"column":54},"end":{"line":71,"column":1}},"line":65},"4":{"name":"parseISODateToLocal","decl":{"start":{"line":73,"column":16},"end":{"line":73,"column":35}},"loc":{"start":{"line":73,"column":62},"end":{"line":88,"column":1}},"line":73},"5":{"name":"dayPillLabel","decl":{"start":{"line":91,"column":16},"end":{"line":91,"column":28}},"loc":{"start":{"line":91,"column":46},"end":{"line":94,"column":1}},"line":91},"6":{"name":"buildDayStrip","decl":{"start":{"line":99,"column":16},"end":{"line":99,"column":29}},"loc":{"start":{"line":99,"column":83},"end":{"line":107,"column":1}},"line":99}},"branchMap":{"0":{"loc":{"start":{"line":21,"column":2},"end":{"line":21,"column":22}},"type":"if","locations":[{"start":{"line":21,"column":2},"end":{"line":21,"column":22}},{"start":{},"end":{}}],"line":21},"1":{"loc":{"start":{"line":24,"column":10},"end":{"line":24,"column":49}},"type":"cond-expr","locations":[{"start":{"line":24,"column":17},"end":{"line":24,"column":35}},{"start":{"line":24,"column":38},"end":{"line":24,"column":49}}],"line":24},"2":{"loc":{"start":{"line":25,"column":2},"end":{"line":25,"column":33}},"type":"if","locations":[{"start":{"line":25,"column":2},"end":{"line":25,"column":33}},{"start":{},"end":{}}],"line":25},"3":{"loc":{"start":{"line":25,"column":6},"end":{"line":25,"column":21}},"type":"binary-expr","locations":[{"start":{"line":25,"column":6},"end":{"line":25,"column":10}},{"start":{"line":25,"column":14},"end":{"line":25,"column":21}}],"line":25},"4":{"loc":{"start":{"line":27,"column":2},"end":{"line":33,"column":3}},"type":"if","locations":[{"start":{"line":27,"column":2},"end":{"line":33,"column":3}},{"start":{},"end":{}}],"line":27},"5":{"loc":{"start":{"line":28,"column":4},"end":{"line":30,"column":25}},"type":"binary-expr","locations":[{"start":{"line":28,"column":4},"end":{"line":28,"column":26}},{"start":{"line":29,"column":4},"end":{"line":29,"column":31}},{"start":{"line":30,"column":4},"end":{"line":30,"column":25}}],"line":28},"6":{"loc":{"start":{"line":75,"column":2},"end":{"line":75,"column":22}},"type":"if","locations":[{"start":{"line":75,"column":2},"end":{"line":75,"column":22}},{"start":{},"end":{}}],"line":75},"7":{"loc":{"start":{"line":80,"column":2},"end":{"line":86,"column":3}},"type":"if","locations":[{"start":{"line":80,"column":2},"end":{"line":86,"column":3}},{"start":{},"end":{}}],"line":80},"8":{"loc":{"start":{"line":81,"column":4},"end":{"line":83,"column":22}},"type":"binary-expr","locations":[{"start":{"line":81,"column":4},"end":{"line":81,"column":26}},{"start":{"line":82,"column":4},"end":{"line":82,"column":24}},{"start":{"line":83,"column":4},"end":{"line":83,"column":22}}],"line":81},"9":{"loc":{"start":{"line":99,"column":44},"end":{"line":99,"column":54}},"type":"default-arg","locations":[{"start":{"line":99,"column":53},"end":{"line":99,"column":54}}],"line":99},"10":{"loc":{"start":{"line":99,"column":56},"end":{"line":99,"column":65}},"type":"default-arg","locations":[{"start":{"line":99,"column":64},"end":{"line":99,"column":65}}],"line":99}},"s":{"0":39,"1":39,"2":39,"3":39,"4":30,"5":30,"6":30,"7":0,"8":0,"9":0,"10":0,"11":0,"12":0,"13":0,"14":0,"15":0,"16":0,"17":0,"18":0,"19":1,"20":1,"21":1,"22":1,"23":1,"24":1,"25":1,"26":1,"27":1,"28":1,"29":0,"30":1,"31":1,"32":1,"33":1,"34":1,"35":0,"36":1,"37":21,"38":21,"39":1,"40":1,"41":1,"42":21,"43":21,"44":21,"45":1},"f":{"0":39,"1":30,"2":0,"3":1,"4":1,"5":21,"6":1},"b":{"0":[0,0],"1":[0,0],"2":[0,0],"3":[0,0],"4":[0,0],"5":[0,0,0],"6":[0,1],"7":[0,1],"8":[1,1,1],"9":[0],"10":[0]},"_coverageSchema":"1a1c01bbd47fc00a2c39e90264f33305004495a9","hash":"713c7a81083e731123bbc110fe99fcc82e5a9b6e"}
}
