{"E:\\_projects\\FIAP\\Tech Challenge\\Fase_05\\senior-ease-mobile\\App.tsx": {"path":"E:\\_projects\\FIAP\\Tech Challenge\\Fase_05\\senior-ease-mobile\\App.tsx","statementMap":{"0":{"start":{"line":6,"column":2},"end":{"line":10,"column":4}},"1":{"start":{"line":13,"column":15},"end":{"line":17,"column":2}}},"fnMap":{"0":{"name":"App","decl":{"start":{"line":5,"column":24},"end":{"line":5,"column":27}},"loc":{"start":{"line":5,"column":30},"end":{"line":11,"column":1}},"line":5}},"branchMap":{},"s":{"0":1,"1":1},"f":{"0":1},"b":{},"_coverageSchema":"1a1c01bbd47fc00a2c39e90264f33305004495a9","hash":"a2d9c1806b98b780cffff278ad368e4d8e329e98"}
,"E:\\_projects\\FIAP\\Tech Challenge\\Fase_05\\senior-ease-mobile\\src\\app\\AppRoot.tsx": {"path":"E:\\_projects\\FIAP\\Tech Challenge\\Fase_05\\senior-ease-mobile\\src\\app\\AppRoot.tsx","statementMap":{"0":{"start":{"line":29,"column":6},"end":{"line":46,"column":8}},"1":{"start":{"line":30,"column":31},"end":{"line":30,"column":67}},"2":{"start":{"line":31,"column":4},"end":{"line":45,"column":6}},"3":{"start":{"line":48,"column":34},"end":{"line":48,"column":68}},"4":{"start":{"line":50,"column":2},"end":{"line":60,"column":21}},"5":{"start":{"line":51,"column":20},"end":{"line":51,"column":25}},"6":{"start":{"line":52,"column":4},"end":{"line":56,"column":7}},"7":{"start":{"line":53,"column":6},"end":{"line":55,"column":7}},"8":{"start":{"line":54,"column":8},"end":{"line":54,"column":28}},"9":{"start":{"line":57,"column":4},"end":{"line":59,"column":6}},"10":{"start":{"line":58,"column":6},"end":{"line":58,"column":23}},"11":{"start":{"line":62,"column":2},"end":{"line":71,"column":3}},"12":{"start":{"line":63,"column":4},"end":{"line":70,"column":6}},"13":{"start":{"line":73,"column":35},"end":{"line":84,"column":3}},"14":{"start":{"line":74,"column":4},"end":{"line":74,"column":42}},"15":{"start":{"line":75,"column":4},"end":{"line":83,"column":6}},"16":{"start":{"line":76,"column":6},"end":{"line":82,"column":14}},"17":{"start":{"line":86,"column":33},"end":{"line":98,"column":3}},"18":{"start":{"line":87,"column":20},"end":{"line":87,"column":46}},"19":{"start":{"line":88,"column":4},"end":{"line":88,"column":44}},"20":{"start":{"line":89,"column":4},"end":{"line":97,"column":6}},"21":{"start":{"line":90,"column":6},"end":{"line":96,"column":14}},"22":{"start":{"line":100,"column":29},"end":{"line":110,"column":3}},"23":{"start":{"line":101,"column":4},"end":{"line":101,"column":39}},"24":{"start":{"line":102,"column":4},"end":{"line":109,"column":6}},"25":{"start":{"line":103,"column":6},"end":{"line":108,"column":14}},"26":{"start":{"line":112,"column":31},"end":{"line":122,"column":3}},"27":{"start":{"line":113,"column":4},"end":{"line":113,"column":37}},"28":{"start":{"line":114,"column":4},"end":{"line":121,"column":6}},"29":{"start":{"line":115,"column":6},"end":{"line":120,"column":14}},"30":{"start":{"line":124,"column":25},"end":{"line":144,"column":6}},"31":{"start":{"line":125,"column":4},"end":{"line":132,"column":5}},"32":{"start":{"line":126,"column":6},"end":{"line":131,"column":8}},"33":{"start":{"line":133,"column":4},"end":{"line":142,"column":5}},"34":{"start":{"line":134,"column":6},"end":{"line":141,"column":8}},"35":{"start":{"line":143,"column":4},"end":{"line":143,"column":59}},"36":{"start":{"line":146,"column":2},"end":{"line":156,"column":4}},"37":{"start":{"line":159,"column":15},"end":{"line":169,"column":2}}},"fnMap":{"0":{"name":"AppRoot","decl":{"start":{"line":22,"column":16},"end":{"line":22,"column":23}},"loc":{"start":{"line":22,"column":40},"end":{"line":157,"column":1}},"line":22},"1":{"name":"(anonymous_1)","decl":{"start":{"line":29,"column":14},"end":{"line":29,"column":15}},"loc":{"start":{"line":29,"column":20},"end":{"line":46,"column":3}},"line":29},"2":{"name":"(anonymous_2)","decl":{"start":{"line":50,"column":12},"end":{"line":50,"column":13}},"loc":{"start":{"line":50,"column":18},"end":{"line":60,"column":3}},"line":50},"3":{"name":"(anonymous_3)","decl":{"start":{"line":52,"column":37},"end":{"line":52,"column":38}},"loc":{"start":{"line":52,"column":49},"end":{"line":56,"column":5}},"line":52},"4":{"name":"(anonymous_4)","decl":{"start":{"line":57,"column":11},"end":{"line":57,"column":12}},"loc":{"start":{"line":57,"column":17},"end":{"line":59,"column":5}},"line":57},"5":{"name":"(anonymous_5)","decl":{"start":{"line":73,"column":35},"end":{"line":73,"column":36}},"loc":{"start":{"line":73,"column":69},"end":{"line":84,"column":3}},"line":73},"6":{"name":"(anonymous_6)","decl":{"start":{"line":75,"column":16},"end":{"line":75,"column":17}},"loc":{"start":{"line":76,"column":6},"end":{"line":82,"column":14}},"line":76},"7":{"name":"(anonymous_7)","decl":{"start":{"line":86,"column":33},"end":{"line":86,"column":34}},"loc":{"start":{"line":86,"column":63},"end":{"line":98,"column":3}},"line":86},"8":{"name":"(anonymous_8)","decl":{"start":{"line":89,"column":16},"end":{"line":89,"column":17}},"loc":{"start":{"line":90,"column":6},"end":{"line":96,"column":14}},"line":90},"9":{"name":"(anonymous_9)","decl":{"start":{"line":100,"column":29},"end":{"line":100,"column":30}},"loc":{"start":{"line":100,"column":41},"end":{"line":110,"column":3}},"line":100},"10":{"name":"(anonymous_10)","decl":{"start":{"line":102,"column":16},"end":{"line":102,"column":17}},"loc":{"start":{"line":103,"column":6},"end":{"line":108,"column":14}},"line":103},"11":{"name":"(anonymous_11)","decl":{"start":{"line":112,"column":31},"end":{"line":112,"column":32}},"loc":{"start":{"line":112,"column":43},"end":{"line":122,"column":3}},"line":112},"12":{"name":"(anonymous_12)","decl":{"start":{"line":114,"column":16},"end":{"line":114,"column":17}},"loc":{"start":{"line":115,"column":6},"end":{"line":120,"column":14}},"line":115},"13":{"name":"(anonymous_13)","decl":{"start":{"line":124,"column":26},"end":{"line":124,"column":27}},"loc":{"start":{"line":124,"column":32},"end":{"line":144,"column":3}},"line":124}},"branchMap":{"0":{"loc":{"start":{"line":53,"column":6},"end":{"line":55,"column":7}},"type":"if","locations":[{"start":{"line":53,"column":6},"end":{"line":55,"column":7}},{"start":{},"end":{}}],"line":53},"1":{"loc":{"start":{"line":62,"column":2},"end":{"line":71,"column":3}},"type":"if","locations":[{"start":{"line":62,"column":2},"end":{"line":71,"column":3}},{"start":{},"end":{}}],"line":62},"2":{"loc":{"start":{"line":76,"column":6},"end":{"line":82,"column":14}},"type":"cond-expr","locations":[{"start":{"line":77,"column":10},"end":{"line":81,"column":11}},{"start":{"line":82,"column":10},"end":{"line":82,"column":14}}],"line":76},"3":{"loc":{"start":{"line":90,"column":6},"end":{"line":96,"column":14}},"type":"cond-expr","locations":[{"start":{"line":91,"column":10},"end":{"line":95,"column":11}},{"start":{"line":96,"column":10},"end":{"line":96,"column":14}}],"line":90},"4":{"loc":{"start":{"line":103,"column":6},"end":{"line":108,"column":14}},"type":"cond-expr","locations":[{"start":{"line":104,"column":10},"end":{"line":107,"column":11}},{"start":{"line":108,"column":10},"end":{"line":108,"column":14}}],"line":103},"5":{"loc":{"start":{"line":115,"column":6},"end":{"line":120,"column":14}},"type":"cond-expr","locations":[{"start":{"line":116,"column":10},"end":{"line":119,"column":11}},{"start":{"line":120,"column":10},"end":{"line":120,"column":14}}],"line":115},"6":{"loc":{"start":{"line":125,"column":4},"end":{"line":132,"column":5}},"type":"if","locations":[{"start":{"line":125,"column":4},"end":{"line":132,"column":5}},{"start":{},"end":{}}],"line":125},"7":{"loc":{"start":{"line":133,"column":4},"end":{"line":142,"column":5}},"type":"if","locations":[{"start":{"line":133,"column":4},"end":{"line":142,"column":5}},{"start":{},"end":{}}],"line":133}},"s":{"0":2,"1":1,"2":1,"3":2,"4":2,"5":1,"6":1,"7":1,"8":1,"9":1,"10":1,"11":2,"12":1,"13":1,"14":0,"15":0,"16":0,"17":1,"18":0,"19":0,"20":0,"21":0,"22":1,"23":0,"24":0,"25":0,"26":1,"27":0,"28":0,"29":0,"30":1,"31":1,"32":1,"33":0,"34":0,"35":0,"36":1,"37":1},"f":{"0":2,"1":1,"2":1,"3":1,"4":1,"5":0,"6":0,"7":0,"8":0,"9":0,"10":0,"11":0,"12":0,"13":1},"b":{"0":[1,0],"1":[1,1],"2":[0,0],"3":[0,0],"4":[0,0],"5":[0,0],"6":[1,0],"7":[0,0]},"_coverageSchema":"1a1c01bbd47fc00a2c39e90264f33305004495a9","hash":"dccccf92ba32c0ad9860f2dc63f86d909f554679"}
,"E:\\_projects\\FIAP\\Tech Challenge\\Fase_05\\senior-ease-mobile\\src\\data\\settings\\AsyncStorageSettingsRepository.ts": {"path":"E:\\_projects\\FIAP\\Tech Challenge\\Fase_05\\senior-ease-mobile\\src\\data\\settings\\AsyncStorageSettingsRepository.ts","statementMap":{"0":{"start":{"line":23,"column":2},"end":{"line":25,"column":3}},"1":{"start":{"line":24,"column":4},"end":{"line":24,"column":37}},"2":{"start":{"line":26,"column":2},"end":{"line":48,"column":3}},"3":{"start":{"line":27,"column":19},"end":{"line":27,"column":53}},"4":{"start":{"line":28,"column":23},"end":{"line":28,"column":64}},"5":{"start":{"line":29,"column":23},"end":{"line":29,"column":66}},"6":{"start":{"line":30,"column":4},"end":{"line":32,"column":5}},"7":{"start":{"line":31,"column":6},"end":{"line":31,"column":26}},"8":{"start":{"line":34,"column":6},"end":{"line":36,"column":48}},"9":{"start":{"line":37,"column":4},"end":{"line":45,"column":6}},"10":{"start":{"line":47,"column":4},"end":{"line":47,"column":37}},"11":{"start":{"line":53,"column":16},"end":{"line":53,"column":64}},"12":{"start":{"line":54,"column":4},"end":{"line":54,"column":28}},"13":{"start":{"line":58,"column":20},"end":{"line":58,"column":37}},"14":{"start":{"line":59,"column":30},"end":{"line":59,"column":54}},"15":{"start":{"line":60,"column":4},"end":{"line":60,"column":75}}},"fnMap":{"0":{"name":"parseStored","decl":{"start":{"line":22,"column":9},"end":{"line":22,"column":20}},"loc":{"start":{"line":22,"column":55},"end":{"line":49,"column":1}},"line":22},"1":{"name":"(anonymous_1)","decl":{"start":{"line":52,"column":2},"end":{"line":52,"column":3}},"loc":{"start":{"line":52,"column":37},"end":{"line":55,"column":3}},"line":52},"2":{"name":"(anonymous_2)","decl":{"start":{"line":57,"column":2},"end":{"line":57,"column":3}},"loc":{"start":{"line":57,"column":50},"end":{"line":61,"column":3}},"line":57}},"branchMap":{"0":{"loc":{"start":{"line":23,"column":2},"end":{"line":25,"column":3}},"type":"if","locations":[{"start":{"line":23,"column":2},"end":{"line":25,"column":3}},{"start":{},"end":{}}],"line":23},"1":{"loc":{"start":{"line":30,"column":4},"end":{"line":32,"column":5}},"type":"if","locations":[{"start":{"line":30,"column":4},"end":{"line":32,"column":5}},{"start":{},"end":{}}],"line":30},"2":{"loc":{"start":{"line":30,"column":8},"end":{"line":30,"column":70}},"type":"binary-expr","locations":[{"start":{"line":30,"column":8},"end":{"line":30,"column":18}},{"start":{"line":30,"column":22},"end":{"line":30,"column":70}}],"line":30},"3":{"loc":{"start":{"line":34,"column":6},"end":{"line":36,"column":48}},"type":"cond-expr","locations":[{"start":{"line":35,"column":10},"end":{"line":35,"column":36}},{"start":{"line":36,"column":10},"end":{"line":36,"column":48}}],"line":34},"4":{"loc":{"start":{"line":39,"column":8},"end":{"line":41,"column":21}},"type":"cond-expr","locations":[{"start":{"line":40,"column":12},"end":{"line":40,"column":27}},{"start":{"line":41,"column":12},"end":{"line":41,"column":21}}],"line":39}},"s":{"0":1,"1":1,"2":0,"3":0,"4":0,"5":0,"6":0,"7":0,"8":0,"9":0,"10":0,"11":1,"12":1,"13":0,"14":0,"15":0},"f":{"0":1,"1":1,"2":0},"b":{"0":[1,0],"1":[0,0],"2":[0,0],"3":[0,0],"4":[0,0]},"_coverageSchema":"1a1c01bbd47fc00a2c39e90264f33305004495a9","hash":"0b2f1be7d3215a3a85b0ee6a01144c0fe160b40f"}
,"E:\\_projects\\FIAP\\Tech Challenge\\Fase_05\\senior-ease-mobile\\src\\data\\settings\\storageKeys.ts": {"path":"E:\\_projects\\FIAP\\Tech Challenge\\Fase_05\\senior-ease-mobile\\src\\data\\settings\\storageKeys.ts","statementMap":{"0":{"start":{"line":1,"column":36},"end":{"line":1,"column":66}}},"fnMap":{},"branchMap":{},"s":{"0":1},"f":{},"b":{},"_coverageSchema":"1a1c01bbd47fc00a2c39e90264f33305004495a9","hash":"1d5bb7bfebf9c460c32d7d9702bd08be2b160c9d"}
,"E:\\_projects\\FIAP\\Tech Challenge\\Fase_05\\senior-ease-mobile\\src\\domain\\entities\\AppSettings.ts": {"path":"E:\\_projects\\FIAP\\Tech Challenge\\Fase_05\\senior-ease-mobile\\src\\domain\\entities\\AppSettings.ts","statementMap":{"0":{"start":{"line":13,"column":47},"end":{"line":18,"column":1}}},"fnMap":{},"branchMap":{},"s":{"0":1},"f":{},"b":{},"_coverageSchema":"1a1c01bbd47fc00a2c39e90264f33305004495a9","hash":"1b006dbd7df1fc9a3579abb05ec04b10c0130a3c"}
,"E:\\_projects\\FIAP\\Tech Challenge\\Fase_05\\senior-ease-mobile\\src\\domain\\entities\\fontScale.ts": {"path":"E:\\_projects\\FIAP\\Tech Challenge\\Fase_05\\senior-ease-mobile\\src\\domain\\entities\\fontScale.ts","statementMap":{"0":{"start":{"line":1,"column":34},"end":{"line":1,"column":35}},"1":{"start":{"line":2,"column":30},"end":{"line":2,"column":34}},"2":{"start":{"line":3,"column":30},"end":{"line":3,"column":31}},"3":{"start":{"line":4,"column":31},"end":{"line":4,"column":35}},"4":{"start":{"line":7,"column":12},"end":{"line":7,"column":41}},"5":{"start":{"line":8,"column":2},"end":{"line":8,"column":63}}},"fnMap":{"0":{"name":"clampFontScale","decl":{"start":{"line":6,"column":16},"end":{"line":6,"column":30}},"loc":{"start":{"line":6,"column":54},"end":{"line":9,"column":1}},"line":6}},"branchMap":{},"s":{"0":1,"1":1,"2":1,"3":1,"4":0,"5":0},"f":{"0":0},"b":{},"_coverageSchema":"1a1c01bbd47fc00a2c39e90264f33305004495a9","hash":"a22cbacbb501a8496dd5dcf524fe32c07ed8689d"}
,"E:\\_projects\\FIAP\\Tech Challenge\\Fase_05\\senior-ease-mobile\\src\\domain\\usecases\\CompleteFontSizeOnboardingUseCase.ts": {"path":"E:\\_projects\\FIAP\\Tech Challenge\\Fase_05\\senior-ease-mobile\\src\\domain\\usecases\\CompleteFontSizeOnboardingUseCase.ts","statementMap":{"0":{"start":{"line":8,"column":4},"end":{"line":11,"column":7}}},"fnMap":{"0":{"name":"(anonymous_0)","decl":{"start":{"line":5,"column":2},"end":{"line":5,"column":3}},"loc":{"start":{"line":5,"column":71},"end":{"line":5,"column":73}},"line":5},"1":{"name":"(anonymous_1)","decl":{"start":{"line":7,"column":2},"end":{"line":7,"column":3}},"loc":{"start":{"line":7,"column":54},"end":{"line":12,"column":3}},"line":7}},"branchMap":{},"s":{"0":0},"f":{"0":1,"1":0},"b":{},"_coverageSchema":"1a1c01bbd47fc00a2c39e90264f33305004495a9","hash":"c030ad88213facd844b8b05caaa0438b28170e74"}
,"E:\\_projects\\FIAP\\Tech Challenge\\Fase_05\\senior-ease-mobile\\src\\domain\\usecases\\GetBootstrapStateUseCase.ts": {"path":"E:\\_projects\\FIAP\\Tech Challenge\\Fase_05\\senior-ease-mobile\\src\\domain\\usecases\\GetBootstrapStateUseCase.ts","statementMap":{"0":{"start":{"line":8,"column":4},"end":{"line":8,"column":42}}},"fnMap":{"0":{"name":"(anonymous_0)","decl":{"start":{"line":5,"column":2},"end":{"line":5,"column":3}},"loc":{"start":{"line":5,"column":71},"end":{"line":5,"column":73}},"line":5},"1":{"name":"(anonymous_1)","decl":{"start":{"line":7,"column":2},"end":{"line":7,"column":3}},"loc":{"start":{"line":7,"column":34},"end":{"line":9,"column":3}},"line":7}},"branchMap":{},"s":{"0":1},"f":{"0":1,"1":1},"b":{},"_coverageSchema":"1a1c01bbd47fc00a2c39e90264f33305004495a9","hash":"fb37ba49dad88821e8bfd1e0cd7d785e714fd913"}
,"E:\\_projects\\FIAP\\Tech Challenge\\Fase_05\\senior-ease-mobile\\src\\domain\\usecases\\RevertToFontSizeOnboardingUseCase.ts": {"path":"E:\\_projects\\FIAP\\Tech Challenge\\Fase_05\\senior-ease-mobile\\src\\domain\\usecases\\RevertToFontSizeOnboardingUseCase.ts","statementMap":{"0":{"start":{"line":8,"column":4},"end":{"line":8,"column":80}}},"fnMap":{"0":{"name":"(anonymous_0)","decl":{"start":{"line":5,"column":2},"end":{"line":5,"column":3}},"loc":{"start":{"line":5,"column":71},"end":{"line":5,"column":73}},"line":5},"1":{"name":"(anonymous_1)","decl":{"start":{"line":7,"column":2},"end":{"line":7,"column":3}},"loc":{"start":{"line":7,"column":27},"end":{"line":9,"column":3}},"line":7}},"branchMap":{},"s":{"0":0},"f":{"0":1,"1":0},"b":{},"_coverageSchema":"1a1c01bbd47fc00a2c39e90264f33305004495a9","hash":"828525ab689e2854f9bfab2b0186c48a692151de"}
,"E:\\_projects\\FIAP\\Tech Challenge\\Fase_05\\senior-ease-mobile\\src\\domain\\usecases\\RevertToVisualComfortOnboardingUseCase.ts": {"path":"E:\\_projects\\FIAP\\Tech Challenge\\Fase_05\\senior-ease-mobile\\src\\domain\\usecases\\RevertToVisualComfortOnboardingUseCase.ts","statementMap":{"0":{"start":{"line":8,"column":4},"end":{"line":8,"column":78}}},"fnMap":{"0":{"name":"(anonymous_0)","decl":{"start":{"line":5,"column":2},"end":{"line":5,"column":3}},"loc":{"start":{"line":5,"column":71},"end":{"line":5,"column":73}},"line":5},"1":{"name":"(anonymous_1)","decl":{"start":{"line":7,"column":2},"end":{"line":7,"column":3}},"loc":{"start":{"line":7,"column":27},"end":{"line":9,"column":3}},"line":7}},"branchMap":{},"s":{"0":0},"f":{"0":1,"1":0},"b":{},"_coverageSchema":"1a1c01bbd47fc00a2c39e90264f33305004495a9","hash":"ce51ba516c677bd74f9962af4c97df6510a9628c"}
,"E:\\_projects\\FIAP\\Tech Challenge\\Fase_05\\senior-ease-mobile\\src\\domain\\usecases\\SubmitVisualComfortOnboardingUseCase.ts": {"path":"E:\\_projects\\FIAP\\Tech Challenge\\Fase_05\\senior-ease-mobile\\src\\domain\\usecases\\SubmitVisualComfortOnboardingUseCase.ts","statementMap":{"0":{"start":{"line":8,"column":4},"end":{"line":11,"column":7}}},"fnMap":{"0":{"name":"(anonymous_0)","decl":{"start":{"line":5,"column":2},"end":{"line":5,"column":3}},"loc":{"start":{"line":5,"column":71},"end":{"line":5,"column":73}},"line":5},"1":{"name":"(anonymous_1)","decl":{"start":{"line":7,"column":2},"end":{"line":7,"column":3}},"loc":{"start":{"line":7,"column":49},"end":{"line":12,"column":3}},"line":7}},"branchMap":{},"s":{"0":0},"f":{"0":1,"1":0},"b":{},"_coverageSchema":"1a1c01bbd47fc00a2c39e90264f33305004495a9","hash":"dbcb03753e862e34dd3455b487dddf2a33eae4ed"}
,"E:\\_projects\\FIAP\\Tech Challenge\\Fase_05\\senior-ease-mobile\\src\\presentation\\screens\\FontSizeOnboardingScreen.tsx": {"path":"E:\\_projects\\FIAP\\Tech Challenge\\Fase_05\\senior-ease-mobile\\src\\presentation\\screens\\FontSizeOnboardingScreen.tsx","statementMap":{"0":{"start":{"line":38,"column":20},"end":{"line":38,"column":36}},"1":{"start":{"line":39,"column":23},"end":{"line":39,"column":42}},"2":{"start":{"line":42,"column":26},"end":{"line":42,"column":28}},"3":{"start":{"line":44,"column":24},"end":{"line":44,"column":26}},"4":{"start":{"line":45,"column":26},"end":{"line":45,"column":28}},"5":{"start":{"line":46,"column":26},"end":{"line":46,"column":28}},"6":{"start":{"line":47,"column":24},"end":{"line":47,"column":26}},"7":{"start":{"line":48,"column":25},"end":{"line":48,"column":27}},"8":{"start":{"line":49,"column":27},"end":{"line":49,"column":29}},"9":{"start":{"line":51,"column":41},"end":{"line":51,"column":43}},"10":{"start":{"line":52,"column":37},"end":{"line":52,"column":39}},"11":{"start":{"line":53,"column":39},"end":{"line":53,"column":41}},"12":{"start":{"line":57,"column":4},"end":{"line":57,"column":69}},"13":{"start":{"line":58,"column":20},"end":{"line":58,"column":57}},"14":{"start":{"line":60,"column":4},"end":{"line":62,"column":36}},"15":{"start":{"line":63,"column":16},"end":{"line":63,"column":33}},"16":{"start":{"line":64,"column":2},"end":{"line":66,"column":3}},"17":{"start":{"line":65,"column":4},"end":{"line":65,"column":59}},"18":{"start":{"line":67,"column":2},"end":{"line":67,"column":15}},"19":{"start":{"line":83,"column":17},"end":{"line":83,"column":36}},"20":{"start":{"line":84,"column":24},"end":{"line":87,"column":4}},"21":{"start":{"line":88,"column":18},"end":{"line":91,"column":3}},"22":{"start":{"line":89,"column":10},"end":{"line":89,"column":45}},"23":{"start":{"line":92,"column":28},"end":{"line":94,"column":3}},"24":{"start":{"line":93,"column":4},"end":{"line":93,"column":46}},"25":{"start":{"line":95,"column":38},"end":{"line":95,"column":53}},"26":{"start":{"line":96,"column":32},"end":{"line":96,"column":47}},"27":{"start":{"line":98,"column":20},"end":{"line":98,"column":49}},"28":{"start":{"line":99,"column":32},"end":{"line":99,"column":80}},"29":{"start":{"line":100,"column":24},"end":{"line":100,"column":57}},"30":{"start":{"line":101,"column":19},"end":{"line":101,"column":59}},"31":{"start":{"line":102,"column":19},"end":{"line":102,"column":60}},"32":{"start":{"line":104,"column":4},"end":{"line":104,"column":64}},"33":{"start":{"line":106,"column":2},"end":{"line":108,"column":27}},"34":{"start":{"line":107,"column":4},"end":{"line":107,"column":62}},"35":{"start":{"line":110,"column":26},"end":{"line":110,"column":51}},"36":{"start":{"line":111,"column":26},"end":{"line":111,"column":51}},"37":{"start":{"line":112,"column":24},"end":{"line":112,"column":47}},"38":{"start":{"line":113,"column":25},"end":{"line":113,"column":89}},"39":{"start":{"line":114,"column":27},"end":{"line":114,"column":93}},"40":{"start":{"line":115,"column":27},"end":{"line":115,"column":78}},"41":{"start":{"line":116,"column":25},"end":{"line":116,"column":76}},"42":{"start":{"line":117,"column":19},"end":{"line":117,"column":69}},"43":{"start":{"line":119,"column":22},"end":{"line":119,"column":52}},"44":{"start":{"line":120,"column":22},"end":{"line":120,"column":52}},"45":{"start":{"line":122,"column":21},"end":{"line":130,"column":37}},"46":{"start":{"line":123,"column":4},"end":{"line":123,"column":27}},"47":{"start":{"line":123,"column":20},"end":{"line":123,"column":27}},"48":{"start":{"line":124,"column":4},"end":{"line":124,"column":24}},"49":{"start":{"line":125,"column":4},"end":{"line":129,"column":5}},"50":{"start":{"line":126,"column":6},"end":{"line":126,"column":46}},"51":{"start":{"line":128,"column":6},"end":{"line":128,"column":27}},"52":{"start":{"line":132,"column":21},"end":{"line":140,"column":23}},"53":{"start":{"line":133,"column":4},"end":{"line":133,"column":24}},"54":{"start":{"line":133,"column":17},"end":{"line":133,"column":24}},"55":{"start":{"line":134,"column":4},"end":{"line":134,"column":21}},"56":{"start":{"line":135,"column":4},"end":{"line":139,"column":5}},"57":{"start":{"line":136,"column":6},"end":{"line":136,"column":21}},"58":{"start":{"line":138,"column":6},"end":{"line":138,"column":24}},"59":{"start":{"line":142,"column":15},"end":{"line":144,"column":8}},"60":{"start":{"line":143,"column":4},"end":{"line":143,"column":47}},"61":{"start":{"line":143,"column":20},"end":{"line":143,"column":45}},"62":{"start":{"line":146,"column":2},"end":{"line":153,"column":3}},"63":{"start":{"line":147,"column":4},"end":{"line":152,"column":6}},"64":{"start":{"line":155,"column":2},"end":{"line":377,"column":4}},"65":{"start":{"line":176,"column":38},"end":{"line":180,"column":15}},"66":{"start":{"line":244,"column":29},"end":{"line":244,"column":50}},"67":{"start":{"line":246,"column":38},"end":{"line":255,"column":15}},"68":{"start":{"line":286,"column":29},"end":{"line":286,"column":51}},"69":{"start":{"line":288,"column":38},"end":{"line":297,"column":15}},"70":{"start":{"line":346,"column":36},"end":{"line":354,"column":13}},"71":{"start":{"line":380,"column":15},"end":{"line":508,"column":2}}},"fnMap":{"0":{"name":"progressTopPadding","decl":{"start":{"line":55,"column":9},"end":{"line":55,"column":27}},"loc":{"start":{"line":55,"column":55},"end":{"line":68,"column":1}},"line":55},"1":{"name":"FontSizeOnboardingScreen","decl":{"start":{"line":77,"column":16},"end":{"line":77,"column":40}},"loc":{"start":{"line":82,"column":24},"end":{"line":378,"column":1}},"line":82},"2":{"name":"(anonymous_2)","decl":{"start":{"line":89,"column":4},"end":{"line":89,"column":5}},"loc":{"start":{"line":89,"column":10},"end":{"line":89,"column":45}},"line":89},"3":{"name":"(anonymous_3)","decl":{"start":{"line":92,"column":37},"end":{"line":92,"column":38}},"loc":{"start":{"line":93,"column":4},"end":{"line":93,"column":46}},"line":93},"4":{"name":"(anonymous_4)","decl":{"start":{"line":106,"column":12},"end":{"line":106,"column":13}},"loc":{"start":{"line":106,"column":18},"end":{"line":108,"column":3}},"line":106},"5":{"name":"(anonymous_5)","decl":{"start":{"line":122,"column":33},"end":{"line":122,"column":34}},"loc":{"start":{"line":122,"column":45},"end":{"line":130,"column":3}},"line":122},"6":{"name":"(anonymous_6)","decl":{"start":{"line":132,"column":33},"end":{"line":132,"column":34}},"loc":{"start":{"line":132,"column":45},"end":{"line":140,"column":3}},"line":132},"7":{"name":"(anonymous_7)","decl":{"start":{"line":142,"column":27},"end":{"line":142,"column":28}},"loc":{"start":{"line":142,"column":46},"end":{"line":144,"column":3}},"line":142},"8":{"name":"(anonymous_8)","decl":{"start":{"line":143,"column":13},"end":{"line":143,"column":14}},"loc":{"start":{"line":143,"column":20},"end":{"line":143,"column":45}},"line":143},"9":{"name":"(anonymous_9)","decl":{"start":{"line":176,"column":21},"end":{"line":176,"column":22}},"loc":{"start":{"line":176,"column":38},"end":{"line":180,"column":15}},"line":176},"10":{"name":"(anonymous_10)","decl":{"start":{"line":244,"column":23},"end":{"line":244,"column":24}},"loc":{"start":{"line":244,"column":29},"end":{"line":244,"column":50}},"line":244},"11":{"name":"(anonymous_11)","decl":{"start":{"line":246,"column":21},"end":{"line":246,"column":22}},"loc":{"start":{"line":246,"column":38},"end":{"line":255,"column":15}},"line":246},"12":{"name":"(anonymous_12)","decl":{"start":{"line":286,"column":23},"end":{"line":286,"column":24}},"loc":{"start":{"line":286,"column":29},"end":{"line":286,"column":51}},"line":286},"13":{"name":"(anonymous_13)","decl":{"start":{"line":288,"column":21},"end":{"line":288,"column":22}},"loc":{"start":{"line":288,"column":38},"end":{"line":297,"column":15}},"line":288},"14":{"name":"(anonymous_14)","decl":{"start":{"line":346,"column":19},"end":{"line":346,"column":20}},"loc":{"start":{"line":346,"column":36},"end":{"line":354,"column":13}},"line":346}},"branchMap":{"0":{"loc":{"start":{"line":57,"column":4},"end":{"line":57,"column":69}},"type":"cond-expr","locations":[{"start":{"line":57,"column":33},"end":{"line":57,"column":64}},{"start":{"line":57,"column":68},"end":{"line":57,"column":69}}],"line":57},"1":{"loc":{"start":{"line":57,"column":33},"end":{"line":57,"column":64}},"type":"binary-expr","locations":[{"start":{"line":57,"column":33},"end":{"line":57,"column":58}},{"start":{"line":57,"column":62},"end":{"line":57,"column":64}}],"line":57},"2":{"loc":{"start":{"line":60,"column":4},"end":{"line":62,"column":36}},"type":"cond-expr","locations":[{"start":{"line":61,"column":8},"end":{"line":61,"column":40}},{"start":{"line":62,"column":8},"end":{"line":62,"column":36}}],"line":60},"3":{"loc":{"start":{"line":64,"column":2},"end":{"line":66,"column":3}},"type":"if","locations":[{"start":{"line":64,"column":2},"end":{"line":66,"column":3}},{"start":{},"end":{}}],"line":64},"4":{"loc":{"start":{"line":99,"column":32},"end":{"line":99,"column":80}},"type":"cond-expr","locations":[{"start":{"line":99,"column":44},"end":{"line":99,"column":53}},{"start":{"line":99,"column":56},"end":{"line":99,"column":80}}],"line":99},"5":{"loc":{"start":{"line":100,"column":24},"end":{"line":100,"column":57}},"type":"cond-expr","locations":[{"start":{"line":100,"column":36},"end":{"line":100,"column":45}},{"start":{"line":100,"column":48},"end":{"line":100,"column":57}}],"line":100},"6":{"loc":{"start":{"line":101,"column":19},"end":{"line":101,"column":59}},"type":"cond-expr","locations":[{"start":{"line":101,"column":31},"end":{"line":101,"column":41}},{"start":{"line":101,"column":44},"end":{"line":101,"column":59}}],"line":101},"7":{"loc":{"start":{"line":102,"column":19},"end":{"line":102,"column":60}},"type":"cond-expr","locations":[{"start":{"line":102,"column":31},"end":{"line":102,"column":40}},{"start":{"line":102,"column":43},"end":{"line":102,"column":60}}],"line":102},"8":{"loc":{"start":{"line":104,"column":4},"end":{"line":104,"column":64}},"type":"cond-expr","locations":[{"start":{"line":104,"column":42},"end":{"line":104,"column":51}},{"start":{"line":104,"column":54},"end":{"line":104,"column":64}}],"line":104},"9":{"loc":{"start":{"line":123,"column":4},"end":{"line":123,"column":27}},"type":"if","locations":[{"start":{"line":123,"column":4},"end":{"line":123,"column":27}},{"start":{},"end":{}}],"line":123},"10":{"loc":{"start":{"line":133,"column":4},"end":{"line":133,"column":24}},"type":"if","locations":[{"start":{"line":133,"column":4},"end":{"line":133,"column":24}},{"start":{},"end":{}}],"line":133},"11":{"loc":{"start":{"line":146,"column":2},"end":{"line":153,"column":3}},"type":"if","locations":[{"start":{"line":146,"column":2},"end":{"line":153,"column":3}},{"start":{},"end":{}}],"line":146},"12":{"loc":{"start":{"line":150,"column":26},"end":{"line":150,"column":54}},"type":"cond-expr","locations":[{"start":{"line":150,"column":38},"end":{"line":150,"column":44}},{"start":{"line":150,"column":47},"end":{"line":150,"column":54}}],"line":150},"13":{"loc":{"start":{"line":160,"column":26},"end":{"line":160,"column":54}},"type":"cond-expr","locations":[{"start":{"line":160,"column":38},"end":{"line":160,"column":44}},{"start":{"line":160,"column":47},"end":{"line":160,"column":54}}],"line":160},"14":{"loc":{"start":{"line":178,"column":35},"end":{"line":178,"column":68}},"type":"cond-expr","locations":[{"start":{"line":178,"column":47},"end":{"line":178,"column":56}},{"start":{"line":178,"column":59},"end":{"line":178,"column":68}}],"line":178},"15":{"loc":{"start":{"line":179,"column":16},"end":{"line":179,"column":41}},"type":"binary-expr","locations":[{"start":{"line":179,"column":16},"end":{"line":179,"column":23}},{"start":{"line":179,"column":27},"end":{"line":179,"column":41}}],"line":179},"16":{"loc":{"start":{"line":223,"column":29},"end":{"line":223,"column":67}},"type":"cond-expr","locations":[{"start":{"line":223,"column":41},"end":{"line":223,"column":50}},{"start":{"line":223,"column":53},"end":{"line":223,"column":67}}],"line":223},"17":{"loc":{"start":{"line":224,"column":33},"end":{"line":224,"column":72}},"type":"cond-expr","locations":[{"start":{"line":224,"column":45},"end":{"line":224,"column":54}},{"start":{"line":224,"column":57},"end":{"line":224,"column":72}}],"line":224},"18":{"loc":{"start":{"line":253,"column":16},"end":{"line":253,"column":53}},"type":"binary-expr","locations":[{"start":{"line":253,"column":16},"end":{"line":253,"column":28}},{"start":{"line":253,"column":32},"end":{"line":253,"column":53}}],"line":253},"19":{"loc":{"start":{"line":254,"column":16},"end":{"line":254,"column":56}},"type":"binary-expr","locations":[{"start":{"line":254,"column":16},"end":{"line":254,"column":23}},{"start":{"line":254,"column":27},"end":{"line":254,"column":38}},{"start":{"line":254,"column":42},"end":{"line":254,"column":56}}],"line":254},"20":{"loc":{"start":{"line":295,"column":16},"end":{"line":295,"column":53}},"type":"binary-expr","locations":[{"start":{"line":295,"column":16},"end":{"line":295,"column":28}},{"start":{"line":295,"column":32},"end":{"line":295,"column":53}}],"line":295},"21":{"loc":{"start":{"line":296,"column":16},"end":{"line":296,"column":56}},"type":"binary-expr","locations":[{"start":{"line":296,"column":16},"end":{"line":296,"column":23}},{"start":{"line":296,"column":27},"end":{"line":296,"column":38}},{"start":{"line":296,"column":42},"end":{"line":296,"column":56}}],"line":296},"22":{"loc":{"start":{"line":349,"column":33},"end":{"line":349,"column":72}},"type":"cond-expr","locations":[{"start":{"line":349,"column":45},"end":{"line":349,"column":54}},{"start":{"line":349,"column":57},"end":{"line":349,"column":72}}],"line":349},"23":{"loc":{"start":{"line":353,"column":14},"end":{"line":353,"column":65}},"type":"binary-expr","locations":[{"start":{"line":353,"column":15},"end":{"line":353,"column":22}},{"start":{"line":353,"column":26},"end":{"line":353,"column":36}},{"start":{"line":353,"column":41},"end":{"line":353,"column":65}}],"line":353},"24":{"loc":{"start":{"line":357,"column":13},"end":{"line":372,"column":13}},"type":"cond-expr","locations":[{"start":{"line":358,"column":14},"end":{"line":360,"column":16}},{"start":{"line":362,"column":14},"end":{"line":371,"column":21}}],"line":357},"25":{"loc":{"start":{"line":359,"column":23},"end":{"line":359,"column":64}},"type":"cond-expr","locations":[{"start":{"line":359,"column":35},"end":{"line":359,"column":44}},{"start":{"line":359,"column":47},"end":{"line":359,"column":64}}],"line":359},"26":{"loc":{"start":{"line":367,"column":25},"end":{"line":367,"column":66}},"type":"cond-expr","locations":[{"start":{"line":367,"column":37},"end":{"line":367,"column":46}},{"start":{"line":367,"column":49},"end":{"line":367,"column":66}}],"line":367}},"s":{"0":1,"1":1,"2":1,"3":1,"4":1,"5":1,"6":1,"7":1,"8":1,"9":1,"10":1,"11":1,"12":0,"13":0,"14":0,"15":0,"16":0,"17":0,"18":0,"19":0,"20":0,"21":0,"22":0,"23":0,"24":0,"25":0,"26":0,"27":0,"28":0,"29":0,"30":0,"31":0,"32":0,"33":0,"34":0,"35":0,"36":0,"37":0,"38":0,"39":0,"40":0,"41":0,"42":0,"43":0,"44":0,"45":0,"46":0,"47":0,"48":0,"49":0,"50":0,"51":0,"52":0,"53":0,"54":0,"55":0,"56":0,"57":0,"58":0,"59":0,"60":0,"61":0,"62":0,"63":0,"64":0,"65":0,"66":0,"67":0,"68":0,"69":0,"70":0,"71":1},"f":{"0":0,"1":0,"2":0,"3":0,"4":0,"5":0,"6":0,"7":0,"8":0,"9":0,"10":0,"11":0,"12":0,"13":0,"14":0},"b":{"0":[0,0],"1":[0,0],"2":[0,0],"3":[0,0],"4":[0,0],"5":[0,0],"6":[0,0],"7":[0,0],"8":[0,0],"9":[0,0],"10":[0,0],"11":[0,0],"12":[0,0],"13":[0,0],"14":[0,0],"15":[0,0],"16":[0,0],"17":[0,0],"18":[0,0],"19":[0,0,0],"20":[0,0],"21":[0,0,0],"22":[0,0],"23":[0,0,0],"24":[0,0],"25":[0,0],"26":[0,0]},"_coverageSchema":"1a1c01bbd47fc00a2c39e90264f33305004495a9","hash":"9e29ac840e36dd95e0794cc9e0f87c1105c9918e"}
,"E:\\_projects\\FIAP\\Tech Challenge\\Fase_05\\senior-ease-mobile\\src\\presentation\\screens\\MainAppScreen.tsx": {"path":"E:\\_projects\\FIAP\\Tech Challenge\\Fase_05\\senior-ease-mobile\\src\\presentation\\screens\\MainAppScreen.tsx","statementMap":{"0":{"start":{"line":12,"column":24},"end":{"line":12,"column":26}},"1":{"start":{"line":13,"column":27},"end":{"line":13,"column":29}},"2":{"start":{"line":14,"column":29},"end":{"line":14,"column":31}},"3":{"start":{"line":21,"column":34},"end":{"line":21,"column":47}},"4":{"start":{"line":22,"column":20},"end":{"line":22,"column":44}},"5":{"start":{"line":23,"column":32},"end":{"line":23,"column":47}},"6":{"start":{"line":25,"column":20},"end":{"line":25,"column":44}},"7":{"start":{"line":26,"column":24},"end":{"line":26,"column":57}},"8":{"start":{"line":27,"column":23},"end":{"line":27,"column":77}},"9":{"start":{"line":29,"column":2},"end":{"line":31,"column":27}},"10":{"start":{"line":30,"column":4},"end":{"line":30,"column":62}},"11":{"start":{"line":33,"column":21},"end":{"line":41,"column":23}},"12":{"start":{"line":34,"column":4},"end":{"line":34,"column":24}},"13":{"start":{"line":34,"column":17},"end":{"line":34,"column":24}},"14":{"start":{"line":35,"column":4},"end":{"line":35,"column":21}},"15":{"start":{"line":36,"column":4},"end":{"line":40,"column":5}},"16":{"start":{"line":37,"column":6},"end":{"line":37,"column":21}},"17":{"start":{"line":39,"column":6},"end":{"line":39,"column":24}},"18":{"start":{"line":43,"column":2},"end":{"line":93,"column":4}},"19":{"start":{"line":50,"column":36},"end":{"line":54,"column":13}},"20":{"start":{"line":96,"column":15},"end":{"line":137,"column":2}}},"fnMap":{"0":{"name":"MainAppScreen","decl":{"start":{"line":20,"column":16},"end":{"line":20,"column":29}},"loc":{"start":{"line":20,"column":49},"end":{"line":94,"column":1}},"line":20},"1":{"name":"(anonymous_1)","decl":{"start":{"line":29,"column":12},"end":{"line":29,"column":13}},"loc":{"start":{"line":29,"column":18},"end":{"line":31,"column":3}},"line":29},"2":{"name":"(anonymous_2)","decl":{"start":{"line":33,"column":33},"end":{"line":33,"column":34}},"loc":{"start":{"line":33,"column":45},"end":{"line":41,"column":3}},"line":33},"3":{"name":"(anonymous_3)","decl":{"start":{"line":50,"column":19},"end":{"line":50,"column":20}},"loc":{"start":{"line":50,"column":36},"end":{"line":54,"column":13}},"line":50}},"branchMap":{"0":{"loc":{"start":{"line":26,"column":24},"end":{"line":26,"column":57}},"type":"cond-expr","locations":[{"start":{"line":26,"column":36},"end":{"line":26,"column":45}},{"start":{"line":26,"column":48},"end":{"line":26,"column":57}}],"line":26},"1":{"loc":{"start":{"line":34,"column":4},"end":{"line":34,"column":24}},"type":"if","locations":[{"start":{"line":34,"column":4},"end":{"line":34,"column":24}},{"start":{},"end":{}}],"line":34},"2":{"loc":{"start":{"line":53,"column":14},"end":{"line":53,"column":39}},"type":"binary-expr","locations":[{"start":{"line":53,"column":14},"end":{"line":53,"column":21}},{"start":{"line":53,"column":25},"end":{"line":53,"column":39}}],"line":53},"3":{"loc":{"start":{"line":91,"column":24},"end":{"line":91,"column":73}},"type":"cond-expr","locations":[{"start":{"line":91,"column":57},"end":{"line":91,"column":64}},{"start":{"line":91,"column":67},"end":{"line":91,"column":73}}],"line":91}},"s":{"0":1,"1":1,"2":1,"3":0,"4":0,"5":0,"6":0,"7":0,"8":0,"9":0,"10":0,"11":0,"12":0,"13":0,"14":0,"15":0,"16":0,"17":0,"18":0,"19":0,"20":1},"f":{"0":0,"1":0,"2":0,"3":0},"b":{"0":[0,0],"1":[0,0],"2":[0,0],"3":[0,0]},"_coverageSchema":"1a1c01bbd47fc00a2c39e90264f33305004495a9","hash":"59900c16981f62b37fa7f988eb7eef79904adfad"}
,"E:\\_projects\\FIAP\\Tech Challenge\\Fase_05\\senior-ease-mobile\\src\\presentation\\screens\\VisualComfortOnboardingScreen.tsx": {"path":"E:\\_projects\\FIAP\\Tech Challenge\\Fase_05\\senior-ease-mobile\\src\\presentation\\screens\\VisualComfortOnboardingScreen.tsx","statementMap":{"0":{"start":{"line":32,"column":17},"end":{"line":32,"column":26}},"1":{"start":{"line":34,"column":24},"end":{"line":34,"column":33}},"2":{"start":{"line":35,"column":27},"end":{"line":35,"column":36}},"3":{"start":{"line":36,"column":27},"end":{"line":36,"column":36}},"4":{"start":{"line":37,"column":18},"end":{"line":37,"column":27}},"5":{"start":{"line":38,"column":23},"end":{"line":38,"column":32}},"6":{"start":{"line":40,"column":20},"end":{"line":40,"column":36}},"7":{"start":{"line":41,"column":23},"end":{"line":41,"column":42}},"8":{"start":{"line":43,"column":41},"end":{"line":43,"column":43}},"9":{"start":{"line":44,"column":37},"end":{"line":44,"column":39}},"10":{"start":{"line":45,"column":39},"end":{"line":45,"column":41}},"11":{"start":{"line":49,"column":4},"end":{"line":49,"column":69}},"12":{"start":{"line":50,"column":20},"end":{"line":50,"column":57}},"13":{"start":{"line":52,"column":4},"end":{"line":54,"column":36}},"14":{"start":{"line":55,"column":16},"end":{"line":55,"column":33}},"15":{"start":{"line":56,"column":2},"end":{"line":58,"column":3}},"16":{"start":{"line":57,"column":4},"end":{"line":57,"column":59}},"17":{"start":{"line":59,"column":2},"end":{"line":59,"column":15}},"18":{"start":{"line":63,"column":2},"end":{"line":70,"column":4}},"19":{"start":{"line":74,"column":2},"end":{"line":81,"column":4}},"20":{"start":{"line":84,"column":20},"end":{"line":101,"column":2}},"21":{"start":{"line":112,"column":17},"end":{"line":112,"column":36}},"22":{"start":{"line":113,"column":24},"end":{"line":116,"column":4}},"23":{"start":{"line":117,"column":34},"end":{"line":117,"column":78}},"24":{"start":{"line":118,"column":38},"end":{"line":118,"column":53}},"25":{"start":{"line":119,"column":18},"end":{"line":119,"column":46}},"26":{"start":{"line":121,"column":4},"end":{"line":121,"column":56}},"27":{"start":{"line":123,"column":4},"end":{"line":123,"column":57}},"28":{"start":{"line":125,"column":2},"end":{"line":127,"column":27}},"29":{"start":{"line":126,"column":4},"end":{"line":126,"column":62}},"30":{"start":{"line":129,"column":21},"end":{"line":137,"column":40}},"31":{"start":{"line":130,"column":4},"end":{"line":130,"column":27}},"32":{"start":{"line":130,"column":20},"end":{"line":130,"column":27}},"33":{"start":{"line":131,"column":4},"end":{"line":131,"column":24}},"34":{"start":{"line":132,"column":4},"end":{"line":136,"column":5}},"35":{"start":{"line":133,"column":6},"end":{"line":133,"column":33}},"36":{"start":{"line":135,"column":6},"end":{"line":135,"column":27}},"37":{"start":{"line":139,"column":2},"end":{"line":146,"column":3}},"38":{"start":{"line":140,"column":4},"end":{"line":145,"column":6}},"39":{"start":{"line":148,"column":2},"end":{"line":316,"column":4}},"40":{"start":{"line":200,"column":27},"end":{"line":200,"column":49}},"41":{"start":{"line":201,"column":36},"end":{"line":208,"column":13}},"42":{"start":{"line":242,"column":27},"end":{"line":242,"column":55}},"43":{"start":{"line":243,"column":36},"end":{"line":250,"column":13}},"44":{"start":{"line":298,"column":36},"end":{"line":302,"column":13}},"45":{"start":{"line":319,"column":15},"end":{"line":530,"column":2}}},"fnMap":{"0":{"name":"progressTopPadding","decl":{"start":{"line":47,"column":9},"end":{"line":47,"column":27}},"loc":{"start":{"line":47,"column":55},"end":{"line":60,"column":1}},"line":47},"1":{"name":"CheckBadgeOnLight","decl":{"start":{"line":62,"column":9},"end":{"line":62,"column":26}},"loc":{"start":{"line":62,"column":43},"end":{"line":71,"column":1}},"line":62},"2":{"name":"CheckBadgeOnDark","decl":{"start":{"line":73,"column":9},"end":{"line":73,"column":25}},"loc":{"start":{"line":73,"column":42},"end":{"line":82,"column":1}},"line":73},"3":{"name":"VisualComfortOnboardingScreen","decl":{"start":{"line":108,"column":16},"end":{"line":108,"column":45}},"loc":{"start":{"line":111,"column":24},"end":{"line":317,"column":1}},"line":111},"4":{"name":"(anonymous_4)","decl":{"start":{"line":125,"column":12},"end":{"line":125,"column":13}},"loc":{"start":{"line":125,"column":18},"end":{"line":127,"column":3}},"line":125},"5":{"name":"(anonymous_5)","decl":{"start":{"line":129,"column":33},"end":{"line":129,"column":34}},"loc":{"start":{"line":129,"column":45},"end":{"line":137,"column":3}},"line":129},"6":{"name":"(anonymous_6)","decl":{"start":{"line":200,"column":21},"end":{"line":200,"column":22}},"loc":{"start":{"line":200,"column":27},"end":{"line":200,"column":49}},"line":200},"7":{"name":"(anonymous_7)","decl":{"start":{"line":201,"column":19},"end":{"line":201,"column":20}},"loc":{"start":{"line":201,"column":36},"end":{"line":208,"column":13}},"line":201},"8":{"name":"(anonymous_8)","decl":{"start":{"line":242,"column":21},"end":{"line":242,"column":22}},"loc":{"start":{"line":242,"column":27},"end":{"line":242,"column":55}},"line":242},"9":{"name":"(anonymous_9)","decl":{"start":{"line":243,"column":19},"end":{"line":243,"column":20}},"loc":{"start":{"line":243,"column":36},"end":{"line":250,"column":13}},"line":243},"10":{"name":"(anonymous_10)","decl":{"start":{"line":298,"column":19},"end":{"line":298,"column":20}},"loc":{"start":{"line":298,"column":36},"end":{"line":302,"column":13}},"line":298}},"branchMap":{"0":{"loc":{"start":{"line":49,"column":4},"end":{"line":49,"column":69}},"type":"cond-expr","locations":[{"start":{"line":49,"column":33},"end":{"line":49,"column":64}},{"start":{"line":49,"column":68},"end":{"line":49,"column":69}}],"line":49},"1":{"loc":{"start":{"line":49,"column":33},"end":{"line":49,"column":64}},"type":"binary-expr","locations":[{"start":{"line":49,"column":33},"end":{"line":49,"column":58}},{"start":{"line":49,"column":62},"end":{"line":49,"column":64}}],"line":49},"2":{"loc":{"start":{"line":52,"column":4},"end":{"line":54,"column":36}},"type":"cond-expr","locations":[{"start":{"line":53,"column":8},"end":{"line":53,"column":40}},{"start":{"line":54,"column":8},"end":{"line":54,"column":36}}],"line":52},"3":{"loc":{"start":{"line":56,"column":2},"end":{"line":58,"column":3}},"type":"if","locations":[{"start":{"line":56,"column":2},"end":{"line":58,"column":3}},{"start":{},"end":{}}],"line":56},"4":{"loc":{"start":{"line":121,"column":4},"end":{"line":121,"column":56}},"type":"cond-expr","locations":[{"start":{"line":121,"column":35},"end":{"line":121,"column":44}},{"start":{"line":121,"column":47},"end":{"line":121,"column":56}}],"line":121},"5":{"loc":{"start":{"line":123,"column":4},"end":{"line":123,"column":57}},"type":"cond-expr","locations":[{"start":{"line":123,"column":35},"end":{"line":123,"column":44}},{"start":{"line":123,"column":47},"end":{"line":123,"column":57}}],"line":123},"6":{"loc":{"start":{"line":130,"column":4},"end":{"line":130,"column":27}},"type":"if","locations":[{"start":{"line":130,"column":4},"end":{"line":130,"column":27}},{"start":{},"end":{}}],"line":130},"7":{"loc":{"start":{"line":139,"column":2},"end":{"line":146,"column":3}},"type":"if","locations":[{"start":{"line":139,"column":2},"end":{"line":146,"column":3}},{"start":{},"end":{}}],"line":139},"8":{"loc":{"start":{"line":153,"column":26},"end":{"line":153,"column":73}},"type":"cond-expr","locations":[{"start":{"line":153,"column":57},"end":{"line":153,"column":64}},{"start":{"line":153,"column":67},"end":{"line":153,"column":73}}],"line":153},"9":{"loc":{"start":{"line":204,"column":14},"end":{"line":206,"column":40}},"type":"cond-expr","locations":[{"start":{"line":205,"column":18},"end":{"line":205,"column":44}},{"start":{"line":206,"column":18},"end":{"line":206,"column":40}}],"line":204},"10":{"loc":{"start":{"line":207,"column":14},"end":{"line":207,"column":39}},"type":"binary-expr","locations":[{"start":{"line":207,"column":14},"end":{"line":207,"column":21}},{"start":{"line":207,"column":25},"end":{"line":207,"column":39}}],"line":207},"11":{"loc":{"start":{"line":214,"column":15},"end":{"line":220,"column":15}},"type":"cond-expr","locations":[{"start":{"line":215,"column":16},"end":{"line":215,"column":37}},{"start":{"line":217,"column":16},"end":{"line":219,"column":23}}],"line":214},"12":{"loc":{"start":{"line":246,"column":14},"end":{"line":248,"column":45}},"type":"cond-expr","locations":[{"start":{"line":247,"column":18},"end":{"line":247,"column":49}},{"start":{"line":248,"column":18},"end":{"line":248,"column":45}}],"line":246},"13":{"loc":{"start":{"line":249,"column":14},"end":{"line":249,"column":39}},"type":"binary-expr","locations":[{"start":{"line":249,"column":14},"end":{"line":249,"column":21}},{"start":{"line":249,"column":25},"end":{"line":249,"column":39}}],"line":249},"14":{"loc":{"start":{"line":256,"column":15},"end":{"line":262,"column":15}},"type":"cond-expr","locations":[{"start":{"line":257,"column":16},"end":{"line":257,"column":36}},{"start":{"line":259,"column":16},"end":{"line":261,"column":23}}],"line":256},"15":{"loc":{"start":{"line":301,"column":14},"end":{"line":301,"column":65}},"type":"binary-expr","locations":[{"start":{"line":301,"column":15},"end":{"line":301,"column":22}},{"start":{"line":301,"column":26},"end":{"line":301,"column":36}},{"start":{"line":301,"column":41},"end":{"line":301,"column":65}}],"line":301},"16":{"loc":{"start":{"line":305,"column":13},"end":{"line":311,"column":13}},"type":"cond-expr","locations":[{"start":{"line":306,"column":14},"end":{"line":306,"column":61}},{"start":{"line":308,"column":14},"end":{"line":310,"column":21}}],"line":305}},"s":{"0":1,"1":1,"2":1,"3":1,"4":1,"5":1,"6":1,"7":1,"8":1,"9":1,"10":1,"11":1,"12":1,"13":1,"14":1,"15":1,"16":0,"17":1,"18":1,"19":0,"20":1,"21":1,"22":1,"23":1,"24":1,"25":1,"26":1,"27":1,"28":1,"29":1,"30":1,"31":0,"32":0,"33":0,"34":0,"35":0,"36":0,"37":1,"38":0,"39":1,"40":0,"41":1,"42":0,"43":1,"44":1,"45":1},"f":{"0":1,"1":1,"2":0,"3":1,"4":1,"5":0,"6":0,"7":1,"8":0,"9":1,"10":1},"b":{"0":[0,1],"1":[0,0],"2":[0,1],"3":[0,1],"4":[0,1],"5":[0,1],"6":[0,0],"7":[0,1],"8":[0,1],"9":[1,0],"10":[1,0],"11":[1,0],"12":[0,1],"13":[1,0],"14":[0,1],"15":[1,1,0],"16":[0,1]},"_coverageSchema":"1a1c01bbd47fc00a2c39e90264f33305004495a9","hash":"eaa777e0d8b090d0691528afeb4c37dff5981ce8"}
,"E:\\_projects\\FIAP\\Tech Challenge\\Fase_05\\senior-ease-mobile\\src\\presentation\\theme\\FontScaleContext.tsx": {"path":"E:\\_projects\\FIAP\\Tech Challenge\\Fase_05\\senior-ease-mobile\\src\\presentation\\theme\\FontScaleContext.tsx","statementMap":{"0":{"start":{"line":7,"column":25},"end":{"line":7,"column":49}},"1":{"start":{"line":13,"column":2},"end":{"line":17,"column":4}},"2":{"start":{"line":21,"column":2},"end":{"line":21,"column":38}}},"fnMap":{"0":{"name":"FontScaleProvider","decl":{"start":{"line":9,"column":16},"end":{"line":9,"column":33}},"loc":{"start":{"line":12,"column":46},"end":{"line":18,"column":1}},"line":12},"1":{"name":"useFontScaleMultiplier","decl":{"start":{"line":20,"column":16},"end":{"line":20,"column":38}},"loc":{"start":{"line":20,"column":49},"end":{"line":22,"column":1}},"line":20}},"branchMap":{},"s":{"0":1,"1":1,"2":0},"f":{"0":1,"1":0},"b":{},"_coverageSchema":"1a1c01bbd47fc00a2c39e90264f33305004495a9","hash":"3bc187985194b3b697708ccfcc6cbfa2712961ba"}
,"E:\\_projects\\FIAP\\Tech Challenge\\Fase_05\\senior-ease-mobile\\src\\presentation\\theme\\ThemeContext.tsx": {"path":"E:\\_projects\\FIAP\\Tech Challenge\\Fase_05\\senior-ease-mobile\\src\\presentation\\theme\\ThemeContext.tsx","statementMap":{"0":{"start":{"line":18,"column":21},"end":{"line":18,"column":66}},"1":{"start":{"line":24,"column":35},"end":{"line":27,"column":3}},"2":{"start":{"line":29,"column":2},"end":{"line":31,"column":4}},"3":{"start":{"line":35,"column":14},"end":{"line":35,"column":38}},"4":{"start":{"line":36,"column":2},"end":{"line":38,"column":3}},"5":{"start":{"line":37,"column":4},"end":{"line":37,"column":74}},"6":{"start":{"line":39,"column":2},"end":{"line":39,"column":13}}},"fnMap":{"0":{"name":"ThemeProvider","decl":{"start":{"line":20,"column":16},"end":{"line":20,"column":29}},"loc":{"start":{"line":23,"column":55},"end":{"line":32,"column":1}},"line":23},"1":{"name":"useAppTheme","decl":{"start":{"line":34,"column":16},"end":{"line":34,"column":27}},"loc":{"start":{"line":34,"column":49},"end":{"line":40,"column":1}},"line":34}},"branchMap":{"0":{"loc":{"start":{"line":36,"column":2},"end":{"line":38,"column":3}},"type":"if","locations":[{"start":{"line":36,"column":2},"end":{"line":38,"column":3}},{"start":{},"end":{}}],"line":36}},"s":{"0":1,"1":1,"2":1,"3":0,"4":0,"5":0,"6":0},"f":{"0":1,"1":0},"b":{"0":[0,0]},"_coverageSchema":"1a1c01bbd47fc00a2c39e90264f33305004495a9","hash":"21bda7a7e592914c87393566563b0842058a3532"}
,"E:\\_projects\\FIAP\\Tech Challenge\\Fase_05\\senior-ease-mobile\\src\\presentation\\theme\\themePalette.ts": {"path":"E:\\_projects\\FIAP\\Tech Challenge\\Fase_05\\senior-ease-mobile\\src\\presentation\\theme\\themePalette.ts","statementMap":{"0":{"start":{"line":14,"column":25},"end":{"line":14,"column":34}},"1":{"start":{"line":16,"column":26},"end":{"line":16,"column":35}},"2":{"start":{"line":18,"column":38},"end":{"line":18,"column":47}},"3":{"start":{"line":20,"column":20},"end":{"line":20,"column":29}},"4":{"start":{"line":23,"column":2},"end":{"line":33,"column":3}},"5":{"start":{"line":24,"column":4},"end":{"line":32,"column":6}},"6":{"start":{"line":35,"column":2},"end":{"line":43,"column":4}}},"fnMap":{"0":{"name":"createThemePalette","decl":{"start":{"line":22,"column":16},"end":{"line":22,"column":34}},"loc":{"start":{"line":22,"column":78},"end":{"line":44,"column":1}},"line":22}},"branchMap":{"0":{"loc":{"start":{"line":23,"column":2},"end":{"line":33,"column":3}},"type":"if","locations":[{"start":{"line":23,"column":2},"end":{"line":33,"column":3}},{"start":{},"end":{}}],"line":23}},"s":{"0":1,"1":1,"2":1,"3":1,"4":2,"5":0,"6":2},"f":{"0":2},"b":{"0":[0,2]},"_coverageSchema":"1a1c01bbd47fc00a2c39e90264f33305004495a9","hash":"9364d4309bc8b1ba1f14d73c73f733ce9fc5b1d5"}
}
