TN:
SF:App.tsx
FN:5,App
FNF:1
FNH:1
FNDA:10,App
DA:6,10
DA:13,1
LF:2
LH:2
BRF:0
BRH:0
end_of_record
TN:
SF:assets\welcome_image.png
FNF:0
FNH:0
DA:1,1
LF:1
LH:1
BRF:0
BRH:0
end_of_record
TN:
SF:src\app\AppRoot.tsx
FN:35,AppRoot
FN:44,(anonymous_1)
FN:67,(anonymous_2)
FN:69,(anonymous_3)
FN:74,(anonymous_4)
FN:90,(anonymous_5)
FN:96,(anonymous_6)
FN:108,(anonymous_7)
FN:116,(anonymous_8)
FN:130,(anonymous_9)
FN:132,(anonymous_10)
FN:143,(anonymous_11)
FN:148,(anonymous_12)
FN:159,(anonymous_13)
FN:161,(anonymous_14)
FN:171,(anonymous_15)
FN:188,(anonymous_16)
FN:204,(anonymous_17)
FN:212,(anonymous_18)
FN:226,(anonymous_19)
FN:233,(anonymous_20)
FN:246,(anonymous_21)
FN:253,(anonymous_22)
FN:266,(anonymous_23)
FN:273,(anonymous_24)
FN:286,(anonymous_25)
FN:288,(anonymous_26)
FN:298,(anonymous_27)
FN:307,(anonymous_28)
FN:322,(anonymous_29)
FN:324,(anonymous_30)
FN:335,(anonymous_31)
FN:338,(anonymous_32)
FN:349,(anonymous_33)
FN:351,(anonymous_34)
FN:362,(anonymous_35)
FN:371,(anonymous_36)
FN:387,(anonymous_37)
FN:389,(anonymous_38)
FN:404,(anonymous_39)
FN:473,(anonymous_40)
FNF:41
FNH:38
FNDA:61,AppRoot
FNDA:10,(anonymous_1)
FNDA:10,(anonymous_2)
FNDA:10,(anonymous_3)
FNDA:10,(anonymous_4)
FNDA:4,(anonymous_5)
FNDA:4,(anonymous_6)
FNDA:3,(anonymous_7)
FNDA:3,(anonymous_8)
FNDA:1,(anonymous_9)
FNDA:1,(anonymous_10)
FNDA:2,(anonymous_11)
FNDA:2,(anonymous_12)
FNDA:0,(anonymous_13)
FNDA:0,(anonymous_14)
FNDA:2,(anonymous_15)
FNDA:2,(anonymous_16)
FNDA:1,(anonymous_17)
FNDA:1,(anonymous_18)
FNDA:3,(anonymous_19)
FNDA:3,(anonymous_20)
FNDA:1,(anonymous_21)
FNDA:1,(anonymous_22)
FNDA:2,(anonymous_23)
FNDA:2,(anonymous_24)
FNDA:1,(anonymous_25)
FNDA:1,(anonymous_26)
FNDA:1,(anonymous_27)
FNDA:1,(anonymous_28)
FNDA:9,(anonymous_29)
FNDA:9,(anonymous_30)
FNDA:8,(anonymous_31)
FNDA:8,(anonymous_32)
FNDA:1,(anonymous_33)
FNDA:1,(anonymous_34)
FNDA:1,(anonymous_35)
FNDA:1,(anonymous_36)
FNDA:1,(anonymous_37)
FNDA:1,(anonymous_38)
FNDA:51,(anonymous_39)
FNDA:0,(anonymous_40)
DA:44,61
DA:45,10
DA:46,10
DA:65,61
DA:67,61
DA:68,10
DA:69,10
DA:70,10
DA:71,10
DA:74,10
DA:75,10
DA:79,61
DA:80,10
DA:90,51
DA:91,4
DA:96,4
DA:97,4
DA:108,51
DA:109,3
DA:116,3
DA:117,3
DA:130,51
DA:131,1
DA:132,1
DA:133,1
DA:143,51
DA:144,2
DA:148,2
DA:149,2
DA:159,51
DA:160,0
DA:161,0
DA:162,0
DA:171,51
DA:172,2
DA:173,2
DA:174,0
DA:178,0
DA:180,2
DA:188,2
DA:189,2
DA:201,2
DA:204,51
DA:205,1
DA:212,1
DA:213,1
DA:226,51
DA:227,3
DA:233,3
DA:234,3
DA:246,51
DA:247,1
DA:253,1
DA:254,1
DA:266,51
DA:267,2
DA:273,2
DA:274,2
DA:286,51
DA:287,1
DA:288,1
DA:289,1
DA:298,51
DA:299,1
DA:307,1
DA:308,1
DA:322,51
DA:323,9
DA:324,9
DA:325,9
DA:335,51
DA:336,8
DA:337,8
DA:338,8
DA:339,8
DA:349,51
DA:350,1
DA:351,1
DA:352,1
DA:362,51
DA:363,1
DA:364,1
DA:371,1
DA:372,1
DA:387,51
DA:388,1
DA:389,1
DA:390,1
DA:404,51
DA:405,51
DA:406,11
DA:413,40
DA:414,10
DA:423,30
DA:424,27
DA:425,5
DA:433,22
DA:434,4
DA:442,18
DA:443,2
DA:450,16
DA:451,3
DA:459,13
DA:460,2
DA:468,11
DA:474,0
DA:482,3
DA:485,51
DA:498,1
LF:109
LH:103
BRDA:70,0,0,10
BRDA:70,0,1,0
BRDA:79,1,0,10
BRDA:79,1,1,51
BRDA:97,2,0,4
BRDA:97,2,1,0
BRDA:117,3,0,3
BRDA:117,3,1,0
BRDA:133,4,0,1
BRDA:133,4,1,0
BRDA:149,5,0,2
BRDA:149,5,1,0
BRDA:162,6,0,0
BRDA:162,6,1,0
BRDA:172,7,0,2
BRDA:172,7,1,0
BRDA:173,8,0,0
BRDA:173,8,1,2
BRDA:189,9,0,2
BRDA:189,9,1,0
BRDA:213,10,0,1
BRDA:213,10,1,0
BRDA:234,11,0,3
BRDA:234,11,1,0
BRDA:254,12,0,1
BRDA:254,12,1,0
BRDA:274,13,0,2
BRDA:274,13,1,0
BRDA:289,14,0,1
BRDA:289,14,1,0
BRDA:308,15,0,1
BRDA:308,15,1,0
BRDA:325,16,0,9
BRDA:325,16,1,0
BRDA:339,17,0,8
BRDA:339,17,1,0
BRDA:352,18,0,1
BRDA:352,18,1,0
BRDA:372,19,0,1
BRDA:372,19,1,0
BRDA:390,20,0,1
BRDA:390,20,1,0
BRDA:405,21,0,11
BRDA:405,21,1,40
BRDA:413,22,0,10
BRDA:413,22,1,30
BRDA:423,23,0,27
BRDA:423,23,1,3
BRDA:424,24,0,5
BRDA:424,24,1,22
BRDA:433,25,0,4
BRDA:433,25,1,18
BRDA:442,26,0,2
BRDA:442,26,1,16
BRDA:450,27,0,3
BRDA:450,27,1,13
BRDA:459,28,0,2
BRDA:459,28,1,11
BRF:58
BRH:37
end_of_record
TN:
SF:src\data\settings\AsyncStorageSettingsRepository.ts
FN:30,clampRegistrationStep
FN:35,clampLoginStep
FN:40,parseStored
FN:92,(anonymous_3)
FN:97,(anonymous_4)
FNF:5
FNH:5
FNDA:33,clampRegistrationStep
FNDA:33,clampLoginStep
FNDA:52,parseStored
FNDA:52,(anonymous_3)
FNDA:42,(anonymous_4)
DA:31,33
DA:32,24
DA:36,33
DA:37,28
DA:41,52
DA:42,19
DA:44,33
DA:45,33
DA:46,33
DA:47,33
DA:48,33
DA:49,0
DA:52,33
DA:56,33
DA:60,33
DA:64,33
DA:68,33
DA:71,33
DA:87,0
DA:93,52
DA:94,52
DA:98,42
DA:99,42
DA:100,42
LF:24
LH:22
BRDA:31,0,0,9
BRDA:31,0,1,24
BRDA:31,1,0,33
BRDA:31,1,1,29
BRDA:31,1,2,26
BRDA:36,2,0,5
BRDA:36,2,1,28
BRDA:36,3,0,33
BRDA:36,3,1,30
BRDA:41,4,0,19
BRDA:41,4,1,33
BRDA:48,5,0,0
BRDA:48,5,1,33
BRDA:48,6,0,33
BRDA:48,6,1,33
BRDA:52,7,0,33
BRDA:52,7,1,0
BRDA:54,8,0,0
BRDA:54,8,1,0
BRDA:56,9,0,33
BRDA:56,9,1,0
BRDA:60,10,0,33
BRDA:60,10,1,0
BRDA:64,11,0,33
BRDA:64,11,1,0
BRDA:68,12,0,33
BRDA:68,12,1,0
BRDA:73,13,0,4
BRDA:73,13,1,29
BRF:29
BRH:21
end_of_record
TN:
SF:src\data\settings\storageKeys.ts
FNF:0
FNH:0
DA:1,1
LF:1
LH:1
BRF:0
BRH:0
end_of_record
TN:
SF:src\domain\constants\demoLoginCredentials.ts
FN:8,isDemoLoginValid
FNF:1
FNH:1
FNDA:2,isDemoLoginValid
DA:2,1
DA:3,1
DA:6,1
DA:9,2
DA:10,2
DA:11,2
LF:6
LH:6
BRDA:12,0,0,2
BRDA:12,0,1,2
BRF:2
BRH:2
end_of_record
TN:
SF:src\domain\entities\AppSettings.ts
FNF:0
FNH:0
DA:29,1
LF:1
LH:1
BRF:0
BRH:0
end_of_record
TN:
SF:src\domain\entities\fontScale.ts
FN:6,clampFontScale
FNF:1
FNH:1
FNDA:67,clampFontScale
DA:1,1
DA:2,1
DA:3,1
DA:4,1
DA:7,67
DA:8,67
LF:6
LH:6
BRF:0
BRH:0
end_of_record
TN:
SF:src\domain\usecases\CompleteFontSizeOnboardingUseCase.ts
FN:5,(anonymous_0)
FN:7,(anonymous_1)
FNF:2
FNH:2
FNDA:10,(anonymous_0)
FNDA:8,(anonymous_1)
DA:8,8
LF:1
LH:1
BRF:0
BRH:0
end_of_record
TN:
SF:src\domain\usecases\GetBootstrapStateUseCase.ts
FN:5,(anonymous_0)
FN:7,(anonymous_1)
FNF:2
FNH:2
FNDA:10,(anonymous_0)
FNDA:10,(anonymous_1)
DA:8,10
LF:1
LH:1
BRF:0
BRH:0
end_of_record
TN:
SF:src\domain\usecases\PersistSettingsUseCase.ts
FN:7,(anonymous_0)
FN:9,(anonymous_1)
FNF:2
FNH:2
FNDA:10,(anonymous_0)
FNDA:22,(anonymous_1)
DA:10,22
LF:1
LH:1
BRF:0
BRH:0
end_of_record
TN:
SF:src\domain\usecases\RevertToFontSizeOnboardingUseCase.ts
FN:5,(anonymous_0)
FN:7,(anonymous_1)
FNF:2
FNH:2
FNDA:10,(anonymous_0)
FNDA:1,(anonymous_1)
DA:8,1
LF:1
LH:1
BRF:0
BRH:0
end_of_record
TN:
SF:src\domain\usecases\RevertToVisualComfortOnboardingUseCase.ts
FN:5,(anonymous_0)
FN:7,(anonymous_1)
FNF:2
FNH:2
FNDA:10,(anonymous_0)
FNDA:1,(anonymous_1)
DA:8,1
LF:1
LH:1
BRF:0
BRH:0
end_of_record
TN:
SF:src\domain\usecases\RevertToWelcomeScreenUseCase.ts
FN:5,(anonymous_0)
FN:7,(anonymous_1)
FNF:2
FNH:2
FNDA:10,(anonymous_0)
FNDA:1,(anonymous_1)
DA:8,1
LF:1
LH:1
BRF:0
BRH:0
end_of_record
TN:
SF:src\domain\usecases\SubmitVisualComfortOnboardingUseCase.ts
FN:5,(anonymous_0)
FN:7,(anonymous_1)
FNF:2
FNH:2
FNDA:10,(anonymous_0)
FNDA:9,(anonymous_1)
DA:8,9
LF:1
LH:1
BRF:0
BRH:0
end_of_record
TN:
SF:src\presentation\components\SignUpFlowProgress.tsx
FN:13,SignUpFlowProgress
FNF:1
FNH:1
FNDA:41,SignUpFlowProgress
DA:20,41
DA:21,14
DA:22,8
DA:33,6
DA:45,27
DA:46,12
DA:61,15
DA:62,9
DA:77,6
DA:92,1
LF:10
LH:10
BRDA:18,0,0,27
BRDA:20,1,0,14
BRDA:20,1,1,27
BRDA:21,2,0,8
BRDA:21,2,1,6
BRDA:45,3,0,12
BRDA:45,3,1,15
BRDA:61,4,0,9
BRDA:61,4,1,6
BRF:9
BRH:9
end_of_record
TN:
SF:src\presentation\layout\screenHeaderPaddingTop.ts
FN:10,screenHeaderPaddingTop
FNF:1
FNH:1
FNDA:104,screenHeaderPaddingTop
DA:4,1
DA:12,104
DA:13,104
LF:3
LH:3
BRDA:12,0,0,0
BRDA:12,0,1,104
BRDA:12,1,0,0
BRDA:12,1,1,0
BRF:4
BRH:1
end_of_record
TN:
SF:src\presentation\screens\CreateAccountEmailScreen.tsx
FN:50,isPlausibleEmail
FN:66,CreateAccountEmailScreen
FN:117,(anonymous_2)
FN:121,(anonymous_3)
FN:125,(anonymous_4)
FN:135,(anonymous_5)
FN:145,(anonymous_6)
FN:153,(anonymous_7)
FN:179,(anonymous_8)
FN:294,(anonymous_9)
FN:314,(anonymous_10)
FN:354,(anonymous_11)
FNF:12
FNH:10
FNDA:9,isPlausibleEmail
FNDA:9,CreateAccountEmailScreen
FNDA:4,(anonymous_2)
FNDA:4,(anonymous_3)
FNDA:1,(anonymous_4)
FNDA:2,(anonymous_5)
FNDA:0,(anonymous_6)
FNDA:0,(anonymous_7)
FNDA:9,(anonymous_8)
FNDA:9,(anonymous_9)
FNDA:9,(anonymous_10)
FNDA:9,(anonymous_11)
DA:35,1
DA:36,1
DA:38,1
DA:39,1
DA:40,1
DA:41,1
DA:42,1
DA:43,1
DA:44,1
DA:46,1
DA:47,1
DA:48,1
DA:51,9
DA:52,9
DA:53,5
DA:54,5
DA:55,5
DA:56,5
DA:57,5
DA:71,9
DA:72,9
DA:73,9
DA:74,9
DA:78,9
DA:79,9
DA:80,9
DA:81,9
DA:82,9
DA:84,9
DA:85,9
DA:86,9
DA:87,9
DA:88,9
DA:89,9
DA:90,9
DA:91,9
DA:92,9
DA:93,9
DA:94,9
DA:95,9
DA:96,9
DA:97,9
DA:98,9
DA:100,9
DA:101,9
DA:102,9
DA:103,9
DA:104,9
DA:108,9
DA:109,9
DA:110,9
DA:111,9
DA:112,9
DA:113,9
DA:115,9
DA:117,9
DA:118,4
DA:121,9
DA:122,4
DA:125,9
DA:126,1
DA:127,1
DA:128,1
DA:129,1
DA:131,1
DA:135,9
DA:136,2
DA:137,2
DA:138,2
DA:139,2
DA:141,2
DA:145,9
DA:146,0
DA:153,9
DA:154,0
DA:161,9
DA:179,9
DA:294,9
DA:314,9
DA:354,9
DA:389,1
LF:81
LH:79
BRDA:52,0,0,4
BRDA:52,0,1,5
BRDA:54,1,0,0
BRDA:54,1,1,5
BRDA:54,2,0,5
BRDA:54,2,1,5
BRDA:57,3,0,5
BRDA:57,3,1,5
BRDA:78,4,0,9
BRDA:78,4,1,0
BRDA:79,5,0,9
BRDA:79,5,1,0
BRDA:85,6,0,9
BRDA:85,6,1,0
BRDA:86,7,0,9
BRDA:86,7,1,0
BRDA:87,8,0,9
BRDA:87,8,1,0
BRDA:88,9,0,9
BRDA:88,9,1,0
BRDA:89,10,0,9
BRDA:89,10,1,0
BRDA:90,11,0,9
BRDA:90,11,1,0
BRDA:91,12,0,9
BRDA:91,12,1,0
BRDA:92,13,0,9
BRDA:92,13,1,0
BRDA:93,14,0,9
BRDA:93,14,1,0
BRDA:94,15,0,9
BRDA:94,15,1,0
BRDA:95,16,0,9
BRDA:95,16,1,0
BRDA:96,17,0,9
BRDA:96,17,1,0
BRDA:97,18,0,9
BRDA:97,18,1,0
BRDA:98,19,0,9
BRDA:98,19,1,0
BRDA:126,20,0,0
BRDA:126,20,1,1
BRDA:126,21,0,1
BRDA:126,21,1,1
BRDA:136,22,0,0
BRDA:136,22,1,2
BRDA:136,23,0,2
BRDA:136,23,1,2
BRDA:167,24,0,9
BRDA:167,24,1,0
BRDA:178,25,0,9
BRDA:178,25,1,8
BRDA:182,26,0,9
BRDA:182,26,1,0
BRDA:183,27,0,9
BRDA:183,27,1,0
BRDA:184,28,0,9
BRDA:184,28,1,0
BRDA:186,29,0,9
BRDA:186,29,1,0
BRDA:194,30,0,9
BRDA:194,30,1,0
BRDA:238,31,0,9
BRDA:238,31,1,0
BRDA:296,32,0,9
BRDA:296,32,1,0
BRDA:319,33,0,0
BRDA:319,33,1,9
BRDA:353,34,0,9
BRDA:353,34,1,5
BRDA:357,35,0,9
BRDA:357,35,1,0
BRDA:360,36,0,4
BRDA:360,36,1,5
BRDA:360,37,0,2
BRDA:360,37,1,3
BRDA:360,38,0,5
BRDA:360,38,1,5
BRDA:366,39,0,2
BRDA:366,39,1,7
BRDA:368,40,0,2
BRDA:368,40,1,0
BRDA:376,41,0,7
BRDA:376,41,1,0
BRF:84
BRH:53
end_of_record
TN:
SF:src\presentation\screens\CreateAccountNameScreen.tsx
FN:56,CreateAccountNameScreen
FN:105,(anonymous_1)
FN:109,(anonymous_2)
FN:113,(anonymous_3)
FN:123,(anonymous_4)
FN:133,(anonymous_5)
FN:159,(anonymous_6)
FN:267,(anonymous_7)
FN:307,(anonymous_8)
FNF:9
FNH:8
FNDA:12,CreateAccountNameScreen
FNDA:5,(anonymous_1)
FNDA:5,(anonymous_2)
FNDA:1,(anonymous_3)
FNDA:3,(anonymous_4)
FNDA:0,(anonymous_5)
FNDA:12,(anonymous_6)
FNDA:12,(anonymous_7)
FNDA:12,(anonymous_8)
DA:35,1
DA:36,1
DA:38,1
DA:39,1
DA:40,1
DA:41,1
DA:42,1
DA:43,1
DA:44,1
DA:46,1
DA:47,1
DA:48,1
DA:61,12
DA:62,12
DA:63,12
DA:64,12
DA:68,12
DA:69,12
DA:70,12
DA:71,12
DA:72,12
DA:74,12
DA:75,12
DA:76,12
DA:77,12
DA:78,12
DA:79,12
DA:80,12
DA:81,12
DA:82,12
DA:83,12
DA:84,12
DA:85,12
DA:86,12
DA:87,12
DA:89,12
DA:90,12
DA:91,12
DA:92,12
DA:93,12
DA:97,12
DA:98,12
DA:99,12
DA:100,12
DA:101,12
DA:103,12
DA:105,12
DA:106,5
DA:109,12
DA:110,5
DA:113,12
DA:114,1
DA:115,1
DA:116,1
DA:117,1
DA:119,1
DA:123,12
DA:124,3
DA:125,3
DA:126,3
DA:127,3
DA:129,3
DA:133,12
DA:134,0
DA:141,12
DA:159,12
DA:267,12
DA:307,12
DA:342,1
LF:69
LH:68
BRDA:68,0,0,12
BRDA:68,0,1,0
BRDA:69,1,0,12
BRDA:69,1,1,0
BRDA:75,2,0,12
BRDA:75,2,1,0
BRDA:76,3,0,12
BRDA:76,3,1,0
BRDA:77,4,0,12
BRDA:77,4,1,0
BRDA:78,5,0,12
BRDA:78,5,1,0
BRDA:79,6,0,12
BRDA:79,6,1,0
BRDA:80,7,0,12
BRDA:80,7,1,0
BRDA:81,8,0,12
BRDA:81,8,1,0
BRDA:82,9,0,12
BRDA:82,9,1,0
BRDA:83,10,0,12
BRDA:83,10,1,0
BRDA:84,11,0,12
BRDA:84,11,1,0
BRDA:85,12,0,12
BRDA:85,12,1,0
BRDA:86,13,0,12
BRDA:86,13,1,0
BRDA:87,14,0,12
BRDA:87,14,1,0
BRDA:114,15,0,0
BRDA:114,15,1,1
BRDA:114,16,0,1
BRDA:114,16,1,1
BRDA:124,17,0,0
BRDA:124,17,1,3
BRDA:124,18,0,3
BRDA:124,18,1,3
BRDA:147,19,0,12
BRDA:147,19,1,0
BRDA:158,20,0,12
BRDA:158,20,1,11
BRDA:162,21,0,12
BRDA:162,21,1,0
BRDA:163,22,0,12
BRDA:163,22,1,0
BRDA:164,23,0,12
BRDA:164,23,1,0
BRDA:166,24,0,12
BRDA:166,24,1,0
BRDA:174,25,0,12
BRDA:174,25,1,0
BRDA:218,26,0,12
BRDA:218,26,1,0
BRDA:272,27,0,0
BRDA:272,27,1,12
BRDA:306,28,0,12
BRDA:306,28,1,7
BRDA:310,29,0,12
BRDA:310,29,1,0
BRDA:313,30,0,5
BRDA:313,30,1,7
BRDA:313,31,0,3
BRDA:313,31,1,4
BRDA:313,32,0,7
BRDA:313,32,1,7
BRDA:319,33,0,3
BRDA:319,33,1,9
BRDA:321,34,0,3
BRDA:321,34,1,0
BRDA:329,35,0,9
BRDA:329,35,1,0
BRF:72
BRH:44
end_of_record
TN:
SF:src\presentation\screens\CreateAccountPasswordScreen.tsx
FN:54,CreateAccountPasswordScreen
FN:105,(anonymous_1)
FN:109,(anonymous_2)
FN:119,(anonymous_3)
FN:129,(anonymous_4)
FN:175,(anonymous_5)
FN:209,(anonymous_6)
FN:297,(anonymous_7)
FN:297,(anonymous_8)
FN:308,(anonymous_9)
FN:308,(anonymous_10)
FN:360,(anonymous_11)
FNF:12
FNH:8
FNDA:6,CreateAccountPasswordScreen
FNDA:2,(anonymous_1)
FNDA:1,(anonymous_2)
FNDA:1,(anonymous_3)
FNDA:12,(anonymous_4)
FNDA:12,(anonymous_5)
FNDA:6,(anonymous_6)
FNDA:0,(anonymous_7)
FNDA:0,(anonymous_8)
FNDA:0,(anonymous_9)
FNDA:0,(anonymous_10)
FNDA:6,(anonymous_11)
DA:34,1
DA:35,1
DA:37,1
DA:38,1
DA:39,1
DA:40,1
DA:41,1
DA:43,1
DA:44,1
DA:45,1
DA:47,1
DA:58,6
DA:59,6
DA:60,6
DA:61,6
DA:65,6
DA:66,6
DA:67,6
DA:68,6
DA:69,6
DA:70,6
DA:71,6
DA:72,6
DA:74,6
DA:75,6
DA:76,6
DA:77,6
DA:78,6
DA:79,6
DA:80,6
DA:81,6
DA:82,6
DA:83,6
DA:84,6
DA:85,6
DA:86,6
DA:87,6
DA:89,6
DA:90,6
DA:91,6
DA:92,6
DA:93,6
DA:94,6
DA:95,6
DA:96,6
DA:97,6
DA:98,6
DA:99,6
DA:101,6
DA:102,6
DA:103,6
DA:105,6
DA:106,2
DA:109,6
DA:110,1
DA:111,1
DA:112,1
DA:113,1
DA:115,1
DA:119,6
DA:120,1
DA:121,1
DA:122,1
DA:123,1
DA:125,1
DA:129,6
DA:139,12
DA:175,12
DA:191,6
DA:209,6
DA:297,0
DA:308,0
DA:360,6
DA:395,1
LF:74
LH:72
BRDA:65,0,0,6
BRDA:65,0,1,0
BRDA:66,1,0,6
BRDA:66,1,1,0
BRDA:75,2,0,6
BRDA:75,2,1,0
BRDA:76,3,0,6
BRDA:76,3,1,0
BRDA:77,4,0,6
BRDA:77,4,1,0
BRDA:78,5,0,6
BRDA:78,5,1,0
BRDA:79,6,0,6
BRDA:79,6,1,0
BRDA:80,7,0,6
BRDA:80,7,1,0
BRDA:81,8,0,6
BRDA:81,8,1,0
BRDA:82,9,0,6
BRDA:82,9,1,0
BRDA:83,10,0,6
BRDA:83,10,1,0
BRDA:84,11,0,6
BRDA:84,11,1,0
BRDA:85,12,0,6
BRDA:85,12,1,0
BRDA:86,13,0,6
BRDA:86,13,1,0
BRDA:87,14,0,6
BRDA:87,14,1,0
BRDA:101,15,0,6
BRDA:101,15,1,5
BRDA:103,16,0,6
BRDA:103,16,1,3
BRDA:110,17,0,0
BRDA:110,17,1,1
BRDA:110,18,0,1
BRDA:110,18,1,1
BRDA:120,19,0,0
BRDA:120,19,1,1
BRDA:120,20,0,1
BRDA:120,20,1,1
BRDA:177,21,0,12
BRDA:177,21,1,0
BRDA:180,22,0,12
BRDA:180,22,1,0
BRDA:183,23,0,12
BRDA:183,23,1,0
BRDA:197,24,0,6
BRDA:197,24,1,0
BRDA:208,25,0,6
BRDA:208,25,1,5
BRDA:212,26,0,6
BRDA:212,26,1,0
BRDA:213,27,0,6
BRDA:213,27,1,0
BRDA:214,28,0,6
BRDA:214,28,1,0
BRDA:216,29,0,6
BRDA:216,29,1,0
BRDA:224,30,0,6
BRDA:224,30,1,0
BRDA:268,31,0,6
BRDA:268,31,1,0
BRDA:317,32,0,6
BRDA:317,32,1,0
BRDA:318,33,0,6
BRDA:318,33,1,0
BRDA:359,34,0,6
BRDA:359,34,1,2
BRDA:363,35,0,6
BRDA:363,35,1,0
BRDA:366,36,0,4
BRDA:366,36,1,2
BRDA:366,37,0,1
BRDA:366,37,1,1
BRDA:366,38,0,2
BRDA:366,38,1,2
BRDA:372,39,0,1
BRDA:372,39,1,5
BRDA:374,40,0,1
BRDA:374,40,1,0
BRDA:382,41,0,5
BRDA:382,41,1,0
BRF:84
BRH:52
end_of_record
TN:
SF:src\presentation\screens\FontSizeOnboardingScreen.tsx
FN:57,FontSizeOnboardingScreen
FN:69,(anonymous_1)
FN:72,(anonymous_2)
FN:86,(anonymous_3)
FN:102,(anonymous_4)
FN:112,(anonymous_5)
FN:122,(anonymous_6)
FN:123,(anonymous_7)
FN:156,(anonymous_8)
FN:224,(anonymous_9)
FN:226,(anonymous_10)
FN:266,(anonymous_11)
FN:268,(anonymous_12)
FN:326,(anonymous_13)
FNF:14
FNH:10
FNDA:19,FontSizeOnboardingScreen
FNDA:10,(anonymous_1)
FNDA:10,(anonymous_2)
FNDA:10,(anonymous_3)
FNDA:8,(anonymous_4)
FNDA:1,(anonymous_5)
FNDA:0,(anonymous_6)
FNDA:0,(anonymous_7)
FNDA:19,(anonymous_8)
FNDA:0,(anonymous_9)
FNDA:19,(anonymous_10)
FNDA:0,(anonymous_11)
FNDA:19,(anonymous_12)
FNDA:19,(anonymous_13)
DA:37,1
DA:38,1
DA:41,1
DA:43,1
DA:44,1
DA:45,1
DA:46,1
DA:47,1
DA:48,1
DA:63,19
DA:64,19
DA:68,19
DA:69,10
DA:72,19
DA:73,10
DA:75,19
DA:76,19
DA:78,19
DA:79,19
DA:80,19
DA:81,19
DA:82,19
DA:84,19
DA:86,19
DA:87,10
DA:90,19
DA:91,19
DA:92,19
DA:93,19
DA:94,19
DA:95,19
DA:96,19
DA:97,19
DA:99,19
DA:100,19
DA:102,19
DA:103,8
DA:104,8
DA:105,8
DA:106,8
DA:108,8
DA:112,19
DA:113,1
DA:114,1
DA:115,1
DA:116,1
DA:118,1
DA:122,19
DA:123,0
DA:126,19
DA:127,0
DA:135,19
DA:156,19
DA:224,0
DA:226,19
DA:266,0
DA:268,19
DA:326,19
DA:360,1
LF:59
LH:55
BRDA:79,0,0,17
BRDA:79,0,1,2
BRDA:80,1,0,17
BRDA:80,1,1,2
BRDA:81,2,0,17
BRDA:81,2,1,2
BRDA:82,3,0,17
BRDA:82,3,1,2
BRDA:84,4,0,2
BRDA:84,4,1,17
BRDA:103,5,0,0
BRDA:103,5,1,8
BRDA:113,6,0,0
BRDA:113,6,1,1
BRDA:126,7,0,0
BRDA:126,7,1,19
BRDA:130,8,0,0
BRDA:130,8,1,0
BRDA:140,9,0,17
BRDA:140,9,1,2
BRDA:158,10,0,17
BRDA:158,10,1,2
BRDA:159,11,0,19
BRDA:159,11,1,0
BRDA:203,12,0,17
BRDA:203,12,1,2
BRDA:204,13,0,17
BRDA:204,13,1,2
BRDA:233,14,0,19
BRDA:233,14,1,0
BRDA:234,15,0,19
BRDA:234,15,1,0
BRDA:234,15,2,0
BRDA:275,16,0,19
BRDA:275,16,1,0
BRDA:276,17,0,19
BRDA:276,17,1,0
BRDA:276,17,2,0
BRDA:329,18,0,17
BRDA:329,18,1,2
BRDA:333,19,0,19
BRDA:333,19,1,19
BRDA:333,19,2,8
BRDA:337,20,0,8
BRDA:337,20,1,11
BRDA:339,21,0,7
BRDA:339,21,1,1
BRDA:347,22,0,10
BRDA:347,22,1,1
BRF:49
BRH:37
end_of_record
TN:
SF:src\presentation\screens\LoginEmailScreen.tsx
FN:51,isPlausibleEmail
FN:67,LoginEmailScreen
FN:118,(anonymous_2)
FN:122,(anonymous_3)
FN:126,(anonymous_4)
FN:136,(anonymous_5)
FN:146,(anonymous_6)
FN:154,(anonymous_7)
FN:180,(anonymous_8)
FN:308,(anonymous_9)
FN:328,(anonymous_10)
FN:368,(anonymous_11)
FNF:12
FNH:10
FNDA:8,isPlausibleEmail
FNDA:8,LoginEmailScreen
FNDA:3,(anonymous_2)
FNDA:3,(anonymous_3)
FNDA:1,(anonymous_4)
FNDA:2,(anonymous_5)
FNDA:0,(anonymous_6)
FNDA:0,(anonymous_7)
FNDA:8,(anonymous_8)
FNDA:8,(anonymous_9)
FNDA:8,(anonymous_10)
FNDA:8,(anonymous_11)
DA:36,1
DA:37,1
DA:39,1
DA:40,1
DA:41,1
DA:42,1
DA:43,1
DA:44,1
DA:45,1
DA:47,1
DA:48,1
DA:49,1
DA:52,8
DA:53,8
DA:54,4
DA:55,4
DA:56,4
DA:57,4
DA:58,4
DA:72,8
DA:73,8
DA:74,8
DA:75,8
DA:79,8
DA:80,8
DA:81,8
DA:82,8
DA:83,8
DA:85,8
DA:86,8
DA:87,8
DA:88,8
DA:89,8
DA:90,8
DA:91,8
DA:92,8
DA:93,8
DA:94,8
DA:95,8
DA:96,8
DA:97,8
DA:98,8
DA:99,8
DA:101,8
DA:102,8
DA:103,8
DA:104,8
DA:105,8
DA:109,8
DA:110,8
DA:111,8
DA:112,8
DA:113,8
DA:114,8
DA:116,8
DA:118,8
DA:119,3
DA:122,8
DA:123,3
DA:126,8
DA:127,1
DA:128,1
DA:129,1
DA:130,1
DA:132,1
DA:136,8
DA:137,2
DA:138,2
DA:139,2
DA:140,2
DA:142,2
DA:146,8
DA:147,0
DA:154,8
DA:155,0
DA:162,8
DA:180,8
DA:308,8
DA:328,8
DA:368,8
DA:403,1
LF:81
LH:79
BRDA:53,0,0,4
BRDA:53,0,1,4
BRDA:55,1,0,0
BRDA:55,1,1,4
BRDA:55,2,0,4
BRDA:55,2,1,4
BRDA:58,3,0,4
BRDA:58,3,1,4
BRDA:79,4,0,8
BRDA:79,4,1,0
BRDA:80,5,0,8
BRDA:80,5,1,0
BRDA:86,6,0,5
BRDA:86,6,1,3
BRDA:87,7,0,5
BRDA:87,7,1,3
BRDA:88,8,0,5
BRDA:88,8,1,3
BRDA:89,9,0,5
BRDA:89,9,1,3
BRDA:90,10,0,5
BRDA:90,10,1,3
BRDA:91,11,0,5
BRDA:91,11,1,3
BRDA:92,12,0,5
BRDA:92,12,1,3
BRDA:93,13,0,5
BRDA:93,13,1,3
BRDA:94,14,0,5
BRDA:94,14,1,3
BRDA:95,15,0,5
BRDA:95,15,1,3
BRDA:96,16,0,5
BRDA:96,16,1,3
BRDA:97,17,0,5
BRDA:97,17,1,3
BRDA:98,18,0,5
BRDA:98,18,1,3
BRDA:99,19,0,5
BRDA:99,19,1,3
BRDA:127,20,0,0
BRDA:127,20,1,1
BRDA:127,21,0,1
BRDA:127,21,1,1
BRDA:137,22,0,0
BRDA:137,22,1,2
BRDA:137,23,0,2
BRDA:137,23,1,2
BRDA:168,24,0,5
BRDA:168,24,1,3
BRDA:179,25,0,8
BRDA:179,25,1,7
BRDA:183,26,0,5
BRDA:183,26,1,3
BRDA:184,27,0,5
BRDA:184,27,1,3
BRDA:185,28,0,5
BRDA:185,28,1,3
BRDA:187,29,0,8
BRDA:187,29,1,0
BRDA:195,30,0,5
BRDA:195,30,1,3
BRDA:240,31,0,5
BRDA:240,31,1,3
BRDA:310,32,0,8
BRDA:310,32,1,0
BRDA:333,33,0,0
BRDA:333,33,1,8
BRDA:367,34,0,8
BRDA:367,34,1,4
BRDA:371,35,0,5
BRDA:371,35,1,3
BRDA:374,36,0,4
BRDA:374,36,1,4
BRDA:374,37,0,2
BRDA:374,37,1,2
BRDA:374,38,0,4
BRDA:374,38,1,4
BRDA:380,39,0,2
BRDA:380,39,1,6
BRDA:382,40,0,1
BRDA:382,40,1,1
BRDA:390,41,0,4
BRDA:390,41,1,2
BRF:84
BRH:76
end_of_record
TN:
SF:src\presentation\screens\LoginPasswordScreen.tsx
FN:55,LoginPasswordScreen
FN:102,(anonymous_1)
FN:106,(anonymous_2)
FN:116,(anonymous_3)
FN:144,(anonymous_4)
FN:277,(anonymous_5)
FN:277,(anonymous_6)
FN:278,(anonymous_7)
FN:308,(anonymous_8)
FNF:9
FNH:6
FNDA:6,LoginPasswordScreen
FNDA:2,(anonymous_1)
FNDA:0,(anonymous_2)
FNDA:2,(anonymous_3)
FNDA:6,(anonymous_4)
FNDA:0,(anonymous_5)
FNDA:0,(anonymous_6)
FNDA:6,(anonymous_7)
FNDA:6,(anonymous_8)
DA:34,1
DA:35,1
DA:37,1
DA:38,1
DA:39,1
DA:40,1
DA:41,1
DA:43,1
DA:44,1
DA:46,1
DA:60,6
DA:61,6
DA:62,6
DA:63,6
DA:67,6
DA:68,6
DA:69,6
DA:70,6
DA:71,6
DA:72,6
DA:74,6
DA:75,6
DA:76,6
DA:77,6
DA:78,6
DA:79,6
DA:80,6
DA:81,6
DA:82,6
DA:83,6
DA:84,6
DA:85,6
DA:87,6
DA:88,6
DA:89,6
DA:90,6
DA:91,6
DA:95,6
DA:96,6
DA:97,6
DA:98,6
DA:100,6
DA:102,6
DA:103,2
DA:106,6
DA:107,0
DA:108,0
DA:109,0
DA:110,0
DA:112,0
DA:116,6
DA:117,2
DA:118,2
DA:119,2
DA:120,2
DA:122,2
DA:126,6
DA:144,6
DA:277,0
DA:278,6
DA:308,6
DA:343,1
LF:62
LH:56
BRDA:67,0,0,6
BRDA:67,0,1,0
BRDA:68,1,0,6
BRDA:68,1,1,0
BRDA:75,2,0,3
BRDA:75,2,1,3
BRDA:76,3,0,3
BRDA:76,3,1,3
BRDA:77,4,0,3
BRDA:77,4,1,3
BRDA:78,5,0,3
BRDA:78,5,1,3
BRDA:79,6,0,3
BRDA:79,6,1,3
BRDA:80,7,0,3
BRDA:80,7,1,3
BRDA:81,8,0,3
BRDA:81,8,1,3
BRDA:82,9,0,3
BRDA:82,9,1,3
BRDA:83,10,0,3
BRDA:83,10,1,3
BRDA:84,11,0,3
BRDA:84,11,1,3
BRDA:85,12,0,3
BRDA:85,12,1,3
BRDA:107,13,0,0
BRDA:107,13,1,0
BRDA:107,14,0,0
BRDA:107,14,1,0
BRDA:117,15,0,0
BRDA:117,15,1,2
BRDA:117,16,0,2
BRDA:117,16,1,2
BRDA:132,17,0,3
BRDA:132,17,1,3
BRDA:143,18,0,6
BRDA:143,18,1,6
BRDA:147,19,0,3
BRDA:147,19,1,3
BRDA:148,20,0,3
BRDA:148,20,1,3
BRDA:149,21,0,3
BRDA:149,21,1,3
BRDA:151,22,0,6
BRDA:151,22,1,0
BRDA:159,23,0,3
BRDA:159,23,1,3
BRDA:204,24,0,3
BRDA:204,24,1,3
BRDA:225,25,0,6
BRDA:225,25,1,0
BRDA:280,26,0,6
BRDA:280,26,1,0
BRDA:283,27,0,0
BRDA:283,27,1,6
BRDA:286,28,0,0
BRDA:286,28,1,6
BRDA:307,29,0,6
BRDA:307,29,1,4
BRDA:311,30,0,3
BRDA:311,30,1,3
BRDA:314,31,0,2
BRDA:314,31,1,4
BRDA:314,32,0,2
BRDA:314,32,1,2
BRDA:314,33,0,4
BRDA:314,33,1,4
BRDA:320,34,0,2
BRDA:320,34,1,4
BRDA:322,35,0,1
BRDA:322,35,1,1
BRDA:330,36,0,2
BRDA:330,36,1,2
BRF:74
BRH:62
end_of_record
TN:
SF:src\presentation\screens\MainAppScreen.tsx
FN:24,MainAppScreen
FN:34,(anonymous_1)
FN:38,(anonymous_2)
FN:60,(anonymous_3)
FNF:4
FNH:4
FNDA:4,MainAppScreen
FNDA:3,(anonymous_1)
FNDA:1,(anonymous_2)
FNDA:4,(anonymous_3)
DA:16,1
DA:17,1
DA:18,1
DA:25,4
DA:26,4
DA:27,4
DA:28,4
DA:30,4
DA:31,4
DA:32,4
DA:34,4
DA:35,3
DA:38,4
DA:39,1
DA:40,1
DA:41,1
DA:42,1
DA:44,1
DA:48,4
DA:60,4
DA:106,1
LF:21
LH:21
BRDA:31,0,0,3
BRDA:31,0,1,1
BRDA:39,1,0,0
BRDA:39,1,1,1
BRDA:63,2,0,4
BRDA:63,2,1,0
BRDA:101,3,0,1
BRDA:101,3,1,3
BRF:8
BRH:6
end_of_record
TN:
SF:src\presentation\screens\VisualComfortOnboardingScreen.tsx
FN:42,CheckBadgeOnLight
FN:53,CheckBadgeOnDark
FN:88,VisualComfortOnboardingScreen
FN:105,(anonymous_3)
FN:109,(anonymous_4)
FN:180,(anonymous_5)
FN:181,(anonymous_6)
FN:222,(anonymous_7)
FN:223,(anonymous_8)
FN:278,(anonymous_9)
FNF:10
FNH:9
FNDA:19,CheckBadgeOnLight
FNDA:2,CheckBadgeOnDark
FNDA:21,VisualComfortOnboardingScreen
FNDA:12,(anonymous_3)
FNDA:9,(anonymous_4)
FNDA:0,(anonymous_5)
FNDA:21,(anonymous_6)
FNDA:1,(anonymous_7)
FNDA:21,(anonymous_8)
FNDA:21,(anonymous_9)
DA:31,1
DA:33,1
DA:34,1
DA:35,1
DA:36,1
DA:37,1
DA:39,1
DA:40,1
DA:43,19
DA:54,2
DA:64,1
DA:92,21
DA:93,21
DA:97,21
DA:98,21
DA:99,21
DA:101,21
DA:103,21
DA:105,21
DA:106,12
DA:109,21
DA:110,9
DA:111,9
DA:112,9
DA:113,9
DA:115,9
DA:119,21
DA:120,0
DA:128,21
DA:180,0
DA:181,21
DA:222,1
DA:223,21
DA:278,21
DA:299,1
LF:35
LH:33
BRDA:101,0,0,2
BRDA:101,0,1,19
BRDA:103,1,0,2
BRDA:103,1,1,19
BRDA:110,2,0,0
BRDA:110,2,1,9
BRDA:119,3,0,0
BRDA:119,3,1,21
BRDA:133,4,0,2
BRDA:133,4,1,19
BRDA:184,5,0,19
BRDA:184,5,1,2
BRDA:187,6,0,21
BRDA:187,6,1,0
BRDA:194,7,0,19
BRDA:194,7,1,2
BRDA:226,8,0,2
BRDA:226,8,1,19
BRDA:229,9,0,21
BRDA:229,9,1,0
BRDA:236,10,0,2
BRDA:236,10,1,19
BRDA:281,11,0,21
BRDA:281,11,1,21
BRDA:281,11,2,9
BRDA:285,12,0,9
BRDA:285,12,1,12
BRF:27
BRH:23
end_of_record
TN:
SF:src\presentation\screens\WelcomeScreen.tsx
FN:53,WelcomeScreen
FN:90,(anonymous_1)
FN:96,(anonymous_2)
FN:106,(anonymous_3)
FN:116,(anonymous_4)
FN:174,(anonymous_5)
FN:232,(anonymous_6)
FN:259,(anonymous_7)
FN:291,(anonymous_8)
FNF:9
FNH:9
FNDA:19,WelcomeScreen
FNDA:11,(anonymous_1)
FNDA:4,(anonymous_2)
FNDA:3,(anonymous_3)
FNDA:1,(anonymous_4)
FNDA:19,(anonymous_5)
FNDA:19,(anonymous_6)
FNDA:19,(anonymous_7)
FNDA:19,(anonymous_8)
DA:33,1
DA:34,1
DA:36,1
DA:37,1
DA:38,1
DA:39,1
DA:40,1
DA:42,1
DA:44,1
DA:59,19
DA:60,19
DA:61,19
DA:62,19
DA:66,19
DA:67,19
DA:69,19
DA:70,19
DA:71,19
DA:73,19
DA:74,19
DA:78,19
DA:79,19
DA:80,19
DA:82,19
DA:83,19
DA:84,19
DA:85,19
DA:86,19
DA:87,19
DA:88,19
DA:90,19
DA:91,11
DA:96,19
DA:97,4
DA:98,4
DA:99,4
DA:100,4
DA:102,4
DA:106,19
DA:107,3
DA:108,3
DA:109,3
DA:110,3
DA:112,3
DA:116,19
DA:117,1
DA:118,1
DA:119,1
DA:120,1
DA:122,1
DA:126,19
DA:127,0
DA:135,19
DA:174,19
DA:232,19
DA:259,19
DA:291,19
DA:331,1
LF:58
LH:57
BRDA:70,0,0,17
BRDA:70,0,1,2
BRDA:71,1,0,17
BRDA:71,1,1,2
BRDA:82,2,0,17
BRDA:82,2,1,2
BRDA:83,3,0,17
BRDA:83,3,1,2
BRDA:84,4,0,17
BRDA:84,4,1,2
BRDA:86,5,0,17
BRDA:86,5,1,2
BRDA:87,6,0,17
BRDA:87,6,1,2
BRDA:92,7,0,10
BRDA:92,7,1,1
BRDA:97,8,0,0
BRDA:97,8,1,4
BRDA:107,9,0,0
BRDA:107,9,1,3
BRDA:117,10,0,0
BRDA:117,10,1,1
BRDA:117,11,0,1
BRDA:117,11,1,1
BRDA:126,12,0,0
BRDA:126,12,1,19
BRDA:130,13,0,0
BRDA:130,13,1,0
BRDA:140,14,0,17
BRDA:140,14,1,2
BRDA:152,15,0,2
BRDA:152,15,1,17
BRDA:156,16,0,17
BRDA:156,16,1,2
BRDA:157,17,0,17
BRDA:157,17,1,2
BRDA:162,18,0,17
BRDA:162,18,1,2
BRDA:173,19,0,19
BRDA:173,19,1,18
BRDA:177,20,0,17
BRDA:177,20,1,2
BRDA:178,21,0,17
BRDA:178,21,1,2
BRDA:179,22,0,17
BRDA:179,22,1,2
BRDA:181,23,0,19
BRDA:181,23,1,0
BRDA:238,24,0,0
BRDA:238,24,1,19
BRDA:238,25,0,19
BRDA:238,25,1,0
BRDA:266,26,0,2
BRDA:266,26,1,17
BRDA:267,27,0,19
BRDA:267,27,1,17
BRDA:268,28,0,0
BRDA:268,28,1,19
BRDA:268,29,0,19
BRDA:268,29,1,0
BRDA:293,30,0,19
BRDA:293,30,1,0
BRDA:293,30,2,0
BRDA:313,31,0,7
BRDA:313,31,1,12
BRDA:317,32,0,6
BRDA:317,32,1,1
BRDA:323,33,0,6
BRDA:323,33,1,1
BRF:69
BRH:56
end_of_record
TN:
SF:src\presentation\theme\FontScaleContext.tsx
FN:9,FontScaleProvider
FN:20,useFontScaleMultiplier
FNF:2
FNH:2
FNDA:51,FontScaleProvider
FNDA:64,useFontScaleMultiplier
DA:7,1
DA:13,51
DA:21,64
LF:3
LH:3
BRF:0
BRH:0
end_of_record
TN:
SF:src\presentation\theme\ThemeContext.tsx
FN:20,ThemeProvider
FN:34,useAppTheme
FNF:2
FNH:2
FNDA:51,ThemeProvider
FNDA:64,useAppTheme
DA:18,1
DA:24,51
DA:29,51
DA:35,64
DA:36,64
DA:37,0
DA:39,64
LF:7
LH:6
BRDA:36,0,0,0
BRDA:36,0,1,64
BRF:2
BRH:1
end_of_record
TN:
SF:src\presentation\theme\themePalette.ts
FN:22,createThemePalette
FNF:1
FNH:1
FNDA:82,createThemePalette
DA:14,1
DA:16,1
DA:18,1
DA:20,1
DA:23,82
DA:24,8
DA:35,74
LF:7
LH:7
BRDA:23,0,0,8
BRDA:23,0,1,74
BRF:2
BRH:2
end_of_record
