TN:
SF:App.tsx
FN:5,App
FNF:1
FNH:1
FNDA:6,App
DA:6,6
DA:13,1
LF:2
LH:2
BRF:0
BRH:0
end_of_record
TN:
SF:assets\welcome_image.png
FNF:0
FNH:0
DA:1,1
LF:1
LH:1
BRF:0
BRH:0
end_of_record
TN:
SF:src\app\AppRoot.tsx
FN:24,AppRoot
FN:32,(anonymous_1)
FN:56,(anonymous_2)
FN:58,(anonymous_3)
FN:63,(anonymous_4)
FN:79,(anonymous_5)
FN:81,(anonymous_6)
FN:91,(anonymous_7)
FN:93,(anonymous_8)
FN:104,(anonymous_9)
FN:107,(anonymous_10)
FN:118,(anonymous_11)
FN:120,(anonymous_12)
FN:131,(anonymous_13)
FN:133,(anonymous_14)
FN:143,(anonymous_15)
FN:167,(anonymous_16)
FNF:17
FNH:16
FNDA:27,AppRoot
FNDA:6,(anonymous_1)
FNDA:6,(anonymous_2)
FNDA:6,(anonymous_3)
FNDA:6,(anonymous_4)
FNDA:3,(anonymous_5)
FNDA:3,(anonymous_6)
FNDA:5,(anonymous_7)
FNDA:5,(anonymous_8)
FNDA:4,(anonymous_9)
FNDA:4,(anonymous_10)
FNDA:1,(anonymous_11)
FNDA:1,(anonymous_12)
FNDA:2,(anonymous_13)
FNDA:2,(anonymous_14)
FNDA:21,(anonymous_15)
FNDA:0,(anonymous_16)
DA:32,27
DA:33,6
DA:34,6
DA:54,27
DA:56,27
DA:57,6
DA:58,6
DA:59,6
DA:60,6
DA:63,6
DA:64,6
DA:68,27
DA:69,6
DA:79,21
DA:80,3
DA:81,3
DA:82,3
DA:91,21
DA:92,5
DA:93,5
DA:94,5
DA:104,21
DA:105,4
DA:106,4
DA:107,4
DA:108,4
DA:118,21
DA:119,1
DA:120,1
DA:121,1
DA:131,21
DA:132,2
DA:133,2
DA:134,2
DA:143,21
DA:144,21
DA:145,7
DA:152,14
DA:153,7
DA:162,7
DA:163,4
DA:168,0
DA:176,3
DA:179,21
DA:192,1
LF:45
LH:44
BRDA:59,0,0,6
BRDA:59,0,1,0
BRDA:68,1,0,6
BRDA:68,1,1,21
BRDA:82,2,0,3
BRDA:82,2,1,0
BRDA:94,3,0,5
BRDA:94,3,1,0
BRDA:108,4,0,4
BRDA:108,4,1,0
BRDA:121,5,0,1
BRDA:121,5,1,0
BRDA:134,6,0,2
BRDA:134,6,1,0
BRDA:144,7,0,7
BRDA:144,7,1,14
BRDA:152,8,0,7
BRDA:152,8,1,7
BRDA:162,9,0,4
BRDA:162,9,1,3
BRF:20
BRH:14
end_of_record
TN:
SF:src\data\settings\AsyncStorageSettingsRepository.ts
FN:23,parseStored
FN:58,(anonymous_1)
FN:63,(anonymous_2)
FNF:3
FNH:3
FNDA:21,parseStored
FNDA:21,(anonymous_1)
FNDA:15,(anonymous_2)
DA:24,21
DA:25,11
DA:27,10
DA:28,10
DA:29,10
DA:30,10
DA:31,10
DA:32,0
DA:35,10
DA:39,10
DA:42,10
DA:53,0
DA:59,21
DA:60,21
DA:64,15
DA:65,15
DA:66,15
LF:17
LH:15
BRDA:24,0,0,11
BRDA:24,0,1,10
BRDA:31,1,0,0
BRDA:31,1,1,10
BRDA:31,2,0,10
BRDA:31,2,1,10
BRDA:35,3,0,10
BRDA:35,3,1,0
BRDA:37,4,0,0
BRDA:37,4,1,0
BRDA:39,5,0,10
BRDA:39,5,1,0
BRDA:44,6,0,2
BRDA:44,6,1,8
BRF:14
BRH:9
end_of_record
TN:
SF:src\data\settings\storageKeys.ts
FNF:0
FNH:0
DA:1,1
LF:1
LH:1
BRF:0
BRH:0
end_of_record
TN:
SF:src\domain\entities\AppSettings.ts
FNF:0
FNH:0
DA:15,1
LF:1
LH:1
BRF:0
BRH:0
end_of_record
TN:
SF:src\domain\entities\fontScale.ts
FN:6,clampFontScale
FNF:1
FNH:1
FNDA:29,clampFontScale
DA:1,1
DA:2,1
DA:3,1
DA:4,1
DA:7,29
DA:8,29
LF:6
LH:6
BRF:0
BRH:0
end_of_record
TN:
SF:src\domain\usecases\CompleteFontSizeOnboardingUseCase.ts
FN:5,(anonymous_0)
FN:7,(anonymous_1)
FNF:2
FNH:2
FNDA:6,(anonymous_0)
FNDA:4,(anonymous_1)
DA:8,4
LF:1
LH:1
BRF:0
BRH:0
end_of_record
TN:
SF:src\domain\usecases\CompleteWelcomeScreenUseCase.ts
FN:5,(anonymous_0)
FN:7,(anonymous_1)
FNF:2
FNH:2
FNDA:6,(anonymous_0)
FNDA:3,(anonymous_1)
DA:8,3
LF:1
LH:1
BRF:0
BRH:0
end_of_record
TN:
SF:src\domain\usecases\GetBootstrapStateUseCase.ts
FN:5,(anonymous_0)
FN:7,(anonymous_1)
FNF:2
FNH:2
FNDA:6,(anonymous_0)
FNDA:6,(anonymous_1)
DA:8,6
LF:1
LH:1
BRF:0
BRH:0
end_of_record
TN:
SF:src\domain\usecases\RevertToFontSizeOnboardingUseCase.ts
FN:5,(anonymous_0)
FN:7,(anonymous_1)
FNF:2
FNH:2
FNDA:6,(anonymous_0)
FNDA:2,(anonymous_1)
DA:8,2
LF:1
LH:1
BRF:0
BRH:0
end_of_record
TN:
SF:src\domain\usecases\RevertToVisualComfortOnboardingUseCase.ts
FN:5,(anonymous_0)
FN:7,(anonymous_1)
FNF:2
FNH:2
FNDA:6,(anonymous_0)
FNDA:1,(anonymous_1)
DA:8,1
LF:1
LH:1
BRF:0
BRH:0
end_of_record
TN:
SF:src\domain\usecases\SubmitVisualComfortOnboardingUseCase.ts
FN:5,(anonymous_0)
FN:7,(anonymous_1)
FNF:2
FNH:2
FNDA:6,(anonymous_0)
FNDA:5,(anonymous_1)
DA:8,5
LF:1
LH:1
BRF:0
BRH:0
end_of_record
TN:
SF:src\presentation\layout\screenHeaderPaddingTop.ts
FN:10,screenHeaderPaddingTop
FNF:1
FNH:1
FNDA:37,screenHeaderPaddingTop
DA:4,1
DA:12,37
DA:13,37
LF:3
LH:3
BRDA:12,0,0,0
BRDA:12,0,1,37
BRDA:12,1,0,0
BRDA:12,1,1,0
BRF:4
BRH:1
end_of_record
TN:
SF:src\presentation\screens\FontSizeOnboardingScreen.tsx
FN:57,FontSizeOnboardingScreen
FN:69,(anonymous_1)
FN:72,(anonymous_2)
FN:86,(anonymous_3)
FN:102,(anonymous_4)
FN:112,(anonymous_5)
FN:122,(anonymous_6)
FN:123,(anonymous_7)
FN:156,(anonymous_8)
FN:224,(anonymous_9)
FN:226,(anonymous_10)
FN:266,(anonymous_11)
FN:268,(anonymous_12)
FN:326,(anonymous_13)
FNF:14
FNH:10
FNDA:12,FontSizeOnboardingScreen
FNDA:7,(anonymous_1)
FNDA:7,(anonymous_2)
FNDA:7,(anonymous_3)
FNDA:4,(anonymous_4)
FNDA:1,(anonymous_5)
FNDA:0,(anonymous_6)
FNDA:0,(anonymous_7)
FNDA:12,(anonymous_8)
FNDA:0,(anonymous_9)
FNDA:12,(anonymous_10)
FNDA:0,(anonymous_11)
FNDA:12,(anonymous_12)
FNDA:12,(anonymous_13)
DA:37,1
DA:38,1
DA:41,1
DA:43,1
DA:44,1
DA:45,1
DA:46,1
DA:47,1
DA:48,1
DA:63,12
DA:64,12
DA:68,12
DA:69,7
DA:72,12
DA:73,7
DA:75,12
DA:76,12
DA:78,12
DA:79,12
DA:80,12
DA:81,12
DA:82,12
DA:84,12
DA:86,12
DA:87,7
DA:90,12
DA:91,12
DA:92,12
DA:93,12
DA:94,12
DA:95,12
DA:96,12
DA:97,12
DA:99,12
DA:100,12
DA:102,12
DA:103,4
DA:104,4
DA:105,4
DA:106,4
DA:108,4
DA:112,12
DA:113,1
DA:114,1
DA:115,1
DA:116,1
DA:118,1
DA:122,12
DA:123,0
DA:126,12
DA:127,0
DA:135,12
DA:156,12
DA:224,0
DA:226,12
DA:266,0
DA:268,12
DA:326,12
DA:360,1
LF:59
LH:55
BRDA:79,0,0,10
BRDA:79,0,1,2
BRDA:80,1,0,10
BRDA:80,1,1,2
BRDA:81,2,0,10
BRDA:81,2,1,2
BRDA:82,3,0,10
BRDA:82,3,1,2
BRDA:84,4,0,2
BRDA:84,4,1,10
BRDA:103,5,0,0
BRDA:103,5,1,4
BRDA:113,6,0,0
BRDA:113,6,1,1
BRDA:126,7,0,0
BRDA:126,7,1,12
BRDA:130,8,0,0
BRDA:130,8,1,0
BRDA:140,9,0,10
BRDA:140,9,1,2
BRDA:158,10,0,10
BRDA:158,10,1,2
BRDA:159,11,0,12
BRDA:159,11,1,0
BRDA:203,12,0,10
BRDA:203,12,1,2
BRDA:204,13,0,10
BRDA:204,13,1,2
BRDA:233,14,0,12
BRDA:233,14,1,0
BRDA:234,15,0,12
BRDA:234,15,1,0
BRDA:234,15,2,0
BRDA:275,16,0,12
BRDA:275,16,1,0
BRDA:276,17,0,12
BRDA:276,17,1,0
BRDA:276,17,2,0
BRDA:329,18,0,10
BRDA:329,18,1,2
BRDA:333,19,0,12
BRDA:333,19,1,12
BRDA:333,19,2,4
BRDA:337,20,0,4
BRDA:337,20,1,8
BRDA:339,21,0,3
BRDA:339,21,1,1
BRDA:347,22,0,7
BRDA:347,22,1,1
BRF:49
BRH:37
end_of_record
TN:
SF:src\presentation\screens\MainAppScreen.tsx
FN:24,MainAppScreen
FN:34,(anonymous_1)
FN:38,(anonymous_2)
FN:60,(anonymous_3)
FNF:4
FNH:4
FNDA:4,MainAppScreen
FNDA:3,(anonymous_1)
FNDA:1,(anonymous_2)
FNDA:4,(anonymous_3)
DA:16,1
DA:17,1
DA:18,1
DA:25,4
DA:26,4
DA:27,4
DA:28,4
DA:30,4
DA:31,4
DA:32,4
DA:34,4
DA:35,3
DA:38,4
DA:39,1
DA:40,1
DA:41,1
DA:42,1
DA:44,1
DA:48,4
DA:60,4
DA:106,1
LF:21
LH:21
BRDA:31,0,0,3
BRDA:31,0,1,1
BRDA:39,1,0,0
BRDA:39,1,1,1
BRDA:63,2,0,4
BRDA:63,2,1,0
BRDA:101,3,0,1
BRDA:101,3,1,3
BRF:8
BRH:6
end_of_record
TN:
SF:src\presentation\screens\VisualComfortOnboardingScreen.tsx
FN:42,CheckBadgeOnLight
FN:53,CheckBadgeOnDark
FN:88,VisualComfortOnboardingScreen
FN:105,(anonymous_3)
FN:109,(anonymous_4)
FN:180,(anonymous_5)
FN:181,(anonymous_6)
FN:222,(anonymous_7)
FN:223,(anonymous_8)
FN:278,(anonymous_9)
FNF:10
FNH:9
FNDA:11,CheckBadgeOnLight
FNDA:2,CheckBadgeOnDark
FNDA:13,VisualComfortOnboardingScreen
FNDA:8,(anonymous_3)
FNDA:5,(anonymous_4)
FNDA:0,(anonymous_5)
FNDA:13,(anonymous_6)
FNDA:1,(anonymous_7)
FNDA:13,(anonymous_8)
FNDA:13,(anonymous_9)
DA:31,1
DA:33,1
DA:34,1
DA:35,1
DA:36,1
DA:37,1
DA:39,1
DA:40,1
DA:43,11
DA:54,2
DA:64,1
DA:92,13
DA:93,13
DA:97,13
DA:98,13
DA:99,13
DA:101,13
DA:103,13
DA:105,13
DA:106,8
DA:109,13
DA:110,5
DA:111,5
DA:112,5
DA:113,5
DA:115,5
DA:119,13
DA:120,0
DA:128,13
DA:180,0
DA:181,13
DA:222,1
DA:223,13
DA:278,13
DA:299,1
LF:35
LH:33
BRDA:101,0,0,2
BRDA:101,0,1,11
BRDA:103,1,0,2
BRDA:103,1,1,11
BRDA:110,2,0,0
BRDA:110,2,1,5
BRDA:119,3,0,0
BRDA:119,3,1,13
BRDA:133,4,0,2
BRDA:133,4,1,11
BRDA:184,5,0,11
BRDA:184,5,1,2
BRDA:187,6,0,13
BRDA:187,6,1,0
BRDA:194,7,0,11
BRDA:194,7,1,2
BRDA:226,8,0,2
BRDA:226,8,1,11
BRDA:229,9,0,13
BRDA:229,9,1,0
BRDA:236,10,0,2
BRDA:236,10,1,11
BRDA:281,11,0,13
BRDA:281,11,1,13
BRDA:281,11,2,5
BRDA:285,12,0,5
BRDA:285,12,1,8
BRF:27
BRH:23
end_of_record
TN:
SF:src\presentation\screens\WelcomeScreen.tsx
FN:52,WelcomeScreen
FN:88,(anonymous_1)
FN:94,(anonymous_2)
FN:104,(anonymous_3)
FN:162,(anonymous_4)
FN:220,(anonymous_5)
FN:247,(anonymous_6)
FN:279,(anonymous_7)
FNF:8
FNH:8
FNDA:8,WelcomeScreen
FNDA:4,(anonymous_1)
FNDA:3,(anonymous_2)
FNDA:1,(anonymous_3)
FNDA:8,(anonymous_4)
FNDA:8,(anonymous_5)
FNDA:8,(anonymous_6)
FNDA:8,(anonymous_7)
DA:33,1
DA:34,1
DA:36,1
DA:37,1
DA:38,1
DA:39,1
DA:40,1
DA:42,1
DA:44,1
DA:57,8
DA:58,8
DA:59,8
DA:60,8
DA:64,8
DA:65,8
DA:67,8
DA:68,8
DA:69,8
DA:71,8
DA:72,8
DA:76,8
DA:77,8
DA:78,8
DA:80,8
DA:81,8
DA:82,8
DA:83,8
DA:84,8
DA:85,8
DA:86,8
DA:88,8
DA:89,4
DA:94,8
DA:95,3
DA:96,3
DA:97,3
DA:98,3
DA:100,3
DA:104,8
DA:105,1
DA:106,1
DA:107,1
DA:108,1
DA:110,1
DA:114,8
DA:115,0
DA:123,8
DA:162,8
DA:220,8
DA:247,8
DA:279,8
DA:319,1
LF:52
LH:51
BRDA:68,0,0,6
BRDA:68,0,1,2
BRDA:69,1,0,6
BRDA:69,1,1,2
BRDA:80,2,0,6
BRDA:80,2,1,2
BRDA:81,3,0,6
BRDA:81,3,1,2
BRDA:82,4,0,6
BRDA:82,4,1,2
BRDA:84,5,0,6
BRDA:84,5,1,2
BRDA:85,6,0,6
BRDA:85,6,1,2
BRDA:90,7,0,3
BRDA:90,7,1,1
BRDA:95,8,0,0
BRDA:95,8,1,3
BRDA:105,9,0,0
BRDA:105,9,1,1
BRDA:105,10,0,1
BRDA:105,10,1,1
BRDA:114,11,0,0
BRDA:114,11,1,8
BRDA:118,12,0,0
BRDA:118,12,1,0
BRDA:128,13,0,6
BRDA:128,13,1,2
BRDA:140,14,0,2
BRDA:140,14,1,6
BRDA:144,15,0,6
BRDA:144,15,1,2
BRDA:145,16,0,6
BRDA:145,16,1,2
BRDA:150,17,0,6
BRDA:150,17,1,2
BRDA:161,18,0,8
BRDA:161,18,1,7
BRDA:165,19,0,6
BRDA:165,19,1,2
BRDA:166,20,0,6
BRDA:166,20,1,2
BRDA:167,21,0,6
BRDA:167,21,1,2
BRDA:169,22,0,8
BRDA:169,22,1,0
BRDA:226,23,0,0
BRDA:226,23,1,8
BRDA:226,24,0,8
BRDA:226,24,1,0
BRDA:254,25,0,2
BRDA:254,25,1,6
BRDA:255,26,0,8
BRDA:255,26,1,6
BRDA:256,27,0,0
BRDA:256,27,1,8
BRDA:256,28,0,8
BRDA:256,28,1,0
BRDA:281,29,0,8
BRDA:281,29,1,0
BRDA:281,29,2,0
BRDA:301,30,0,3
BRDA:301,30,1,5
BRDA:305,31,0,2
BRDA:305,31,1,1
BRDA:311,32,0,2
BRDA:311,32,1,1
BRF:67
BRH:55
end_of_record
TN:
SF:src\presentation\theme\FontScaleContext.tsx
FN:9,FontScaleProvider
FN:20,useFontScaleMultiplier
FNF:2
FNH:2
FNDA:21,FontScaleProvider
FNDA:12,useFontScaleMultiplier
DA:7,1
DA:13,21
DA:21,12
LF:3
LH:3
BRF:0
BRH:0
end_of_record
TN:
SF:src\presentation\theme\ThemeContext.tsx
FN:20,ThemeProvider
FN:34,useAppTheme
FNF:2
FNH:2
FNDA:21,ThemeProvider
FNDA:12,useAppTheme
DA:18,1
DA:24,21
DA:29,21
DA:35,12
DA:36,12
DA:37,0
DA:39,12
LF:7
LH:6
BRDA:36,0,0,0
BRDA:36,0,1,12
BRF:2
BRH:1
end_of_record
TN:
SF:src\presentation\theme\themePalette.ts
FN:22,createThemePalette
FNF:1
FNH:1
FNDA:41,createThemePalette
DA:14,1
DA:16,1
DA:18,1
DA:20,1
DA:23,41
DA:24,6
DA:35,35
LF:7
LH:7
BRDA:23,0,0,6
BRDA:23,0,1,35
BRF:2
BRH:2
end_of_record
